Using pre-set license
Built from '6000.0/release' branch; Version is '6000.0.46f1 (fb93bc360d3a) revision 16487356'; Using compiler version '193933523'; Build Type 'Release'
OS: 'Windows 11  (10.0.26100) 64bit Professional' Language: 'en' Physical Memory: 32693 MB
BatchMode: 1, IsHumanControllingUs: 0, StartBugReporterOnCrash: 0, Is64bit: 1, IsPro: 1

COMMAND LINE ARGUMENTS:
C:\Program Files\Unity\Hub\Editor\6000.0.46f1\Editor\Unity.exe
-adb2
-batchMode
-noUpm
-name
AssetImportWorker0
-projectPath
C:/Users/compu/git/unity-game/sci-tactics
-logFile
Logs/AssetImportWorker0.log
-srvPort
60202
-job-worker-count
11
-background-job-worker-count
8
-gc-helper-count
1
Successfully changed project path to: C:/Users/compu/git/unity-game/sci-tactics
C:/Users/compu/git/unity-game/sci-tactics
[UnityMemory] Configuration Parameters - Can be set up in boot.config
    "memorysetup-bucket-allocator-granularity=16"
    "memorysetup-bucket-allocator-bucket-count=8"
    "memorysetup-bucket-allocator-block-size=33554432"
    "memorysetup-bucket-allocator-block-count=8"
    "memorysetup-main-allocator-block-size=16777216"
    "memorysetup-thread-allocator-block-size=16777216"
    "memorysetup-gfx-main-allocator-block-size=16777216"
    "memorysetup-gfx-thread-allocator-block-size=16777216"
    "memorysetup-cache-allocator-block-size=4194304"
    "memorysetup-typetree-allocator-block-size=2097152"
    "memorysetup-profiler-bucket-allocator-granularity=16"
    "memorysetup-profiler-bucket-allocator-bucket-count=8"
    "memorysetup-profiler-bucket-allocator-block-size=33554432"
    "memorysetup-profiler-bucket-allocator-block-count=8"
    "memorysetup-profiler-allocator-block-size=16777216"
    "memorysetup-profiler-editor-allocator-block-size=1048576"
    "memorysetup-temp-allocator-size-main=16777216"
    "memorysetup-job-temp-allocator-block-size=2097152"
    "memorysetup-job-temp-allocator-block-size-background=1048576"
    "memorysetup-job-temp-allocator-reduction-small-platforms=262144"
    "memorysetup-allocator-temp-initial-block-size-main=262144"
    "memorysetup-allocator-temp-initial-block-size-worker=262144"
    "memorysetup-temp-allocator-size-background-worker=32768"
    "memorysetup-temp-allocator-size-job-worker=262144"
    "memorysetup-temp-allocator-size-preload-manager=33554432"
    "memorysetup-temp-allocator-size-nav-mesh-worker=65536"
    "memorysetup-temp-allocator-size-audio-worker=65536"
    "memorysetup-temp-allocator-size-cloud-worker=32768"
    "memorysetup-temp-allocator-size-gi-baking-worker=262144"
    "memorysetup-temp-allocator-size-gi-baking-worker=262144"
    "memorysetup-temp-allocator-size-gi-baking-worker=262144"
    "memorysetup-temp-allocator-size-gi-baking-worker=262144"
    "memorysetup-temp-allocator-size-gi-baking-worker=262144"
    "memorysetup-temp-allocator-size-gfx=262144"
Player connection [14388]  Target information:

Player connection [14388]  * "[IP] 192.168.0.33 [Port] 0 [Flags] 2 [Guid] 3211425761 [EditorId] 3211425761 [Version] 1048832 [Id] WindowsEditor(7,wet-again) [Debug] 1 [PackageName] WindowsEditor [ProjectName] Editor" 

Player connection [14388]  * "[IP] 192.168.0.39 [Port] 0 [Flags] 2 [Guid] 3211425761 [EditorId] 3211425761 [Version] 1048832 [Id] WindowsEditor(7,wet-again) [Debug] 1 [PackageName] WindowsEditor [ProjectName] Editor" 

Player connection [14388] Host joined multi-casting on [225.0.0.222:54997]...
Player connection [14388] Host joined alternative multi-casting on [225.0.0.222:34997]...
JobSystem: Creating JobQueue using job-worker-count value 11
Input System module state changed to: Initialized.
[Physics::Module] Initialized fallback backend.
[Physics::Module] Id: 0xdecafbad
Library Redirect Path: Library/
[Physics::Module] Selected backend.
[Physics::Module] Name: PhysX
[Physics::Module] Id: 0xf2b8ea05
[Physics::Module] SDK Version: 4.1.2
[Physics::Module] Integration Version: 1.0.0
[Physics::Module] Threading Mode: Multi-Threaded
Refreshing native plugins compatible for Editor in 2.09 ms, found 3 plugins.
Preloading 0 native plugins for Editor in 0.00 ms.
Initialize engine version: 6000.0.46f1 (fb93bc360d3a)
[Subsystems] Discovering subsystems at path C:/Program Files/Unity/Hub/Editor/6000.0.46f1/Editor/Data/Resources/UnitySubsystems
[Subsystems] Discovering subsystems at path C:/Users/compu/git/unity-game/sci-tactics/Assets
GfxDevice: creating device client; kGfxThreadingModeNonThreaded
Direct3D:
    Version:  Direct3D 11.0 [level 11.1]
    Renderer: NVIDIA GeForce RTX 4060 (ID=0x2882)
    Vendor:   NVIDIA
    VRAM:     7957 MB
    Driver:   32.0.15.7260
Initialize mono
Mono path[0] = 'C:/Program Files/Unity/Hub/Editor/6000.0.46f1/Editor/Data/Managed'
Mono path[1] = 'C:/Program Files/Unity/Hub/Editor/6000.0.46f1/Editor/Data/MonoBleedingEdge/lib/mono/unityjit-win32'
Mono config path = 'C:/Program Files/Unity/Hub/Editor/6000.0.46f1/Editor/Data/MonoBleedingEdge/etc'
Using monoOptions --debugger-agent=transport=dt_socket,embedding=1,server=y,suspend=n,address=127.0.0.1:56540
Begin MonoManager ReloadAssembly
Registering precompiled unity dll's ...
Register platform support module: C:/Program Files/Unity/Hub/Editor/6000.0.46f1/Editor/Data/PlaybackEngines/WebGLSupport/UnityEditor.WebGL.Extensions.dll
Register platform support module: C:/Program Files/Unity/Hub/Editor/6000.0.46f1/Editor/Data/PlaybackEngines/WindowsStandaloneSupport/UnityEditor.WindowsStandalone.Extensions.dll
Registered in 0.005247 seconds.
- Loaded All Assemblies, in  0.415 seconds
Native extension for WindowsStandalone target not found
Native extension for WebGL target not found
Mono: successfully reloaded assembly
- Finished resetting the current domain, in  0.354 seconds
Domain Reload Profiling: 766ms
	BeginReloadAssembly (132ms)
		ExecutionOrderSort (0ms)
		DisableScriptedObjects (0ms)
		BackupInstance (0ms)
		ReleaseScriptingObjects (0ms)
		CreateAndSetChildDomain (1ms)
	RebuildCommonClasses (41ms)
	RebuildNativeTypeToScriptingClass (13ms)
	initialDomainReloadingComplete (54ms)
	LoadAllAssembliesAndSetupDomain (171ms)
		LoadAssemblies (129ms)
		RebuildTransferFunctionScriptingTraits (0ms)
		AnalyzeDomain (168ms)
			TypeCache.Refresh (166ms)
				TypeCache.ScanAssembly (153ms)
			BuildScriptInfoCaches (0ms)
			ResolveRequiredComponents (0ms)
	FinalizeReload (354ms)
		ReleaseScriptCaches (0ms)
		RebuildScriptCaches (0ms)
		SetupLoadedEditorAssemblies (307ms)
			LogAssemblyErrors (0ms)
			InitializePlatformSupportModulesInManaged (25ms)
			SetLoadedEditorAssemblies (5ms)
			BeforeProcessingInitializeOnLoad (56ms)
			ProcessInitializeOnLoadAttributes (165ms)
			ProcessInitializeOnLoadMethodAttributes (55ms)
			AfterProcessingInitializeOnLoad (0ms)
			EditorAssembliesLoaded (0ms)
		ExecutionOrderSort2 (0ms)
		AwakeInstancesAfterBackupRestoration (0ms)
========================================================================
Worker process is ready to serve import requests
Import Worker Mode flag is 0x00
Begin MonoManager ReloadAssembly
- Loaded All Assemblies, in  0.817 seconds
Refreshing native plugins compatible for Editor in 1.51 ms, found 3 plugins.
Native extension for WindowsStandalone target not found
Native extension for WebGL target not found
Mono: successfully reloaded assembly
- Finished resetting the current domain, in  0.896 seconds
Domain Reload Profiling: 1707ms
	BeginReloadAssembly (169ms)
		ExecutionOrderSort (0ms)
		DisableScriptedObjects (6ms)
		BackupInstance (0ms)
		ReleaseScriptingObjects (0ms)
		CreateAndSetChildDomain (33ms)
	RebuildCommonClasses (39ms)
	RebuildNativeTypeToScriptingClass (12ms)
	initialDomainReloadingComplete (43ms)
	LoadAllAssembliesAndSetupDomain (548ms)
		LoadAssemblies (375ms)
		RebuildTransferFunctionScriptingTraits (0ms)
		AnalyzeDomain (267ms)
			TypeCache.Refresh (197ms)
				TypeCache.ScanAssembly (180ms)
			BuildScriptInfoCaches (53ms)
			ResolveRequiredComponents (11ms)
	FinalizeReload (896ms)
		ReleaseScriptCaches (0ms)
		RebuildScriptCaches (0ms)
		SetupLoadedEditorAssemblies (695ms)
			LogAssemblyErrors (0ms)
			InitializePlatformSupportModulesInManaged (3ms)
			SetLoadedEditorAssemblies (5ms)
			BeforeProcessingInitializeOnLoad (129ms)
			ProcessInitializeOnLoadAttributes (436ms)
			ProcessInitializeOnLoadMethodAttributes (113ms)
			AfterProcessingInitializeOnLoad (8ms)
			EditorAssembliesLoaded (0ms)
		ExecutionOrderSort2 (0ms)
		AwakeInstancesAfterBackupRestoration (7ms)
Launched and connected shader compiler UnityShaderCompiler.exe after 0.02 seconds
Refreshing native plugins compatible for Editor in 2.28 ms, found 3 plugins.
Preloading 0 native plugins for Editor in 0.00 ms.
Unloading 200 Unused Serialized files (Serialized files now loaded: 0)
Unloading 6149 unused Assets / (5.9 MB). Loaded Objects now: 6806.
Memory consumption went from 162.9 MB to 157.0 MB.
Total: 19.220500 ms (FindLiveObjects: 1.566900 ms CreateObjectMapping: 1.021300 ms MarkObjects: 9.641400 ms  DeleteObjects: 6.987100 ms)

========================================================================
Received Import Request.
  Time since last request: 181289.674156 seconds.
  path: Assets/techdemo-Assets
  artifactKey: Guid(2d7b2b1f8c22b3a48bf481a2b17962c0) Importer(815301076,1909f56bfc062723c751e8b465ee728b)
Start importing Assets/techdemo-Assets using Guid(2d7b2b1f8c22b3a48bf481a2b17962c0) Importer(815301076,1909f56bfc062723c751e8b465ee728b) (PreviewImporter) -> (artifact id: '2f26975302c7eaa275fb2dbccdea1adf') in 0.0083197 seconds
Number of updated asset objects reloaded before import = 0Number of asset objects unloaded after import = 0

========================================================================
Received Import Request.
  Time since last request: 3.816772 seconds.
  path: Assets/techdemo-Assets/Tilemap/IsometricZAsY/Tilemaps
  artifactKey: Guid(6aa03fe6e31678b489ffa3745d53504e) Importer(815301076,1909f56bfc062723c751e8b465ee728b)
Start importing Assets/techdemo-Assets/Tilemap/IsometricZAsY/Tilemaps using Guid(6aa03fe6e31678b489ffa3745d53504e) Importer(815301076,1909f56bfc062723c751e8b465ee728b) (PreviewImporter) -> (artifact id: '282a4e5167171df32e44d47377f38cad') in 0.0006499 seconds
Number of updated asset objects reloaded before import = 0Number of asset objects unloaded after import = 0

========================================================================
Received Import Request.
  Time since last request: 0.754243 seconds.
  path: Assets/techdemo-Assets/Tilemap/IsometricZAsY/Tilemaps/Isometric
  artifactKey: Guid(96a13ebf9459212459d1f149aa133c19) Importer(815301076,1909f56bfc062723c751e8b465ee728b)
Start importing Assets/techdemo-Assets/Tilemap/IsometricZAsY/Tilemaps/Isometric using Guid(96a13ebf9459212459d1f149aa133c19) Importer(815301076,1909f56bfc062723c751e8b465ee728b) (PreviewImporter) -> (artifact id: '4dd8de1510f4f1225313ce8caf890a72') in 0.0006068 seconds
Number of updated asset objects reloaded before import = 0Number of asset objects unloaded after import = 0

========================================================================
Received Prepare
Begin MonoManager ReloadAssembly
- Loaded All Assemblies, in  1.055 seconds
Refreshing native plugins compatible for Editor in 2.02 ms, found 3 plugins.
Assertion failed on expression: 'pred(*previous, *i)'
Assertion failed on expression: 'pred(*previous, *i)'
Assertion failed on expression: 'pred(*previous, *i)'
Assertion failed on expression: 'pred(*previous, *i)'
Assertion failed on expression: 'pred(*previous, *i)'
Assertion failed on expression: 'pred(*previous, *i)'
Assertion failed on expression: 'pred(*previous, *i)'
Assertion failed on expression: 'pred(*previous, *i)'
Assertion failed on expression: 'pred(*previous, *i)'
Assertion failed on expression: 'pred(*previous, *i)'
Assertion failed on expression: 'pred(*previous, *i)'
Assertion failed on expression: 'pred(*previous, *i)'
Assertion failed on expression: 'pred(*previous, *i)'
Assertion failed on expression: 'pred(*previous, *i)'
Native extension for WindowsStandalone target not found
Native extension for WebGL target not found
Mono: successfully reloaded assembly
- Finished resetting the current domain, in  0.942 seconds
Domain Reload Profiling: 1991ms
	BeginReloadAssembly (288ms)
		ExecutionOrderSort (0ms)
		DisableScriptedObjects (11ms)
		BackupInstance (0ms)
		ReleaseScriptingObjects (0ms)
		CreateAndSetChildDomain (72ms)
	RebuildCommonClasses (52ms)
	RebuildNativeTypeToScriptingClass (19ms)
	initialDomainReloadingComplete (45ms)
	LoadAllAssembliesAndSetupDomain (645ms)
		LoadAssemblies (512ms)
		RebuildTransferFunctionScriptingTraits (0ms)
		AnalyzeDomain (277ms)
			TypeCache.Refresh (9ms)
				TypeCache.ScanAssembly (0ms)
			BuildScriptInfoCaches (246ms)
			ResolveRequiredComponents (17ms)
	FinalizeReload (943ms)
		ReleaseScriptCaches (0ms)
		RebuildScriptCaches (0ms)
		SetupLoadedEditorAssemblies (682ms)
			LogAssemblyErrors (0ms)
			InitializePlatformSupportModulesInManaged (4ms)
			SetLoadedEditorAssemblies (7ms)
			BeforeProcessingInitializeOnLoad (145ms)
			ProcessInitializeOnLoadAttributes (441ms)
			ProcessInitializeOnLoadMethodAttributes (74ms)
			AfterProcessingInitializeOnLoad (10ms)
			EditorAssembliesLoaded (0ms)
		ExecutionOrderSort2 (0ms)
		AwakeInstancesAfterBackupRestoration (16ms)
Refreshing native plugins compatible for Editor in 2.23 ms, found 3 plugins.
Preloading 0 native plugins for Editor in 0.00 ms.
Unloading 42 Unused Serialized files (Serialized files now loaded: 0)
Unloading 6147 unused Assets / (5.7 MB). Loaded Objects now: 6823.
Memory consumption went from 151.1 MB to 145.4 MB.
Total: 19.190800 ms (FindLiveObjects: 1.508700 ms CreateObjectMapping: 0.821900 ms MarkObjects: 9.152300 ms  DeleteObjects: 7.706000 ms)

Prepare: number of updated asset objects reloaded= 0
========================================================================
Received Import Request.
  Time since last request: 70.011737 seconds.
  path: Assets/techdemo-Assets/Tilemap/Brushes/Random Brush
  artifactKey: Guid(8dee42ba30f712246852f41830cedbef) Importer(815301076,1909f56bfc062723c751e8b465ee728b)
Start importing Assets/techdemo-Assets/Tilemap/Brushes/Random Brush using Guid(8dee42ba30f712246852f41830cedbef) Importer(815301076,1909f56bfc062723c751e8b465ee728b) (PreviewImporter) -> (artifact id: '1caee47af704bb19894f6a36c779b061') in 0.0071346 seconds
Number of updated asset objects reloaded before import = 0Number of asset objects unloaded after import = 0

========================================================================
Received Import Request.
  Time since last request: 3.400413 seconds.
  path: Assets/techdemo-Assets/Tilemap/Brushes/Random Brush/Brush Asset
  artifactKey: Guid(0330a14c64526d240a597f79d362dd39) Importer(815301076,1909f56bfc062723c751e8b465ee728b)
Start importing Assets/techdemo-Assets/Tilemap/Brushes/Random Brush/Brush Asset using Guid(0330a14c64526d240a597f79d362dd39) Importer(815301076,1909f56bfc062723c751e8b465ee728b) (PreviewImporter) -> (artifact id: '94ad41c5f5b62fd5d42ebbaa943ecd90') in 0.0006558 seconds
Number of updated asset objects reloaded before import = 0Number of asset objects unloaded after import = 0

========================================================================
Received Import Request.
  Time since last request: 0.064919 seconds.
  path: Assets/techdemo-Assets/Tilemap/Brushes/Random Brush/Brush Asset/Random Plant Brush.asset
  artifactKey: Guid(022cbbc8e3884e449af27a1cbdbb46a6) Importer(815301076,1909f56bfc062723c751e8b465ee728b)
Start importing Assets/techdemo-Assets/Tilemap/Brushes/Random Brush/Brush Asset/Random Plant Brush.asset using Guid(022cbbc8e3884e449af27a1cbdbb46a6) Importer(815301076,1909f56bfc062723c751e8b465ee728b) (PreviewImporter) -> (artifact id: '626e7e86f7063a5ffecad621aaa4e1fa') in 0.5496475 seconds
Number of updated asset objects reloaded before import = 0Number of asset objects unloaded after import = 24

========================================================================
Received Import Request.
  Time since last request: 5.643689 seconds.
  path: Assets/techdemo-Assets/Tilemap/Brushes/Random Brush/Sprites
  artifactKey: Guid(8ae0a42449d648b48900f74b5a195e6d) Importer(815301076,1909f56bfc062723c751e8b465ee728b)
Start importing Assets/techdemo-Assets/Tilemap/Brushes/Random Brush/Sprites using Guid(8ae0a42449d648b48900f74b5a195e6d) Importer(815301076,1909f56bfc062723c751e8b465ee728b) (PreviewImporter) -> (artifact id: '111396be8bfa904d52f532826e13c931') in 0.0008125 seconds
Number of updated asset objects reloaded before import = 0Number of asset objects unloaded after import = 0

========================================================================
Received Import Request.
  Time since last request: 0.914389 seconds.
  path: Assets/techdemo-Assets/Tilemap/Brushes/Random Brush/Tile Asset
  artifactKey: Guid(7eb43cc6ca4ff9a42b2398ef0fdd3b00) Importer(815301076,1909f56bfc062723c751e8b465ee728b)
Start importing Assets/techdemo-Assets/Tilemap/Brushes/Random Brush/Tile Asset using Guid(7eb43cc6ca4ff9a42b2398ef0fdd3b00) Importer(815301076,1909f56bfc062723c751e8b465ee728b) (PreviewImporter) -> (artifact id: '6bcc6c08f3480de59031a4f6247c640b') in 0.0006897 seconds
Number of updated asset objects reloaded before import = 0Number of asset objects unloaded after import = 0

========================================================================
Received Import Request.
  Time since last request: 0.018919 seconds.
  path: Assets/techdemo-Assets/Tilemap/Brushes/Random Brush/Tile Asset/TempleCarved_0.asset
  artifactKey: Guid(ff5f7969ca815e14eac7883c200e07af) Importer(815301076,1909f56bfc062723c751e8b465ee728b)
Start importing Assets/techdemo-Assets/Tilemap/Brushes/Random Brush/Tile Asset/TempleCarved_0.asset using Guid(ff5f7969ca815e14eac7883c200e07af) Importer(815301076,1909f56bfc062723c751e8b465ee728b) (PreviewImporter) -> (artifact id: 'a54867bf556f098a55b10edbd5479e33') in 0.1004148 seconds
Number of updated asset objects reloaded before import = 0Number of asset objects unloaded after import = 3

========================================================================
Received Import Request.
  Time since last request: 0.000035 seconds.
  path: Assets/techdemo-Assets/Tilemap/Brushes/Random Brush/Tile Asset/TemplePlants_4.asset
  artifactKey: Guid(018ab1c61fb31fd4d8cb3a8405c65fee) Importer(815301076,1909f56bfc062723c751e8b465ee728b)
Start importing Assets/techdemo-Assets/Tilemap/Brushes/Random Brush/Tile Asset/TemplePlants_4.asset using Guid(018ab1c61fb31fd4d8cb3a8405c65fee) Importer(815301076,1909f56bfc062723c751e8b465ee728b) (PreviewImporter) -> (artifact id: '66c6afb2d11b465560e082b6f97c2646') in 0.020177 seconds
Number of updated asset objects reloaded before import = 0Number of asset objects unloaded after import = 3

========================================================================
Received Import Request.
  Time since last request: 0.000063 seconds.
  path: Assets/techdemo-Assets/Tilemap/Brushes/Random Brush/Tile Asset/TemplePlants_6.asset
  artifactKey: Guid(3de8c2f1a253bd746b6ea60f72936a15) Importer(815301076,1909f56bfc062723c751e8b465ee728b)
Start importing Assets/techdemo-Assets/Tilemap/Brushes/Random Brush/Tile Asset/TemplePlants_6.asset using Guid(3de8c2f1a253bd746b6ea60f72936a15) Importer(815301076,1909f56bfc062723c751e8b465ee728b) (PreviewImporter) -> (artifact id: 'fb54152d7de1a2c0bbe187ad0a0301b0') in 0.0196896 seconds
Number of updated asset objects reloaded before import = 0Number of asset objects unloaded after import = 3

========================================================================
Received Import Request.
  Time since last request: 0.000046 seconds.
  path: Assets/techdemo-Assets/Tilemap/Brushes/Random Brush/Tile Asset/TemplePlants_2.asset
  artifactKey: Guid(2748e9abf42487044b297db69bfa1d7c) Importer(815301076,1909f56bfc062723c751e8b465ee728b)
Start importing Assets/techdemo-Assets/Tilemap/Brushes/Random Brush/Tile Asset/TemplePlants_2.asset using Guid(2748e9abf42487044b297db69bfa1d7c) Importer(815301076,1909f56bfc062723c751e8b465ee728b) (PreviewImporter) -> (artifact id: 'e154eb8db3021db7877a3c8f4dc8eb07') in 0.0183759 seconds
Number of updated asset objects reloaded before import = 0Number of asset objects unloaded after import = 3

========================================================================
Received Import Request.
  Time since last request: 0.000046 seconds.
  path: Assets/techdemo-Assets/Tilemap/Brushes/Random Brush/Tile Asset/TemplePlants_10.asset
  artifactKey: Guid(d8b12a476c2a84b4692adc51a60fc5b4) Importer(815301076,1909f56bfc062723c751e8b465ee728b)
Start importing Assets/techdemo-Assets/Tilemap/Brushes/Random Brush/Tile Asset/TemplePlants_10.asset using Guid(d8b12a476c2a84b4692adc51a60fc5b4) Importer(815301076,1909f56bfc062723c751e8b465ee728b) (PreviewImporter) -> (artifact id: 'ec2640e4bf39d3ce86f975bd7e4ba333') in 0.018991 seconds
Number of updated asset objects reloaded before import = 0Number of asset objects unloaded after import = 3

========================================================================
Received Import Request.
  Time since last request: 0.000046 seconds.
  path: Assets/techdemo-Assets/Tilemap/Brushes/Random Brush/Tile Asset/TemplePlants_7.asset
  artifactKey: Guid(948a3d70b8fb4b6459ddfc83cd3d598c) Importer(815301076,1909f56bfc062723c751e8b465ee728b)
Start importing Assets/techdemo-Assets/Tilemap/Brushes/Random Brush/Tile Asset/TemplePlants_7.asset using Guid(948a3d70b8fb4b6459ddfc83cd3d598c) Importer(815301076,1909f56bfc062723c751e8b465ee728b) (PreviewImporter) -> (artifact id: '06e9ab830c2ffe9d6d478c22687ecb09') in 0.0224239 seconds
Number of updated asset objects reloaded before import = 0Number of asset objects unloaded after import = 3

========================================================================
Received Import Request.
  Time since last request: 0.000032 seconds.
  path: Assets/techdemo-Assets/Tilemap/Brushes/Random Brush/Tile Asset/TemplePlants_9.asset
  artifactKey: Guid(39a72bc8509c04043842f2f0d00c8804) Importer(815301076,1909f56bfc062723c751e8b465ee728b)
Start importing Assets/techdemo-Assets/Tilemap/Brushes/Random Brush/Tile Asset/TemplePlants_9.asset using Guid(39a72bc8509c04043842f2f0d00c8804) Importer(815301076,1909f56bfc062723c751e8b465ee728b) (PreviewImporter) -> (artifact id: '1510c21308075bc51af06e3e0f3a600b') in 0.016454 seconds
Number of updated asset objects reloaded before import = 0Number of asset objects unloaded after import = 3

========================================================================
Received Import Request.
  Time since last request: 0.000044 seconds.
  path: Assets/techdemo-Assets/Tilemap/Brushes/Random Brush/Tile Asset/TemplePlants_8.asset
  artifactKey: Guid(e96fabaef86d1d1448a8c90694b68326) Importer(815301076,1909f56bfc062723c751e8b465ee728b)
Start importing Assets/techdemo-Assets/Tilemap/Brushes/Random Brush/Tile Asset/TemplePlants_8.asset using Guid(e96fabaef86d1d1448a8c90694b68326) Importer(815301076,1909f56bfc062723c751e8b465ee728b) (PreviewImporter) -> (artifact id: 'c523bc2bc3b9330f3b95471661ed24b3') in 0.018534 seconds
Number of updated asset objects reloaded before import = 0Number of asset objects unloaded after import = 3

========================================================================
Received Import Request.
  Time since last request: 54.780001 seconds.
  path: Assets/techdemo-Assets/Tilemap/Brushes/Prefab Brush/Example Prefab Random Brush.asset
  artifactKey: Guid(d70539895a0954a9ab40993e712d9fbd) Importer(815301076,1909f56bfc062723c751e8b465ee728b)
Start importing Assets/techdemo-Assets/Tilemap/Brushes/Prefab Brush/Example Prefab Random Brush.asset using Guid(d70539895a0954a9ab40993e712d9fbd) Importer(815301076,1909f56bfc062723c751e8b465ee728b) (PreviewImporter) -> (artifact id: 'dca08f89a624c88d8ac2ac4171bb1d17') in 0.0017326 seconds
Number of updated asset objects reloaded before import = 0Number of asset objects unloaded after import = 1

========================================================================
Received Prepare
Begin MonoManager ReloadAssembly
- Loaded All Assemblies, in  0.934 seconds
Refreshing native plugins compatible for Editor in 1.49 ms, found 3 plugins.
Assertion failed on expression: 'pred(*previous, *i)'
Assertion failed on expression: 'pred(*previous, *i)'
Assertion failed on expression: 'pred(*previous, *i)'
Assertion failed on expression: 'pred(*previous, *i)'
Assertion failed on expression: 'pred(*previous, *i)'
Assertion failed on expression: 'pred(*previous, *i)'
Assertion failed on expression: 'pred(*previous, *i)'
Assertion failed on expression: 'pred(*previous, *i)'
Assertion failed on expression: 'pred(*previous, *i)'
Assertion failed on expression: 'pred(*previous, *i)'
Assertion failed on expression: 'pred(*previous, *i)'
Assertion failed on expression: 'pred(*previous, *i)'
Assertion failed on expression: 'pred(*previous, *i)'
Assertion failed on expression: 'pred(*previous, *i)'
Native extension for WindowsStandalone target not found
Native extension for WebGL target not found
Mono: successfully reloaded assembly
- Finished resetting the current domain, in  0.880 seconds
Domain Reload Profiling: 1810ms
	BeginReloadAssembly (257ms)
		ExecutionOrderSort (0ms)
		DisableScriptedObjects (22ms)
		BackupInstance (0ms)
		ReleaseScriptingObjects (0ms)
		CreateAndSetChildDomain (72ms)
	RebuildCommonClasses (42ms)
	RebuildNativeTypeToScriptingClass (14ms)
	initialDomainReloadingComplete (36ms)
	LoadAllAssembliesAndSetupDomain (581ms)
		LoadAssemblies (484ms)
		RebuildTransferFunctionScriptingTraits (0ms)
		AnalyzeDomain (208ms)
			TypeCache.Refresh (9ms)
				TypeCache.ScanAssembly (0ms)
			BuildScriptInfoCaches (181ms)
			ResolveRequiredComponents (12ms)
	FinalizeReload (880ms)
		ReleaseScriptCaches (0ms)
		RebuildScriptCaches (0ms)
		SetupLoadedEditorAssemblies (673ms)
			LogAssemblyErrors (0ms)
			InitializePlatformSupportModulesInManaged (3ms)
			SetLoadedEditorAssemblies (6ms)
			BeforeProcessingInitializeOnLoad (142ms)
			ProcessInitializeOnLoadAttributes (433ms)
			ProcessInitializeOnLoadMethodAttributes (77ms)
			AfterProcessingInitializeOnLoad (11ms)
			EditorAssembliesLoaded (0ms)
		ExecutionOrderSort2 (0ms)
		AwakeInstancesAfterBackupRestoration (16ms)
Refreshing native plugins compatible for Editor in 1.94 ms, found 3 plugins.
Preloading 0 native plugins for Editor in 0.00 ms.
Unloading 32 Unused Serialized files (Serialized files now loaded: 0)
Unloading 6147 unused Assets / (5.8 MB). Loaded Objects now: 6864.
Memory consumption went from 166.3 MB to 160.5 MB.
Total: 20.851500 ms (FindLiveObjects: 1.703300 ms CreateObjectMapping: 1.392100 ms MarkObjects: 9.987100 ms  DeleteObjects: 7.767000 ms)

Prepare: number of updated asset objects reloaded= 0
Editor requested this worker to shutdown with reason: Scaling down because of idle timeout
AssetImportWorker is now disconnected from the server
Process exiting
Exiting without the bug reporter. Application will terminate with return code 0