Using pre-set license
Built from '6000.0/release' branch; Version is '6000.0.46f1 (fb93bc360d3a) revision 16487356'; Using compiler version '193933523'; Build Type 'Release'
OS: 'Windows 11  (10.0.26100) 64bit Professional' Language: 'en' Physical Memory: 32693 MB
BatchMode: 1, IsHumanControllingUs: 0, StartBugReporterOnCrash: 0, Is64bit: 1, IsPro: 1

COMMAND LINE ARGUMENTS:
C:\Program Files\Unity\Hub\Editor\6000.0.46f1\Editor\Unity.exe
-adb2
-batchMode
-noUpm
-name
AssetImportWorker19
-projectPath
C:/Users/compu/git/unity-game/sci-tactics
-logFile
Logs/AssetImportWorker19.log
-srvPort
49898
-job-worker-count
11
-background-job-worker-count
8
-gc-helper-count
1
Successfully changed project path to: C:/Users/compu/git/unity-game/sci-tactics
C:/Users/compu/git/unity-game/sci-tactics
[UnityMemory] Configuration Parameters - Can be set up in boot.config
    "memorysetup-bucket-allocator-granularity=16"
    "memorysetup-bucket-allocator-bucket-count=8"
    "memorysetup-bucket-allocator-block-size=33554432"
    "memorysetup-bucket-allocator-block-count=8"
    "memorysetup-main-allocator-block-size=16777216"
    "memorysetup-thread-allocator-block-size=16777216"
    "memorysetup-gfx-main-allocator-block-size=16777216"
    "memorysetup-gfx-thread-allocator-block-size=16777216"
    "memorysetup-cache-allocator-block-size=4194304"
    "memorysetup-typetree-allocator-block-size=2097152"
    "memorysetup-profiler-bucket-allocator-granularity=16"
    "memorysetup-profiler-bucket-allocator-bucket-count=8"
    "memorysetup-profiler-bucket-allocator-block-size=33554432"
    "memorysetup-profiler-bucket-allocator-block-count=8"
    "memorysetup-profiler-allocator-block-size=16777216"
    "memorysetup-profiler-editor-allocator-block-size=1048576"
    "memorysetup-temp-allocator-size-main=16777216"
    "memorysetup-job-temp-allocator-block-size=2097152"
    "memorysetup-job-temp-allocator-block-size-background=1048576"
    "memorysetup-job-temp-allocator-reduction-small-platforms=262144"
    "memorysetup-allocator-temp-initial-block-size-main=262144"
    "memorysetup-allocator-temp-initial-block-size-worker=262144"
    "memorysetup-temp-allocator-size-background-worker=32768"
    "memorysetup-temp-allocator-size-job-worker=262144"
    "memorysetup-temp-allocator-size-preload-manager=33554432"
    "memorysetup-temp-allocator-size-nav-mesh-worker=65536"
    "memorysetup-temp-allocator-size-audio-worker=65536"
    "memorysetup-temp-allocator-size-cloud-worker=32768"
    "memorysetup-temp-allocator-size-gi-baking-worker=262144"
    "memorysetup-temp-allocator-size-gi-baking-worker=262144"
    "memorysetup-temp-allocator-size-gi-baking-worker=262144"
    "memorysetup-temp-allocator-size-gi-baking-worker=262144"
    "memorysetup-temp-allocator-size-gi-baking-worker=262144"
    "memorysetup-temp-allocator-size-gfx=262144"
Player connection [7632]  Target information:

Player connection [7632]  * "[IP] 192.168.0.33 [Port] 0 [Flags] 2 [Guid] 2891468355 [EditorId] 2891468355 [Version] 1048832 [Id] WindowsEditor(7,wet-again) [Debug] 1 [PackageName] WindowsEditor [ProjectName] Editor" 

Player connection [7632]  * "[IP] 192.168.0.39 [Port] 0 [Flags] 2 [Guid] 2891468355 [EditorId] 2891468355 [Version] 1048832 [Id] WindowsEditor(7,wet-again) [Debug] 1 [PackageName] WindowsEditor [ProjectName] Editor" 

Player connection [7632] Host joined multi-casting on [225.0.0.222:54997]...
Player connection [7632] Host joined alternative multi-casting on [225.0.0.222:34997]...
JobSystem: Creating JobQueue using job-worker-count value 11
Input System module state changed to: Initialized.
[Physics::Module] Initialized fallback backend.
[Physics::Module] Id: 0xdecafbad
Library Redirect Path: Library/
[Physics::Module] Selected backend.
[Physics::Module] Name: PhysX
[Physics::Module] Id: 0xf2b8ea05
[Physics::Module] SDK Version: 4.1.2
[Physics::Module] Integration Version: 1.0.0
[Physics::Module] Threading Mode: Multi-Threaded
Refreshing native plugins compatible for Editor in 2.05 ms, found 3 plugins.
Preloading 0 native plugins for Editor in 0.00 ms.
Initialize engine version: 6000.0.46f1 (fb93bc360d3a)
[Subsystems] Discovering subsystems at path C:/Program Files/Unity/Hub/Editor/6000.0.46f1/Editor/Data/Resources/UnitySubsystems
[Subsystems] Discovering subsystems at path C:/Users/compu/git/unity-game/sci-tactics/Assets
GfxDevice: creating device client; kGfxThreadingModeNonThreaded
Direct3D:
    Version:  Direct3D 11.0 [level 11.1]
    Renderer: NVIDIA GeForce RTX 4060 (ID=0x2882)
    Vendor:   NVIDIA
    VRAM:     7957 MB
    Driver:   32.0.15.7260
Initialize mono
Mono path[0] = 'C:/Program Files/Unity/Hub/Editor/6000.0.46f1/Editor/Data/Managed'
Mono path[1] = 'C:/Program Files/Unity/Hub/Editor/6000.0.46f1/Editor/Data/MonoBleedingEdge/lib/mono/unityjit-win32'
Mono config path = 'C:/Program Files/Unity/Hub/Editor/6000.0.46f1/Editor/Data/MonoBleedingEdge/etc'
Using monoOptions --debugger-agent=transport=dt_socket,embedding=1,server=y,suspend=n,address=127.0.0.1:56476
Begin MonoManager ReloadAssembly
Registering precompiled unity dll's ...
Register platform support module: C:/Program Files/Unity/Hub/Editor/6000.0.46f1/Editor/Data/PlaybackEngines/WebGLSupport/UnityEditor.WebGL.Extensions.dll
Register platform support module: C:/Program Files/Unity/Hub/Editor/6000.0.46f1/Editor/Data/PlaybackEngines/WindowsStandaloneSupport/UnityEditor.WindowsStandalone.Extensions.dll
Registered in 0.004750 seconds.
- Loaded All Assemblies, in  0.462 seconds
Native extension for WindowsStandalone target not found
Native extension for WebGL target not found
Mono: successfully reloaded assembly
- Finished resetting the current domain, in  0.418 seconds
Domain Reload Profiling: 876ms
	BeginReloadAssembly (141ms)
		ExecutionOrderSort (0ms)
		DisableScriptedObjects (0ms)
		BackupInstance (0ms)
		ReleaseScriptingObjects (0ms)
		CreateAndSetChildDomain (1ms)
	RebuildCommonClasses (41ms)
	RebuildNativeTypeToScriptingClass (14ms)
	initialDomainReloadingComplete (60ms)
	LoadAllAssembliesAndSetupDomain (202ms)
		LoadAssemblies (137ms)
		RebuildTransferFunctionScriptingTraits (0ms)
		AnalyzeDomain (198ms)
			TypeCache.Refresh (196ms)
				TypeCache.ScanAssembly (181ms)
			BuildScriptInfoCaches (0ms)
			ResolveRequiredComponents (0ms)
	FinalizeReload (418ms)
		ReleaseScriptCaches (0ms)
		RebuildScriptCaches (0ms)
		SetupLoadedEditorAssemblies (363ms)
			LogAssemblyErrors (0ms)
			InitializePlatformSupportModulesInManaged (30ms)
			SetLoadedEditorAssemblies (4ms)
			BeforeProcessingInitializeOnLoad (64ms)
			ProcessInitializeOnLoadAttributes (196ms)
			ProcessInitializeOnLoadMethodAttributes (67ms)
			AfterProcessingInitializeOnLoad (0ms)
			EditorAssembliesLoaded (0ms)
		ExecutionOrderSort2 (0ms)
		AwakeInstancesAfterBackupRestoration (0ms)
========================================================================
Worker process is ready to serve import requests
Import Worker Mode flag is 0x00
Begin MonoManager ReloadAssembly
- Loaded All Assemblies, in  0.906 seconds
Refreshing native plugins compatible for Editor in 1.10 ms, found 3 plugins.
Native extension for WindowsStandalone target not found
Native extension for WebGL target not found
Mono: successfully reloaded assembly
- Finished resetting the current domain, in  0.891 seconds
Domain Reload Profiling: 1788ms
	BeginReloadAssembly (193ms)
		ExecutionOrderSort (0ms)
		DisableScriptedObjects (8ms)
		BackupInstance (0ms)
		ReleaseScriptingObjects (0ms)
		CreateAndSetChildDomain (37ms)
	RebuildCommonClasses (41ms)
	RebuildNativeTypeToScriptingClass (13ms)
	initialDomainReloadingComplete (46ms)
	LoadAllAssembliesAndSetupDomain (603ms)
		LoadAssemblies (434ms)
		RebuildTransferFunctionScriptingTraits (0ms)
		AnalyzeDomain (282ms)
			TypeCache.Refresh (208ms)
				TypeCache.ScanAssembly (188ms)
			BuildScriptInfoCaches (58ms)
			ResolveRequiredComponents (12ms)
	FinalizeReload (891ms)
		ReleaseScriptCaches (0ms)
		RebuildScriptCaches (0ms)
		SetupLoadedEditorAssemblies (707ms)
			LogAssemblyErrors (0ms)
			InitializePlatformSupportModulesInManaged (4ms)
			SetLoadedEditorAssemblies (6ms)
			BeforeProcessingInitializeOnLoad (132ms)
			ProcessInitializeOnLoadAttributes (441ms)
			ProcessInitializeOnLoadMethodAttributes (115ms)
			AfterProcessingInitializeOnLoad (9ms)
			EditorAssembliesLoaded (0ms)
		ExecutionOrderSort2 (0ms)
		AwakeInstancesAfterBackupRestoration (6ms)
Launched and connected shader compiler UnityShaderCompiler.exe after 0.02 seconds
Refreshing native plugins compatible for Editor in 2.32 ms, found 3 plugins.
Preloading 0 native plugins for Editor in 0.00 ms.
Unloading 191 Unused Serialized files (Serialized files now loaded: 0)
Unloading 6147 unused Assets / (5.8 MB). Loaded Objects now: 6770.
Memory consumption went from 157.4 MB to 151.6 MB.
Total: 19.349100 ms (FindLiveObjects: 1.546200 ms CreateObjectMapping: 0.809300 ms MarkObjects: 10.122300 ms  DeleteObjects: 6.869000 ms)

========================================================================
Received Import Request.
  Time since last request: 13151.921842 seconds.
  path: Assets/techdemo-Assets/Tilemap/IsometricZAsY/Tilemaps/Isometric/Sprites/Desert/Decoration/desert-sliced_58.png
  artifactKey: Guid(778c64e443f8c8f4d9ef636747cb6ee8) Importer(2089858483,192608db42251d675da83286b1cce702)
Start importing Assets/techdemo-Assets/Tilemap/IsometricZAsY/Tilemaps/Isometric/Sprites/Desert/Decoration/desert-sliced_58.png using Guid(778c64e443f8c8f4d9ef636747cb6ee8) Importer(2089858483,192608db42251d675da83286b1cce702) (ScriptedImporter) -> (artifact id: 'd904ea5ebcdeb2a6069fc1ca911249e8') in 0.3284404 seconds
Number of updated asset objects reloaded before import = 0Number of asset objects unloaded after import = 3

========================================================================
Received Import Request.
  Time since last request: 0.000038 seconds.
  path: Assets/techdemo-Assets/Tilemap/Destructible/Sprites/explosion.png
  artifactKey: Guid(195d2ebbbf668124ab3fa9932a849bcb) Importer(2089858483,192608db42251d675da83286b1cce702)
Start importing Assets/techdemo-Assets/Tilemap/Destructible/Sprites/explosion.png using Guid(195d2ebbbf668124ab3fa9932a849bcb) Importer(2089858483,192608db42251d675da83286b1cce702) (ScriptedImporter) -> (artifact id: '7b9799a72b3e5b674360055427f1457d') in 0.0408304 seconds
Number of updated asset objects reloaded before import = 0Number of asset objects unloaded after import = 9

========================================================================
Received Import Request.
  Time since last request: 0.000022 seconds.
  path: Assets/techdemo-Assets/Tilemap/Hexagonal/Tiles/Palette/phlosioneer_hex_coastline_53.asset
  artifactKey: Guid(6cb5a50090eade64697097d5b4cd3381) Importer(2089858483,192608db42251d675da83286b1cce702)
Start importing Assets/techdemo-Assets/Tilemap/Hexagonal/Tiles/Palette/phlosioneer_hex_coastline_53.asset using Guid(6cb5a50090eade64697097d5b4cd3381) Importer(2089858483,192608db42251d675da83286b1cce702) (ScriptedImporter) -> (artifact id: '7fa16ebe94824465aa9687316bc29ec9') in 0.0467513 seconds
Number of updated asset objects reloaded before import = 0Number of asset objects unloaded after import = 2

========================================================================
Received Import Request.
  Time since last request: 0.000022 seconds.
  path: Assets/techdemo-Assets/Tilemap/IsometricZAsY/Tilemaps/Isometric/Sprites/Desert/Raised/desert-sliced_38.png
  artifactKey: Guid(3131263726b2e8447adae796ef02ddb5) Importer(2089858483,192608db42251d675da83286b1cce702)
Start importing Assets/techdemo-Assets/Tilemap/IsometricZAsY/Tilemaps/Isometric/Sprites/Desert/Raised/desert-sliced_38.png using Guid(3131263726b2e8447adae796ef02ddb5) Importer(2089858483,192608db42251d675da83286b1cce702) (ScriptedImporter) -> (artifact id: 'ddf1c7a3d93ae7894337153dfe6e7dfa') in 0.0258477 seconds
Number of updated asset objects reloaded before import = 0Number of asset objects unloaded after import = 3

========================================================================
Received Import Request.
  Time since last request: 0.000024 seconds.
  path: Assets/techdemo-Assets/Tilemap/Hexagonal/Tiles/Palette/phlosioneer_hex_coastline_22.asset
  artifactKey: Guid(b96fd7e8dcfb81f4ca179631927c92db) Importer(2089858483,192608db42251d675da83286b1cce702)
Start importing Assets/techdemo-Assets/Tilemap/Hexagonal/Tiles/Palette/phlosioneer_hex_coastline_22.asset using Guid(b96fd7e8dcfb81f4ca179631927c92db) Importer(2089858483,192608db42251d675da83286b1cce702) (ScriptedImporter) -> (artifact id: '57482c3afef50f0da5966a23c042dbca') in 0.0223739 seconds
Number of updated asset objects reloaded before import = 0Number of asset objects unloaded after import = 2

========================================================================
Received Import Request.
  Time since last request: 0.000023 seconds.
  path: Assets/techdemo-Assets/Tilemap/IsometricZAsY/Prefabs/Decorations/Desert/Rock_Purple_Large.prefab
  artifactKey: Guid(f03b714ecc5c721458f27961c794d663) Importer(2089858483,192608db42251d675da83286b1cce702)
Start importing Assets/techdemo-Assets/Tilemap/IsometricZAsY/Prefabs/Decorations/Desert/Rock_Purple_Large.prefab using Guid(f03b714ecc5c721458f27961c794d663) Importer(2089858483,192608db42251d675da83286b1cce702) (ScriptedImporter) -> (artifact id: '416a03206cc869216e7ce5c724a9cad7') in 0.058601 seconds
Number of updated asset objects reloaded before import = 0Number of asset objects unloaded after import = 11

========================================================================
Received Import Request.
  Time since last request: 0.000030 seconds.
  path: Assets/techdemo-Assets/Tilemap/Hexagonal/Tiles/Palette/phlosioneer_hex_coastline_33.asset
  artifactKey: Guid(9cddacc810f8f234e84580b194162513) Importer(2089858483,192608db42251d675da83286b1cce702)
Start importing Assets/techdemo-Assets/Tilemap/Hexagonal/Tiles/Palette/phlosioneer_hex_coastline_33.asset using Guid(9cddacc810f8f234e84580b194162513) Importer(2089858483,192608db42251d675da83286b1cce702) (ScriptedImporter) -> (artifact id: '8f8e86c2af658179fe2f00c583c26392') in 0.0249616 seconds
Number of updated asset objects reloaded before import = 0Number of asset objects unloaded after import = 2

========================================================================
Received Import Request.
  Time since last request: 0.000019 seconds.
  path: Assets/techdemo-Assets/Tilemap/Hexagonal/Tiles/Palette/phlosioneer_hex_coastline_1.asset
  artifactKey: Guid(1e85264348b17504f8bcd3144725a051) Importer(2089858483,192608db42251d675da83286b1cce702)
Start importing Assets/techdemo-Assets/Tilemap/Hexagonal/Tiles/Palette/phlosioneer_hex_coastline_1.asset using Guid(1e85264348b17504f8bcd3144725a051) Importer(2089858483,192608db42251d675da83286b1cce702) (ScriptedImporter) -> (artifact id: '1e05c01854ff7487258188705692bbab') in 0.0222205 seconds
Number of updated asset objects reloaded before import = 0Number of asset objects unloaded after import = 2

========================================================================
Received Import Request.
  Time since last request: 0.000019 seconds.
  path: Assets/techdemo-Assets/Tilemap/Hexagonal/Tiles/Palette/phlosioneer_hex_coastline_21.asset
  artifactKey: Guid(c2edb7f837af3a84c835e2c5d6060e89) Importer(2089858483,192608db42251d675da83286b1cce702)
Start importing Assets/techdemo-Assets/Tilemap/Hexagonal/Tiles/Palette/phlosioneer_hex_coastline_21.asset using Guid(c2edb7f837af3a84c835e2c5d6060e89) Importer(2089858483,192608db42251d675da83286b1cce702) (ScriptedImporter) -> (artifact id: 'ab0ca239f450a7ae2add787fc2566c3d') in 0.0252837 seconds
Number of updated asset objects reloaded before import = 0Number of asset objects unloaded after import = 2

========================================================================
Received Import Request.
  Time since last request: 0.000023 seconds.
  path: Assets/techdemo-Assets/Tilemap/IsometricZAsY/Tilemaps/Isometric/Sprites/Desert/Raised/desert-sliced_25.png
  artifactKey: Guid(4bada23310046ca4bb98f9d8bdf17a15) Importer(2089858483,192608db42251d675da83286b1cce702)
Start importing Assets/techdemo-Assets/Tilemap/IsometricZAsY/Tilemaps/Isometric/Sprites/Desert/Raised/desert-sliced_25.png using Guid(4bada23310046ca4bb98f9d8bdf17a15) Importer(2089858483,192608db42251d675da83286b1cce702) (ScriptedImporter) -> (artifact id: '10a2b309d585d8ae158041a74d909267') in 0.0206076 seconds
Number of updated asset objects reloaded before import = 0Number of asset objects unloaded after import = 3

========================================================================
Received Import Request.
  Time since last request: 0.000029 seconds.
  path: Assets/techdemo-Assets/Tilemap/IsometricZAsY/Characters/Witch/AnimationSprites/Run S/witch run S03.png
  artifactKey: Guid(d25c0aca1001941689a8ea7705ec4bd3) Importer(2089858483,192608db42251d675da83286b1cce702)
Start importing Assets/techdemo-Assets/Tilemap/IsometricZAsY/Characters/Witch/AnimationSprites/Run S/witch run S03.png using Guid(d25c0aca1001941689a8ea7705ec4bd3) Importer(2089858483,192608db42251d675da83286b1cce702) (ScriptedImporter) -> (artifact id: 'c3b059db5544adf25ef4123b9075621b') in 0.0224711 seconds
Number of updated asset objects reloaded before import = 0Number of asset objects unloaded after import = 3

========================================================================
Received Import Request.
  Time since last request: 0.000017 seconds.
  path: Assets/techdemo-Assets/Tilemap/IsometricZAsY/Characters/Witch/AnimationSprites/Static
  artifactKey: Guid(4903c41c58579ff4ea37d60705523a54) Importer(2089858483,192608db42251d675da83286b1cce702)
Start importing Assets/techdemo-Assets/Tilemap/IsometricZAsY/Characters/Witch/AnimationSprites/Static using Guid(4903c41c58579ff4ea37d60705523a54) Importer(2089858483,192608db42251d675da83286b1cce702) (ScriptedImporter) -> (artifact id: 'b7ead10b7ad316338585b59b7ebbaf51') in 0.0186006 seconds
Number of updated asset objects reloaded before import = 0Number of asset objects unloaded after import = 1

========================================================================
Received Import Request.
  Time since last request: 0.000019 seconds.
  path: Assets/techdemo-Assets/Tilemap/Rule Tiles/Custom Rule Tile/Tile Asset/mixed.asset
  artifactKey: Guid(397a1b6aebf08564d968db81fbbd1bba) Importer(2089858483,192608db42251d675da83286b1cce702)
Start importing Assets/techdemo-Assets/Tilemap/Rule Tiles/Custom Rule Tile/Tile Asset/mixed.asset using Guid(397a1b6aebf08564d968db81fbbd1bba) Importer(2089858483,192608db42251d675da83286b1cce702) (ScriptedImporter) -> (artifact id: '14e38dad15fbb0f6b74e71ce2a984829') in 0.0228159 seconds
Number of updated asset objects reloaded before import = 0Number of asset objects unloaded after import = 2

========================================================================
Received Import Request.
  Time since last request: 0.000025 seconds.
  path: Assets/techdemo-Assets/Tilemap/IsometricZAsY/Characters/Witch/AnimationSprites/Run S/witch run S02.png
  artifactKey: Guid(bcd509b8209dc4a3fa01e45e0b8cccda) Importer(2089858483,192608db42251d675da83286b1cce702)
Start importing Assets/techdemo-Assets/Tilemap/IsometricZAsY/Characters/Witch/AnimationSprites/Run S/witch run S02.png using Guid(bcd509b8209dc4a3fa01e45e0b8cccda) Importer(2089858483,192608db42251d675da83286b1cce702) (ScriptedImporter) -> (artifact id: '8602faeb87c22165146746ea89c7a028') in 0.0217723 seconds
Number of updated asset objects reloaded before import = 0Number of asset objects unloaded after import = 3

========================================================================
Received Import Request.
  Time since last request: 0.000024 seconds.
  path: Assets/Tileset/spritesheet_17.asset
  artifactKey: Guid(bb67dd5bccc81a944a304849ee01a446) Importer(2089858483,192608db42251d675da83286b1cce702)
Start importing Assets/Tileset/spritesheet_17.asset using Guid(bb67dd5bccc81a944a304849ee01a446) Importer(2089858483,192608db42251d675da83286b1cce702) (ScriptedImporter) -> (artifact id: '097423af39f8559e83f0fc8bf3a928cc') in 0.0192273 seconds
Number of updated asset objects reloaded before import = 0Number of asset objects unloaded after import = 2

========================================================================
Received Import Request.
  Time since last request: 0.000035 seconds.
  path: Assets/techdemo-Assets/Tilemap/Hexagonal/Tiles/Palette/phlosioneer_hex_coastline_77.asset
  artifactKey: Guid(dad24a8e78809c74c8ebff5b2c61d039) Importer(2089858483,192608db42251d675da83286b1cce702)
Start importing Assets/techdemo-Assets/Tilemap/Hexagonal/Tiles/Palette/phlosioneer_hex_coastline_77.asset using Guid(dad24a8e78809c74c8ebff5b2c61d039) Importer(2089858483,192608db42251d675da83286b1cce702) (ScriptedImporter) -> (artifact id: '820b5101ea054d7688e73f275769bef1') in 0.0238711 seconds
Number of updated asset objects reloaded before import = 0Number of asset objects unloaded after import = 2

========================================================================
Received Import Request.
  Time since last request: 0.000026 seconds.
  path: Assets/techdemo-Assets/Tilemap/Hexagonal/Tiles/Palette/phlosioneer_hex_coastline_75.asset
  artifactKey: Guid(e2e8adc179ad25d4eaab18a4ff4dd6cd) Importer(2089858483,192608db42251d675da83286b1cce702)
Start importing Assets/techdemo-Assets/Tilemap/Hexagonal/Tiles/Palette/phlosioneer_hex_coastline_75.asset using Guid(e2e8adc179ad25d4eaab18a4ff4dd6cd) Importer(2089858483,192608db42251d675da83286b1cce702) (ScriptedImporter) -> (artifact id: '6745080b250348927891d11478ece4a8') in 0.0262082 seconds
Number of updated asset objects reloaded before import = 0Number of asset objects unloaded after import = 2

========================================================================
Received Import Request.
  Time since last request: 0.000021 seconds.
  path: Assets/techdemo-Assets/Tilemap/Hexagonal/Tiles/Palette/phlosioneer_hex_coastline_80.asset
  artifactKey: Guid(94055fe246a7c7748ad365be06568bcc) Importer(2089858483,192608db42251d675da83286b1cce702)
Start importing Assets/techdemo-Assets/Tilemap/Hexagonal/Tiles/Palette/phlosioneer_hex_coastline_80.asset using Guid(94055fe246a7c7748ad365be06568bcc) Importer(2089858483,192608db42251d675da83286b1cce702) (ScriptedImporter) -> (artifact id: '2373d2f85a1b111fa1f4907e7f1bc77d') in 0.0249947 seconds
Number of updated asset objects reloaded before import = 0Number of asset objects unloaded after import = 2

========================================================================
Received Import Request.
  Time since last request: 0.000022 seconds.
  path: Assets/techdemo-Assets/Tilemap/Hexagonal/Tiles/Palette/phlosioneer_hex_coastline_65.asset
  artifactKey: Guid(0d084d78fd0474c46bc8ab3002d66e37) Importer(2089858483,192608db42251d675da83286b1cce702)
Start importing Assets/techdemo-Assets/Tilemap/Hexagonal/Tiles/Palette/phlosioneer_hex_coastline_65.asset using Guid(0d084d78fd0474c46bc8ab3002d66e37) Importer(2089858483,192608db42251d675da83286b1cce702) (ScriptedImporter) -> (artifact id: 'e207ed8aab77ca5db256194efe090a65') in 0.0233555 seconds
Number of updated asset objects reloaded before import = 0Number of asset objects unloaded after import = 2

========================================================================
Received Import Request.
  Time since last request: 0.000024 seconds.
  path: Assets/techdemo-Assets/Tilemap/IsometricZAsY/Scripts
  artifactKey: Guid(5fbb8170b82292444802c083b13b4316) Importer(2089858483,192608db42251d675da83286b1cce702)
Start importing Assets/techdemo-Assets/Tilemap/IsometricZAsY/Scripts using Guid(5fbb8170b82292444802c083b13b4316) Importer(2089858483,192608db42251d675da83286b1cce702) (ScriptedImporter) -> (artifact id: '8888a801312f3c47d1040dab977a48ba') in 0.0132358 seconds
Number of updated asset objects reloaded before import = 0Number of asset objects unloaded after import = 1

========================================================================
Received Import Request.
  Time since last request: 0.000032 seconds.
  path: Assets/techdemo-Assets/Tilemap/Tiles/Pipeline Tile/Sprite Atlas
  artifactKey: Guid(9450d826f25147544a9429bf02e528f4) Importer(2089858483,192608db42251d675da83286b1cce702)
Start importing Assets/techdemo-Assets/Tilemap/Tiles/Pipeline Tile/Sprite Atlas using Guid(9450d826f25147544a9429bf02e528f4) Importer(2089858483,192608db42251d675da83286b1cce702) (ScriptedImporter) -> (artifact id: '7be281f73cfea465070f8a91af54a5c2') in 0.0137202 seconds
Number of updated asset objects reloaded before import = 0Number of asset objects unloaded after import = 1

========================================================================
Received Import Request.
  Time since last request: 0.000018 seconds.
  path: Assets/techdemo-Assets/Tilemap/IsometricZAsY/Characters/Witch/AnimationSprites/Run SE/witch run SE02.png
  artifactKey: Guid(f362e20b723ac4c87af16d0953dd902c) Importer(2089858483,192608db42251d675da83286b1cce702)
Start importing Assets/techdemo-Assets/Tilemap/IsometricZAsY/Characters/Witch/AnimationSprites/Run SE/witch run SE02.png using Guid(f362e20b723ac4c87af16d0953dd902c) Importer(2089858483,192608db42251d675da83286b1cce702) (ScriptedImporter) -> (artifact id: '363c2cb02289eeef2004284d672ce4cc') in 0.0239147 seconds
Number of updated asset objects reloaded before import = 0Number of asset objects unloaded after import = 3

========================================================================
Received Import Request.
  Time since last request: 0.000022 seconds.
  path: Assets/techdemo-Assets/Tilemap/Rule Tiles/Ladder Tile/Atlas
  artifactKey: Guid(1c94f4ffa2aae024cbae174a0dc82417) Importer(2089858483,192608db42251d675da83286b1cce702)
Start importing Assets/techdemo-Assets/Tilemap/Rule Tiles/Ladder Tile/Atlas using Guid(1c94f4ffa2aae024cbae174a0dc82417) Importer(2089858483,192608db42251d675da83286b1cce702) (ScriptedImporter) -> (artifact id: '6e764f829f264e35b0001578b874994d') in 0.0145432 seconds
Number of updated asset objects reloaded before import = 0Number of asset objects unloaded after import = 1

========================================================================
Received Import Request.
  Time since last request: 0.000022 seconds.
  path: Assets/techdemo-Assets/Tilemap/Rule Tiles/Animated Ocean Tile
  artifactKey: Guid(c4fd7287681a95c45b52bf69246b3979) Importer(2089858483,192608db42251d675da83286b1cce702)
Start importing Assets/techdemo-Assets/Tilemap/Rule Tiles/Animated Ocean Tile using Guid(c4fd7287681a95c45b52bf69246b3979) Importer(2089858483,192608db42251d675da83286b1cce702) (ScriptedImporter) -> (artifact id: '326875262c7bb03641403b91310b6978') in 0.0119497 seconds
Number of updated asset objects reloaded before import = 0Number of asset objects unloaded after import = 1

========================================================================
Received Import Request.
  Time since last request: 0.000018 seconds.
  path: Assets/techdemo-Assets/Tilemap/Rule Tiles/Custom Rule Tile/Tile Asset/CustomGrassTile.asset
  artifactKey: Guid(99c7212dd085d0c41b2b695bbadcfa1a) Importer(2089858483,192608db42251d675da83286b1cce702)
Start importing Assets/techdemo-Assets/Tilemap/Rule Tiles/Custom Rule Tile/Tile Asset/CustomGrassTile.asset using Guid(99c7212dd085d0c41b2b695bbadcfa1a) Importer(2089858483,192608db42251d675da83286b1cce702) (ScriptedImporter) -> (artifact id: '090cf399cc42c09f69e3091e19a29111') in 0.0297814 seconds
Number of updated asset objects reloaded before import = 0Number of asset objects unloaded after import = 1

========================================================================
Received Import Request.
  Time since last request: 0.000022 seconds.
  path: Assets/techdemo-Assets/Tilemap/Rule Tiles/Custom Rule Tile/Tile Asset/Dungeon Blue.asset
  artifactKey: Guid(7bfd416f6fae774498c2b98e0f91cbe4) Importer(2089858483,192608db42251d675da83286b1cce702)
Start importing Assets/techdemo-Assets/Tilemap/Rule Tiles/Custom Rule Tile/Tile Asset/Dungeon Blue.asset using Guid(7bfd416f6fae774498c2b98e0f91cbe4) Importer(2089858483,192608db42251d675da83286b1cce702) (ScriptedImporter) -> (artifact id: 'd9bf25758f4b6027ed1fffc91f7ab841') in 0.0351808 seconds
Number of updated asset objects reloaded before import = 0Number of asset objects unloaded after import = 16

========================================================================
Received Import Request.
  Time since last request: 0.000036 seconds.
  path: Assets/techdemo-Assets/Tilemap/Rule Tiles/Pipeline Tile/Sprites/pipeline.png
  artifactKey: Guid(e10f947be2bea7448b7f050392a49bfd) Importer(2089858483,192608db42251d675da83286b1cce702)
Start importing Assets/techdemo-Assets/Tilemap/Rule Tiles/Pipeline Tile/Sprites/pipeline.png using Guid(e10f947be2bea7448b7f050392a49bfd) Importer(2089858483,192608db42251d675da83286b1cce702) (ScriptedImporter) -> (artifact id: '2c1d0e1faebbcfc57793f3c01cc7f922') in 0.0265857 seconds
Number of updated asset objects reloaded before import = 0Number of asset objects unloaded after import = 8

========================================================================
Received Import Request.
  Time since last request: 0.000017 seconds.
  path: Assets/Tileset/spritesheet_23.asset
  artifactKey: Guid(3fa9eb7961447394e98134ac12da760a) Importer(2089858483,192608db42251d675da83286b1cce702)
Start importing Assets/Tileset/spritesheet_23.asset using Guid(3fa9eb7961447394e98134ac12da760a) Importer(2089858483,192608db42251d675da83286b1cce702) (ScriptedImporter) -> (artifact id: 'fbb41c57d911a5db401b742da94d36ef') in 0.0123841 seconds
Number of updated asset objects reloaded before import = 0Number of asset objects unloaded after import = 2

========================================================================
Received Import Request.
  Time since last request: 0.000022 seconds.
  path: Assets/techdemo-Assets/Tilemap/IsometricZAsY/Scenes
  artifactKey: Guid(cfcfe1bf156cfba4eb8ecf219ef13ab4) Importer(2089858483,192608db42251d675da83286b1cce702)
Start importing Assets/techdemo-Assets/Tilemap/IsometricZAsY/Scenes using Guid(cfcfe1bf156cfba4eb8ecf219ef13ab4) Importer(2089858483,192608db42251d675da83286b1cce702) (ScriptedImporter) -> (artifact id: '40e0aff6a7ad734af1938a71d9a94448') in 0.0144432 seconds
Number of updated asset objects reloaded before import = 0Number of asset objects unloaded after import = 1

========================================================================
Received Import Request.
  Time since last request: 0.000024 seconds.
  path: Assets/techdemo-Assets/Tilemap/IsometricZAsY/Tilemaps/Isometric/Sprites/Desert/Raised/desert-sliced_41.png
  artifactKey: Guid(bf7ebbf343cee7c4b9c1a7c3f629ecfe) Importer(2089858483,192608db42251d675da83286b1cce702)
Start importing Assets/techdemo-Assets/Tilemap/IsometricZAsY/Tilemaps/Isometric/Sprites/Desert/Raised/desert-sliced_41.png using Guid(bf7ebbf343cee7c4b9c1a7c3f629ecfe) Importer(2089858483,192608db42251d675da83286b1cce702) (ScriptedImporter) -> (artifact id: '19749bc407f4b272e2e443a3d381df04') in 0.0225529 seconds
Number of updated asset objects reloaded before import = 0Number of asset objects unloaded after import = 3

========================================================================
Received Import Request.
  Time since last request: 0.000022 seconds.
  path: Assets/techdemo-Assets/Tilemap/IsometricZAsY/Palettes
  artifactKey: Guid(17d105cc5afaa454682af72c1b187b75) Importer(2089858483,192608db42251d675da83286b1cce702)
Start importing Assets/techdemo-Assets/Tilemap/IsometricZAsY/Palettes using Guid(17d105cc5afaa454682af72c1b187b75) Importer(2089858483,192608db42251d675da83286b1cce702) (ScriptedImporter) -> (artifact id: 'ecc763a14677a54304df0eb5f2cacf3e') in 0.0134788 seconds
Number of updated asset objects reloaded before import = 0Number of asset objects unloaded after import = 1

========================================================================
Received Import Request.
  Time since last request: 0.000034 seconds.
  path: Assets/techdemo-Assets/Tilemap/Brushes/Random Brush/Brush Asset
  artifactKey: Guid(0330a14c64526d240a597f79d362dd39) Importer(2089858483,192608db42251d675da83286b1cce702)
Start importing Assets/techdemo-Assets/Tilemap/Brushes/Random Brush/Brush Asset using Guid(0330a14c64526d240a597f79d362dd39) Importer(2089858483,192608db42251d675da83286b1cce702) (ScriptedImporter) -> (artifact id: '15928f9b4612d5c83349f32d6231da9d') in 0.0127331 seconds
Number of updated asset objects reloaded before import = 0Number of asset objects unloaded after import = 1

========================================================================
Received Import Request.
  Time since last request: 0.000019 seconds.
  path: Assets/techdemo-Assets/Tilemap/IsometricZAsY/Characters/Witch/AnimationClips/Run E.anim
  artifactKey: Guid(177961cd63ae94c1cac40c1deac22a7d) Importer(2089858483,192608db42251d675da83286b1cce702)
Start importing Assets/techdemo-Assets/Tilemap/IsometricZAsY/Characters/Witch/AnimationClips/Run E.anim using Guid(177961cd63ae94c1cac40c1deac22a7d) Importer(2089858483,192608db42251d675da83286b1cce702) (ScriptedImporter) -> (artifact id: '9848f73083c0bcc425380d449392738b') in 0.0256035 seconds
Number of updated asset objects reloaded before import = 0Number of asset objects unloaded after import = 1

========================================================================
Received Import Request.
  Time since last request: 0.000021 seconds.
  path: Assets/techdemo-Assets/Tilemap/Tiles/Animated Tile/Tile Palette/Animated Tiles.prefab
  artifactKey: Guid(e48163b530eeebc49b82a236bd09123c) Importer(2089858483,192608db42251d675da83286b1cce702)
Start importing Assets/techdemo-Assets/Tilemap/Tiles/Animated Tile/Tile Palette/Animated Tiles.prefab using Guid(e48163b530eeebc49b82a236bd09123c) Importer(2089858483,192608db42251d675da83286b1cce702) (ScriptedImporter) -> (artifact id: '990819faf05da0bf0b3490fa7acc6e5d') in 0.0312902 seconds
Number of updated asset objects reloaded before import = 0Number of asset objects unloaded after import = 11

========================================================================
Received Import Request.
  Time since last request: 0.000020 seconds.
  path: Assets/techdemo-Assets/Tilemap/Tiles/Weighted Random Tile/Tile Assets/WeightedRandomTempleStoneTile.asset
  artifactKey: Guid(9c1fc2d71cd19b64a931446235568edb) Importer(2089858483,192608db42251d675da83286b1cce702)
Start importing Assets/techdemo-Assets/Tilemap/Tiles/Weighted Random Tile/Tile Assets/WeightedRandomTempleStoneTile.asset using Guid(9c1fc2d71cd19b64a931446235568edb) Importer(2089858483,192608db42251d675da83286b1cce702) (ScriptedImporter) -> (artifact id: '9945759714272ca2542c6ec0b188bd4f') in 0.027452 seconds
Number of updated asset objects reloaded before import = 0Number of asset objects unloaded after import = 1

========================================================================
Received Import Request.
  Time since last request: 0.000028 seconds.
  path: Assets/techdemo-Assets/Tilemap/Tiles/Terrain Tile/Tile Assets/Pebbles.asset
  artifactKey: Guid(84f5a8cb641d46b4da008e78abe50772) Importer(2089858483,192608db42251d675da83286b1cce702)
Start importing Assets/techdemo-Assets/Tilemap/Tiles/Terrain Tile/Tile Assets/Pebbles.asset using Guid(84f5a8cb641d46b4da008e78abe50772) Importer(2089858483,192608db42251d675da83286b1cce702) (ScriptedImporter) -> (artifact id: '141758b7b7f34e9f747519c0cb17fd68') in 0.0152239 seconds
Number of updated asset objects reloaded before import = 0Number of asset objects unloaded after import = 1

========================================================================
Received Import Request.
  Time since last request: 0.000038 seconds.
  path: Assets/techdemo-Assets/Tilemap/Rule Tiles/Rule Override Tile/Tile Asset/Clothesline.asset
  artifactKey: Guid(917a322708cee034ea8ef86b0e550680) Importer(2089858483,192608db42251d675da83286b1cce702)
Start importing Assets/techdemo-Assets/Tilemap/Rule Tiles/Rule Override Tile/Tile Asset/Clothesline.asset using Guid(917a322708cee034ea8ef86b0e550680) Importer(2089858483,192608db42251d675da83286b1cce702) (ScriptedImporter) -> (artifact id: 'ec0a9b06a555d1366681d4afe94087eb') in 0.019414 seconds
Number of updated asset objects reloaded before import = 0Number of asset objects unloaded after import = 12

========================================================================
Received Import Request.
  Time since last request: 0.000020 seconds.
  path: Assets/Tileset/spritesheet_41.asset
  artifactKey: Guid(7ddc113865a6cf34fbdacb6f7e1da3bd) Importer(2089858483,192608db42251d675da83286b1cce702)
Start importing Assets/Tileset/spritesheet_41.asset using Guid(7ddc113865a6cf34fbdacb6f7e1da3bd) Importer(2089858483,192608db42251d675da83286b1cce702) (ScriptedImporter) -> (artifact id: '8f0542d6e8c07877e05d398dfa4a4c08') in 0.0152416 seconds
Number of updated asset objects reloaded before import = 0Number of asset objects unloaded after import = 2

========================================================================
Received Import Request.
  Time since last request: 0.000020 seconds.
  path: Assets/techdemo-Assets/Tilemap/Destructible/Tile Assets
  artifactKey: Guid(f0907d9fd8d719e4e9f50d65f7983b30) Importer(2089858483,192608db42251d675da83286b1cce702)
Start importing Assets/techdemo-Assets/Tilemap/Destructible/Tile Assets using Guid(f0907d9fd8d719e4e9f50d65f7983b30) Importer(2089858483,192608db42251d675da83286b1cce702) (ScriptedImporter) -> (artifact id: 'd4f6ca338993e3b12a942bfbefd9529d') in 0.0122629 seconds
Number of updated asset objects reloaded before import = 0Number of asset objects unloaded after import = 1

========================================================================
Received Import Request.
  Time since last request: 0.000019 seconds.
  path: Assets/techdemo-Assets/Tilemap/IsometricZAsY/Tilemaps/Isometric/Sprites/Desert/Raised/desert-sliced_40.png
  artifactKey: Guid(9c68dc1b6ad638c4daad0b20385272c3) Importer(2089858483,192608db42251d675da83286b1cce702)
Start importing Assets/techdemo-Assets/Tilemap/IsometricZAsY/Tilemaps/Isometric/Sprites/Desert/Raised/desert-sliced_40.png using Guid(9c68dc1b6ad638c4daad0b20385272c3) Importer(2089858483,192608db42251d675da83286b1cce702) (ScriptedImporter) -> (artifact id: '5e7d4e47dc40724428a3f8d787eb1264') in 0.021294 seconds
Number of updated asset objects reloaded before import = 0Number of asset objects unloaded after import = 3

========================================================================
Received Import Request.
  Time since last request: 0.000031 seconds.
  path: Assets/techdemo-Assets/Tilemap/IsometricZAsY/Tilemaps/Isometric/Sprites/Desert/Flat/desert-sliced_04.png
  artifactKey: Guid(f427ccb89e8fdb745b8f47ea8b3d9d0c) Importer(2089858483,192608db42251d675da83286b1cce702)
Start importing Assets/techdemo-Assets/Tilemap/IsometricZAsY/Tilemaps/Isometric/Sprites/Desert/Flat/desert-sliced_04.png using Guid(f427ccb89e8fdb745b8f47ea8b3d9d0c) Importer(2089858483,192608db42251d675da83286b1cce702) (ScriptedImporter) -> (artifact id: '8e3cf3eb8ca2049209060d9f91d08a22') in 0.0220777 seconds
Number of updated asset objects reloaded before import = 0Number of asset objects unloaded after import = 3

========================================================================
Received Import Request.
  Time since last request: 0.000031 seconds.
  path: Assets/techdemo-Assets/Tilemap/Rule Tiles/Platform Tile 3
  artifactKey: Guid(9e010b24cec47034ba36a949744d48db) Importer(2089858483,192608db42251d675da83286b1cce702)
Start importing Assets/techdemo-Assets/Tilemap/Rule Tiles/Platform Tile 3 using Guid(9e010b24cec47034ba36a949744d48db) Importer(2089858483,192608db42251d675da83286b1cce702) (ScriptedImporter) -> (artifact id: '02570dcd6216890b98f199097d7e6aee') in 0.012333 seconds
Number of updated asset objects reloaded before import = 0Number of asset objects unloaded after import = 1

========================================================================
Received Import Request.
  Time since last request: 0.000015 seconds.
  path: Assets/techdemo-Assets/Tilemap/Tiles/Weighted Random Tile
  artifactKey: Guid(f8b7bbb907e6bf2479d2e9b206cad2f1) Importer(2089858483,192608db42251d675da83286b1cce702)
Start importing Assets/techdemo-Assets/Tilemap/Tiles/Weighted Random Tile using Guid(f8b7bbb907e6bf2479d2e9b206cad2f1) Importer(2089858483,192608db42251d675da83286b1cce702) (ScriptedImporter) -> (artifact id: 'cd10ec6380fef59387afc075829f23aa') in 0.0119837 seconds
Number of updated asset objects reloaded before import = 0Number of asset objects unloaded after import = 1

========================================================================
Received Import Request.
  Time since last request: 0.000018 seconds.
  path: Assets/techdemo-Assets/Tilemap/IsometricZAsY/Characters/Witch/AnimationSprites/Run N/witch run N05.png
  artifactKey: Guid(1a9bb936617da429795e9937212a2adb) Importer(2089858483,192608db42251d675da83286b1cce702)
Start importing Assets/techdemo-Assets/Tilemap/IsometricZAsY/Characters/Witch/AnimationSprites/Run N/witch run N05.png using Guid(1a9bb936617da429795e9937212a2adb) Importer(2089858483,192608db42251d675da83286b1cce702) (ScriptedImporter) -> (artifact id: '6f2ddc188392ad7df04572510b8b00d0') in 0.027846 seconds
Number of updated asset objects reloaded before import = 0Number of asset objects unloaded after import = 3

========================================================================
Received Import Request.
  Time since last request: 0.000019 seconds.
  path: Assets/techdemo-Assets/Tilemap/IsometricZAsY/Characters/Witch/AnimationSprites/Run SE/witch run SE03.png
  artifactKey: Guid(1f80fbf0493574a95ae512ab1cc9d7d6) Importer(2089858483,192608db42251d675da83286b1cce702)
Start importing Assets/techdemo-Assets/Tilemap/IsometricZAsY/Characters/Witch/AnimationSprites/Run SE/witch run SE03.png using Guid(1f80fbf0493574a95ae512ab1cc9d7d6) Importer(2089858483,192608db42251d675da83286b1cce702) (ScriptedImporter) -> (artifact id: '820b5092ac56e449bf2a68c422ca5bce') in 0.0248336 seconds
Number of updated asset objects reloaded before import = 0Number of asset objects unloaded after import = 3

========================================================================
Received Import Request.
  Time since last request: 0.000017 seconds.
  path: Assets/techdemo-Assets/Tilemap/IsometricZAsY/Characters/Witch/AnimationSprites/Run NE/witch run NE03.png
  artifactKey: Guid(afa9a0b28bb294c648f0559d3bc0b82f) Importer(2089858483,192608db42251d675da83286b1cce702)
Start importing Assets/techdemo-Assets/Tilemap/IsometricZAsY/Characters/Witch/AnimationSprites/Run NE/witch run NE03.png using Guid(afa9a0b28bb294c648f0559d3bc0b82f) Importer(2089858483,192608db42251d675da83286b1cce702) (ScriptedImporter) -> (artifact id: '593ccb087fab0a9c2142991d4be405b7') in 0.0204681 seconds
Number of updated asset objects reloaded before import = 0Number of asset objects unloaded after import = 3

========================================================================
Received Import Request.
  Time since last request: 0.000033 seconds.
  path: Assets/techdemo-Assets/Tilemap/IsometricZAsY/Characters/Witch/AnimationSprites/Run SE/witch run SE00.png
  artifactKey: Guid(42be11bdcac154ba6a01fa28816b01be) Importer(2089858483,192608db42251d675da83286b1cce702)
Start importing Assets/techdemo-Assets/Tilemap/IsometricZAsY/Characters/Witch/AnimationSprites/Run SE/witch run SE00.png using Guid(42be11bdcac154ba6a01fa28816b01be) Importer(2089858483,192608db42251d675da83286b1cce702) (ScriptedImporter) -> (artifact id: 'cf37dd072f37380145ce6bb9c14d1d84') in 0.0227715 seconds
Number of updated asset objects reloaded before import = 0Number of asset objects unloaded after import = 3

========================================================================
Received Import Request.
  Time since last request: 0.000015 seconds.
  path: Assets/techdemo-Assets/Tilemap/IsometricZAsY/Tilemaps/Isometric/RuleTiles
  artifactKey: Guid(c95833cb549f53444b74331f3522183e) Importer(2089858483,192608db42251d675da83286b1cce702)
Start importing Assets/techdemo-Assets/Tilemap/IsometricZAsY/Tilemaps/Isometric/RuleTiles using Guid(c95833cb549f53444b74331f3522183e) Importer(2089858483,192608db42251d675da83286b1cce702) (ScriptedImporter) -> (artifact id: '403e092813d8bb0c052e632f3d917fa1') in 0.0132702 seconds
Number of updated asset objects reloaded before import = 0Number of asset objects unloaded after import = 1

========================================================================
Received Import Request.
  Time since last request: 0.000017 seconds.
  path: Assets/techdemo-Assets/Tilemap/IsometricZAsY/Characters/Witch/AnimationSprites/Run SE
  artifactKey: Guid(508993e1af6b82e4fab5c756d147da2e) Importer(2089858483,192608db42251d675da83286b1cce702)
Start importing Assets/techdemo-Assets/Tilemap/IsometricZAsY/Characters/Witch/AnimationSprites/Run SE using Guid(508993e1af6b82e4fab5c756d147da2e) Importer(2089858483,192608db42251d675da83286b1cce702) (ScriptedImporter) -> (artifact id: 'fd777f4e54a7b3c6036a93b52b5f0231') in 0.0149059 seconds
Number of updated asset objects reloaded before import = 0Number of asset objects unloaded after import = 1

========================================================================
Received Import Request.
  Time since last request: 0.000019 seconds.
  path: Assets/techdemo-Assets/Tilemap/Tiles/Terrain Tile/Sprites
  artifactKey: Guid(746d936d3542e4f4394a942d2b7d37e1) Importer(2089858483,192608db42251d675da83286b1cce702)
Start importing Assets/techdemo-Assets/Tilemap/Tiles/Terrain Tile/Sprites using Guid(746d936d3542e4f4394a942d2b7d37e1) Importer(2089858483,192608db42251d675da83286b1cce702) (ScriptedImporter) -> (artifact id: 'ac82a9e92268f9972aadfa3692a859ce') in 0.0111745 seconds
Number of updated asset objects reloaded before import = 0Number of asset objects unloaded after import = 1

========================================================================
Received Import Request.
  Time since last request: 0.000023 seconds.
  path: Assets/techdemo-Assets/Tilemap/IsometricZAsY/Prefabs/Decorations/Desert
  artifactKey: Guid(82f08bd4a8351d548a6ddf23ffede0b9) Importer(2089858483,192608db42251d675da83286b1cce702)
Start importing Assets/techdemo-Assets/Tilemap/IsometricZAsY/Prefabs/Decorations/Desert using Guid(82f08bd4a8351d548a6ddf23ffede0b9) Importer(2089858483,192608db42251d675da83286b1cce702) (ScriptedImporter) -> (artifact id: '387110438316464e03611e3c724767b9') in 0.0143339 seconds
Number of updated asset objects reloaded before import = 0Number of asset objects unloaded after import = 1

========================================================================
Received Import Request.
  Time since last request: 0.000020 seconds.
  path: Assets/Tileset/spritesheet_63.asset
  artifactKey: Guid(eba4ea5c65572c54f9f7f5a274a1cbb4) Importer(2089858483,192608db42251d675da83286b1cce702)
Start importing Assets/Tileset/spritesheet_63.asset using Guid(eba4ea5c65572c54f9f7f5a274a1cbb4) Importer(2089858483,192608db42251d675da83286b1cce702) (ScriptedImporter) -> (artifact id: '598685f13de69b542ea40fdd8b3e12fc') in 0.0154 seconds
Number of updated asset objects reloaded before import = 0Number of asset objects unloaded after import = 2

========================================================================
Received Import Request.
  Time since last request: 0.000034 seconds.
  path: Assets/techdemo-Assets/Tilemap/IsometricZAsY/Tilemaps/Isometric/Colliders/ColliderSprites/tile-border-left.png
  artifactKey: Guid(6b9080908d34f4ed4b111f8752045ecf) Importer(2089858483,192608db42251d675da83286b1cce702)
Start importing Assets/techdemo-Assets/Tilemap/IsometricZAsY/Tilemaps/Isometric/Colliders/ColliderSprites/tile-border-left.png using Guid(6b9080908d34f4ed4b111f8752045ecf) Importer(2089858483,192608db42251d675da83286b1cce702) (ScriptedImporter) -> (artifact id: '04759c48255dd94cd1a54f5c3bdd8fa8') in 0.0206585 seconds
Number of updated asset objects reloaded before import = 0Number of asset objects unloaded after import = 3

========================================================================
Received Import Request.
  Time since last request: 0.000027 seconds.
  path: Assets/techdemo-Assets/Tilemap/IsometricZAsY/Tilemaps/Isometric/Colliders/ColliderSprites/tile-border-top.png
  artifactKey: Guid(6b19fa030e22a4aa7a4ebc2029911cf4) Importer(2089858483,192608db42251d675da83286b1cce702)
Start importing Assets/techdemo-Assets/Tilemap/IsometricZAsY/Tilemaps/Isometric/Colliders/ColliderSprites/tile-border-top.png using Guid(6b19fa030e22a4aa7a4ebc2029911cf4) Importer(2089858483,192608db42251d675da83286b1cce702) (ScriptedImporter) -> (artifact id: '9e5963d0aa129cbe43850065d8ccff73') in 0.0228248 seconds
Number of updated asset objects reloaded before import = 0Number of asset objects unloaded after import = 3

========================================================================
Received Import Request.
  Time since last request: 0.000016 seconds.
  path: Assets/techdemo-Assets/Tilemap/IsometricZAsY/Characters/Witch/AnimationSprites/Static/witch static03.png
  artifactKey: Guid(7d6b57cfe45da4c82afec5c97007d3b6) Importer(2089858483,192608db42251d675da83286b1cce702)
Start importing Assets/techdemo-Assets/Tilemap/IsometricZAsY/Characters/Witch/AnimationSprites/Static/witch static03.png using Guid(7d6b57cfe45da4c82afec5c97007d3b6) Importer(2089858483,192608db42251d675da83286b1cce702) (ScriptedImporter) -> (artifact id: '7d5d5b75c0135c2bd870762c5b4621bd') in 0.023365 seconds
Number of updated asset objects reloaded before import = 0Number of asset objects unloaded after import = 3

========================================================================
Received Import Request.
  Time since last request: 0.000017 seconds.
  path: Assets/Tileset/spritesheet_112.asset
  artifactKey: Guid(0e9dfb558c32d8f40a1ea0627ce43be0) Importer(2089858483,192608db42251d675da83286b1cce702)
Start importing Assets/Tileset/spritesheet_112.asset using Guid(0e9dfb558c32d8f40a1ea0627ce43be0) Importer(2089858483,192608db42251d675da83286b1cce702) (ScriptedImporter) -> (artifact id: '460ecf5bc8ac5f0f287bfcb77ee39678') in 0.0157303 seconds
Number of updated asset objects reloaded before import = 0Number of asset objects unloaded after import = 2

========================================================================
Received Import Request.
  Time since last request: 0.000031 seconds.
  path: Assets/Tileset/spritesheet_19.asset
  artifactKey: Guid(7b72e0541dc99ff47ac68d1a219d1685) Importer(2089858483,192608db42251d675da83286b1cce702)
Start importing Assets/Tileset/spritesheet_19.asset using Guid(7b72e0541dc99ff47ac68d1a219d1685) Importer(2089858483,192608db42251d675da83286b1cce702) (ScriptedImporter) -> (artifact id: 'ec7f485ba396c0c0c4f9d484f9208fbe') in 0.0154587 seconds
Number of updated asset objects reloaded before import = 0Number of asset objects unloaded after import = 2

========================================================================
Received Import Request.
  Time since last request: 0.000033 seconds.
  path: Assets/techdemo-Assets/Tilemap/Tiles/Pipeline Tile/TilePalettes
  artifactKey: Guid(e1a194ca4a1205443bffdf9452bf0196) Importer(2089858483,192608db42251d675da83286b1cce702)
Start importing Assets/techdemo-Assets/Tilemap/Tiles/Pipeline Tile/TilePalettes using Guid(e1a194ca4a1205443bffdf9452bf0196) Importer(2089858483,192608db42251d675da83286b1cce702) (ScriptedImporter) -> (artifact id: 'c46f7cd5d05191130455c6f201e7ab40') in 0.0130358 seconds
Number of updated asset objects reloaded before import = 0Number of asset objects unloaded after import = 1

========================================================================
Received Import Request.
  Time since last request: 0.000024 seconds.
  path: Assets/techdemo-Assets/Tilemap/Tiles/Random Tile/Tile Palettes
  artifactKey: Guid(e2e1805bb9be6bf4ca0080a1933b4ed4) Importer(2089858483,192608db42251d675da83286b1cce702)
Start importing Assets/techdemo-Assets/Tilemap/Tiles/Random Tile/Tile Palettes using Guid(e2e1805bb9be6bf4ca0080a1933b4ed4) Importer(2089858483,192608db42251d675da83286b1cce702) (ScriptedImporter) -> (artifact id: '86d9743d4eddf35930f2fbeb28489b00') in 0.0129574 seconds
Number of updated asset objects reloaded before import = 0Number of asset objects unloaded after import = 1

========================================================================
Received Import Request.
  Time since last request: 0.000017 seconds.
  path: Assets/techdemo-Assets/Tilemap/Brushes/Tint Brush Smooth
  artifactKey: Guid(73ffdc5b54c50214e9899760b98f5754) Importer(2089858483,192608db42251d675da83286b1cce702)
Start importing Assets/techdemo-Assets/Tilemap/Brushes/Tint Brush Smooth using Guid(73ffdc5b54c50214e9899760b98f5754) Importer(2089858483,192608db42251d675da83286b1cce702) (ScriptedImporter) -> (artifact id: '65109dab86e1d4d3d42678fe5e214280') in 0.0136156 seconds
Number of updated asset objects reloaded before import = 0Number of asset objects unloaded after import = 1

========================================================================
Received Import Request.
  Time since last request: 0.000021 seconds.
  path: Assets/techdemo-Assets/Tilemap/Rule Tiles/Platform Tile/Atlas
  artifactKey: Guid(c9bc29e9d6976de41b81a0317ec075ad) Importer(2089858483,192608db42251d675da83286b1cce702)
Start importing Assets/techdemo-Assets/Tilemap/Rule Tiles/Platform Tile/Atlas using Guid(c9bc29e9d6976de41b81a0317ec075ad) Importer(2089858483,192608db42251d675da83286b1cce702) (ScriptedImporter) -> (artifact id: 'e8a897c9173696300dafee7c354e3611') in 0.0123169 seconds
Number of updated asset objects reloaded before import = 0Number of asset objects unloaded after import = 1

========================================================================
Received Import Request.
  Time since last request: 0.000019 seconds.
  path: Assets/techdemo-Assets/Tilemap/Hexagonal/Tiles/Palette/phlosioneer_hex_coastline_34.asset
  artifactKey: Guid(8ff0906348c557d41abc64ba836c4406) Importer(2089858483,192608db42251d675da83286b1cce702)
Start importing Assets/techdemo-Assets/Tilemap/Hexagonal/Tiles/Palette/phlosioneer_hex_coastline_34.asset using Guid(8ff0906348c557d41abc64ba836c4406) Importer(2089858483,192608db42251d675da83286b1cce702) (ScriptedImporter) -> (artifact id: 'ae3935f3e7eaac3cb357eecd04a733d9') in 0.024906 seconds
Number of updated asset objects reloaded before import = 0Number of asset objects unloaded after import = 2

========================================================================
Received Import Request.
  Time since last request: 0.000025 seconds.
  path: Assets/techdemo-Assets/Tilemap/Hexagonal/Tiles/Palette/phlosioneer_hex_coastline_29.asset
  artifactKey: Guid(1aa983282f0503a4ba3282e82c8cd3f7) Importer(2089858483,192608db42251d675da83286b1cce702)
Start importing Assets/techdemo-Assets/Tilemap/Hexagonal/Tiles/Palette/phlosioneer_hex_coastline_29.asset using Guid(1aa983282f0503a4ba3282e82c8cd3f7) Importer(2089858483,192608db42251d675da83286b1cce702) (ScriptedImporter) -> (artifact id: '831627d6f118df5f6dfbef573e4215f6') in 0.0276338 seconds
Number of updated asset objects reloaded before import = 0Number of asset objects unloaded after import = 2

========================================================================
Received Import Request.
  Time since last request: 0.000024 seconds.
  path: Assets/techdemo-Assets/Tilemap/Hexagonal/Sprites/opengameart.org
  artifactKey: Guid(1d55eb4a50ebd3740b3b9cb1e42bc9c1) Importer(2089858483,192608db42251d675da83286b1cce702)
Start importing Assets/techdemo-Assets/Tilemap/Hexagonal/Sprites/opengameart.org using Guid(1d55eb4a50ebd3740b3b9cb1e42bc9c1) Importer(2089858483,192608db42251d675da83286b1cce702) (ScriptedImporter) -> (artifact id: '2de4c2dddd05bdb6da7c5017bb75ad0a') in 0.0118813 seconds
Number of updated asset objects reloaded before import = 0Number of asset objects unloaded after import = 1

========================================================================
Received Import Request.
  Time since last request: 0.000019 seconds.
  path: Assets/techdemo-Assets/Tilemap/Brick
  artifactKey: Guid(2f984aac9eb780d4c8e63264c2ed7315) Importer(2089858483,192608db42251d675da83286b1cce702)
Start importing Assets/techdemo-Assets/Tilemap/Brick using Guid(2f984aac9eb780d4c8e63264c2ed7315) Importer(2089858483,192608db42251d675da83286b1cce702) (ScriptedImporter) -> (artifact id: '4f5554a198ca14f7f829800bff205f2f') in 0.0140473 seconds
Number of updated asset objects reloaded before import = 0Number of asset objects unloaded after import = 1

========================================================================
Received Import Request.
  Time since last request: 0.000023 seconds.
  path: Assets/techdemo-Assets/Tilemap/Rule Tiles/Platform Tile 2/Sprites/platform2.png
  artifactKey: Guid(b206d8d9f3ab87f4aa256b0df86a7f29) Importer(2089858483,192608db42251d675da83286b1cce702)
Start importing Assets/techdemo-Assets/Tilemap/Rule Tiles/Platform Tile 2/Sprites/platform2.png using Guid(b206d8d9f3ab87f4aa256b0df86a7f29) Importer(2089858483,192608db42251d675da83286b1cce702) (ScriptedImporter) -> (artifact id: 'cf2dbcb033f637441e23740636617620') in 0.0341748 seconds
Number of updated asset objects reloaded before import = 0Number of asset objects unloaded after import = 13

========================================================================
Received Import Request.
  Time since last request: 0.000016 seconds.
  path: Assets/techdemo-Assets/Tilemap/Brushes/Tint Brush/Sprites
  artifactKey: Guid(33a9304b76b70c04f9aa23e06aec1463) Importer(2089858483,192608db42251d675da83286b1cce702)
Start importing Assets/techdemo-Assets/Tilemap/Brushes/Tint Brush/Sprites using Guid(33a9304b76b70c04f9aa23e06aec1463) Importer(2089858483,192608db42251d675da83286b1cce702) (ScriptedImporter) -> (artifact id: 'a93c485a9f3c02a458f497b0f530f65b') in 0.0134478 seconds
Number of updated asset objects reloaded before import = 0Number of asset objects unloaded after import = 1

========================================================================
Received Import Request.
  Time since last request: 0.000020 seconds.
  path: Assets/techdemo-Assets/Tilemap/Rule Tiles/Ladder Tile/Sprites
  artifactKey: Guid(db16d828fd4d5044aa8ef91e8bfbb4ef) Importer(2089858483,192608db42251d675da83286b1cce702)
Start importing Assets/techdemo-Assets/Tilemap/Rule Tiles/Ladder Tile/Sprites using Guid(db16d828fd4d5044aa8ef91e8bfbb4ef) Importer(2089858483,192608db42251d675da83286b1cce702) (ScriptedImporter) -> (artifact id: '000736f7c309c52de224e7374a668646') in 0.0128469 seconds
Number of updated asset objects reloaded before import = 0Number of asset objects unloaded after import = 1

========================================================================
Received Import Request.
  Time since last request: 0.000037 seconds.
  path: Assets/techdemo-Assets/Tilemap/PaletteSwap/Scripts
  artifactKey: Guid(167613f4d0ab8f04f8217ad1d66bc6eb) Importer(2089858483,192608db42251d675da83286b1cce702)
Start importing Assets/techdemo-Assets/Tilemap/PaletteSwap/Scripts using Guid(167613f4d0ab8f04f8217ad1d66bc6eb) Importer(2089858483,192608db42251d675da83286b1cce702) (ScriptedImporter) -> (artifact id: '7cc125022f910569ae865cb38c51ad06') in 0.0132521 seconds
Number of updated asset objects reloaded before import = 0Number of asset objects unloaded after import = 1

========================================================================
Received Import Request.
  Time since last request: 0.000020 seconds.
  path: Assets/techdemo-Assets/Tilemap/IsometricZAsY/Characters/Witch/AnimationSprites
  artifactKey: Guid(64c4ae23f810bbf4995e1d0f8640a08b) Importer(2089858483,192608db42251d675da83286b1cce702)
Start importing Assets/techdemo-Assets/Tilemap/IsometricZAsY/Characters/Witch/AnimationSprites using Guid(64c4ae23f810bbf4995e1d0f8640a08b) Importer(2089858483,192608db42251d675da83286b1cce702) (ScriptedImporter) -> (artifact id: '183aed9ad2a91a17201028b3f433b95d') in 0.0136346 seconds
Number of updated asset objects reloaded before import = 0Number of asset objects unloaded after import = 1

========================================================================
Received Import Request.
  Time since last request: 0.000019 seconds.
  path: Assets/characterAnimations/characterDesign.gif
  artifactKey: Guid(48a961f213a43e04f8da9ec4d3be241d) Importer(2089858483,192608db42251d675da83286b1cce702)
Start importing Assets/characterAnimations/characterDesign.gif using Guid(48a961f213a43e04f8da9ec4d3be241d) Importer(2089858483,192608db42251d675da83286b1cce702) (ScriptedImporter) -> (artifact id: '0551801c428891ef48b23285604e015d') in 0.020782 seconds
Number of updated asset objects reloaded before import = 0Number of asset objects unloaded after import = 3

========================================================================
Received Import Request.
  Time since last request: 0.000020 seconds.
  path: Assets/techdemo-Assets/Tilemap/Hexagonal/Tiles/Palette/phlosioneer_hex_coastline_60.asset
  artifactKey: Guid(5683591d3c29d6243af8b18e94ab0105) Importer(2089858483,192608db42251d675da83286b1cce702)
Start importing Assets/techdemo-Assets/Tilemap/Hexagonal/Tiles/Palette/phlosioneer_hex_coastline_60.asset using Guid(5683591d3c29d6243af8b18e94ab0105) Importer(2089858483,192608db42251d675da83286b1cce702) (ScriptedImporter) -> (artifact id: '52a7383b3e23660d26fb7ef789f3900b') in 0.0278323 seconds
Number of updated asset objects reloaded before import = 0Number of asset objects unloaded after import = 2

========================================================================
Received Import Request.
  Time since last request: 0.000022 seconds.
  path: Assets/techdemo-Assets/Tilemap/IsometricZAsY/Characters/Witch/AnimationSprites/Static/witch static01.png
  artifactKey: Guid(146b9431d231f4527aa174d2cb0a0594) Importer(2089858483,192608db42251d675da83286b1cce702)
Start importing Assets/techdemo-Assets/Tilemap/IsometricZAsY/Characters/Witch/AnimationSprites/Static/witch static01.png using Guid(146b9431d231f4527aa174d2cb0a0594) Importer(2089858483,192608db42251d675da83286b1cce702) (ScriptedImporter) -> (artifact id: 'aa10c659f98b8a1733965064e7c1ac6b') in 0.0183179 seconds
Number of updated asset objects reloaded before import = 0Number of asset objects unloaded after import = 3

========================================================================
Received Import Request.
  Time since last request: 0.000034 seconds.
  path: Assets/techdemo-Assets/Tilemap/IsometricZAsY/Prefabs/Decorations/Desert/Rock_Purple_Small.prefab
  artifactKey: Guid(2743e1476b242f44092e871840e6225b) Importer(2089858483,192608db42251d675da83286b1cce702)
Start importing Assets/techdemo-Assets/Tilemap/IsometricZAsY/Prefabs/Decorations/Desert/Rock_Purple_Small.prefab using Guid(2743e1476b242f44092e871840e6225b) Importer(2089858483,192608db42251d675da83286b1cce702) (ScriptedImporter) -> (artifact id: '2750ff250e7285215b68a095c0899f23') in 0.0374663 seconds
Number of updated asset objects reloaded before import = 0Number of asset objects unloaded after import = 11

========================================================================
Received Import Request.
  Time since last request: 0.000018 seconds.
  path: Assets/Tileset/spritesheet_64.asset
  artifactKey: Guid(9cb1c684a57206b468de7fc2196aac02) Importer(2089858483,192608db42251d675da83286b1cce702)
Start importing Assets/Tileset/spritesheet_64.asset using Guid(9cb1c684a57206b468de7fc2196aac02) Importer(2089858483,192608db42251d675da83286b1cce702) (ScriptedImporter) -> (artifact id: '0b6d28e1877a4d7bc807a91d84599b9c') in 0.0151525 seconds
Number of updated asset objects reloaded before import = 0Number of asset objects unloaded after import = 2

========================================================================
Received Import Request.
  Time since last request: 0.000018 seconds.
  path: Assets/techdemo-Assets/Tilemap/Destructible/Explosion/explosion.anim
  artifactKey: Guid(397731921f0ace344a737069c8cc6868) Importer(2089858483,192608db42251d675da83286b1cce702)
Start importing Assets/techdemo-Assets/Tilemap/Destructible/Explosion/explosion.anim using Guid(397731921f0ace344a737069c8cc6868) Importer(2089858483,192608db42251d675da83286b1cce702) (ScriptedImporter) -> (artifact id: 'a65a707a0c90e147c6a03d54d98c8fc4') in 0.0167885 seconds
Number of updated asset objects reloaded before import = 0Number of asset objects unloaded after import = 1

========================================================================
Received Import Request.
  Time since last request: 0.000025 seconds.
  path: Assets/techdemo-Assets/Tilemap/Rule Tiles/Dungeon Tile/Sprites/dungeon.png
  artifactKey: Guid(5c4f1fa01d076b0448a9438531d30a91) Importer(2089858483,192608db42251d675da83286b1cce702)
Start importing Assets/techdemo-Assets/Tilemap/Rule Tiles/Dungeon Tile/Sprites/dungeon.png using Guid(5c4f1fa01d076b0448a9438531d30a91) Importer(2089858483,192608db42251d675da83286b1cce702) (ScriptedImporter) -> (artifact id: 'fcecc7d47d0e613d7ddd8a88e96613e3') in 0.0329686 seconds
Number of updated asset objects reloaded before import = 0Number of asset objects unloaded after import = 17

========================================================================
Received Prepare
Begin MonoManager ReloadAssembly
- Loaded All Assemblies, in  0.787 seconds
Refreshing native plugins compatible for Editor in 1.15 ms, found 3 plugins.
Native extension for WindowsStandalone target not found
Native extension for WebGL target not found
Mono: successfully reloaded assembly
- Finished resetting the current domain, in  0.695 seconds
Domain Reload Profiling: 1478ms
	BeginReloadAssembly (239ms)
		ExecutionOrderSort (0ms)
		DisableScriptedObjects (10ms)
		BackupInstance (0ms)
		ReleaseScriptingObjects (0ms)
		CreateAndSetChildDomain (64ms)
	RebuildCommonClasses (57ms)
	RebuildNativeTypeToScriptingClass (18ms)
	initialDomainReloadingComplete (33ms)
	LoadAllAssembliesAndSetupDomain (436ms)
		LoadAssemblies (365ms)
		RebuildTransferFunctionScriptingTraits (0ms)
		AnalyzeDomain (181ms)
			TypeCache.Refresh (10ms)
				TypeCache.ScanAssembly (1ms)
			BuildScriptInfoCaches (157ms)
			ResolveRequiredComponents (10ms)
	FinalizeReload (695ms)
		ReleaseScriptCaches (0ms)
		RebuildScriptCaches (0ms)
		SetupLoadedEditorAssemblies (504ms)
			LogAssemblyErrors (0ms)
			InitializePlatformSupportModulesInManaged (3ms)
			SetLoadedEditorAssemblies (5ms)
			BeforeProcessingInitializeOnLoad (109ms)
			ProcessInitializeOnLoadAttributes (328ms)
			ProcessInitializeOnLoadMethodAttributes (52ms)
			AfterProcessingInitializeOnLoad (6ms)
			EditorAssembliesLoaded (0ms)
		ExecutionOrderSort2 (0ms)
		AwakeInstancesAfterBackupRestoration (11ms)
Refreshing native plugins compatible for Editor in 1.85 ms, found 3 plugins.
Preloading 0 native plugins for Editor in 0.00 ms.
Unloading 42 Unused Serialized files (Serialized files now loaded: 0)
Unloading 6145 unused Assets / (6.0 MB). Loaded Objects now: 6787.
Memory consumption went from 146.9 MB to 140.8 MB.
Total: 17.652600 ms (FindLiveObjects: 1.303200 ms CreateObjectMapping: 0.779900 ms MarkObjects: 8.913800 ms  DeleteObjects: 6.653600 ms)

Prepare: number of updated asset objects reloaded= 0
========================================================================
Received Prepare
Begin MonoManager ReloadAssembly
- Loaded All Assemblies, in  0.719 seconds
Refreshing native plugins compatible for Editor in 1.33 ms, found 3 plugins.
Native extension for WindowsStandalone target not found
Native extension for WebGL target not found
Mono: successfully reloaded assembly
- Finished resetting the current domain, in  0.804 seconds
Domain Reload Profiling: 1520ms
	BeginReloadAssembly (189ms)
		ExecutionOrderSort (0ms)
		DisableScriptedObjects (7ms)
		BackupInstance (0ms)
		ReleaseScriptingObjects (0ms)
		CreateAndSetChildDomain (45ms)
	RebuildCommonClasses (37ms)
	RebuildNativeTypeToScriptingClass (13ms)
	initialDomainReloadingComplete (32ms)
	LoadAllAssembliesAndSetupDomain (444ms)
		LoadAssemblies (362ms)
		RebuildTransferFunctionScriptingTraits (0ms)
		AnalyzeDomain (176ms)
			TypeCache.Refresh (8ms)
				TypeCache.ScanAssembly (0ms)
			BuildScriptInfoCaches (154ms)
			ResolveRequiredComponents (10ms)
	FinalizeReload (805ms)
		ReleaseScriptCaches (0ms)
		RebuildScriptCaches (0ms)
		SetupLoadedEditorAssemblies (620ms)
			LogAssemblyErrors (0ms)
			InitializePlatformSupportModulesInManaged (3ms)
			SetLoadedEditorAssemblies (5ms)
			BeforeProcessingInitializeOnLoad (132ms)
			ProcessInitializeOnLoadAttributes (409ms)
			ProcessInitializeOnLoadMethodAttributes (63ms)
			AfterProcessingInitializeOnLoad (8ms)
			EditorAssembliesLoaded (0ms)
		ExecutionOrderSort2 (0ms)
		AwakeInstancesAfterBackupRestoration (11ms)
Refreshing native plugins compatible for Editor in 2.25 ms, found 3 plugins.
Preloading 0 native plugins for Editor in 0.00 ms.
Unloading 32 Unused Serialized files (Serialized files now loaded: 0)
Unloading 6145 unused Assets / (6.1 MB). Loaded Objects now: 6789.
Memory consumption went from 145.2 MB to 139.1 MB.
Total: 19.926300 ms (FindLiveObjects: 1.539100 ms CreateObjectMapping: 1.191400 ms MarkObjects: 9.289600 ms  DeleteObjects: 7.904300 ms)

Prepare: number of updated asset objects reloaded= 0
========================================================================
Received Prepare
Begin MonoManager ReloadAssembly
- Loaded All Assemblies, in  1.016 seconds
Refreshing native plugins compatible for Editor in 1.78 ms, found 3 plugins.
Native extension for WindowsStandalone target not found
Native extension for WebGL target not found
Mono: successfully reloaded assembly
- Finished resetting the current domain, in  0.913 seconds
Domain Reload Profiling: 1923ms
	BeginReloadAssembly (241ms)
		ExecutionOrderSort (0ms)
		DisableScriptedObjects (8ms)
		BackupInstance (0ms)
		ReleaseScriptingObjects (0ms)
		CreateAndSetChildDomain (55ms)
	RebuildCommonClasses (52ms)
	RebuildNativeTypeToScriptingClass (16ms)
	initialDomainReloadingComplete (42ms)
	LoadAllAssembliesAndSetupDomain (660ms)
		LoadAssemblies (444ms)
		RebuildTransferFunctionScriptingTraits (0ms)
		AnalyzeDomain (332ms)
			TypeCache.Refresh (173ms)
				TypeCache.ScanAssembly (156ms)
			BuildScriptInfoCaches (139ms)
			ResolveRequiredComponents (15ms)
	FinalizeReload (913ms)
		ReleaseScriptCaches (0ms)
		RebuildScriptCaches (0ms)
		SetupLoadedEditorAssemblies (701ms)
			LogAssemblyErrors (0ms)
			InitializePlatformSupportModulesInManaged (4ms)
			SetLoadedEditorAssemblies (7ms)
			BeforeProcessingInitializeOnLoad (156ms)
			ProcessInitializeOnLoadAttributes (456ms)
			ProcessInitializeOnLoadMethodAttributes (69ms)
			AfterProcessingInitializeOnLoad (10ms)
			EditorAssembliesLoaded (0ms)
		ExecutionOrderSort2 (0ms)
		AwakeInstancesAfterBackupRestoration (12ms)
Refreshing native plugins compatible for Editor in 2.66 ms, found 3 plugins.
Preloading 0 native plugins for Editor in 0.00 ms.
Unloading 32 Unused Serialized files (Serialized files now loaded: 0)
Unloading 6145 unused Assets / (6.5 MB). Loaded Objects now: 6791.
Memory consumption went from 145.2 MB to 138.8 MB.
Total: 23.155600 ms (FindLiveObjects: 2.354500 ms CreateObjectMapping: 1.008200 ms MarkObjects: 11.467500 ms  DeleteObjects: 8.323500 ms)

Prepare: number of updated asset objects reloaded= 0
========================================================================
Received Prepare
Begin MonoManager ReloadAssembly
- Loaded All Assemblies, in  0.748 seconds
Refreshing native plugins compatible for Editor in 1.18 ms, found 3 plugins.
Native extension for WindowsStandalone target not found
Native extension for WebGL target not found
Mono: successfully reloaded assembly
- Finished resetting the current domain, in  0.715 seconds
Domain Reload Profiling: 1459ms
	BeginReloadAssembly (197ms)
		ExecutionOrderSort (0ms)
		DisableScriptedObjects (8ms)
		BackupInstance (0ms)
		ReleaseScriptingObjects (0ms)
		CreateAndSetChildDomain (49ms)
	RebuildCommonClasses (38ms)
	RebuildNativeTypeToScriptingClass (14ms)
	initialDomainReloadingComplete (32ms)
	LoadAllAssembliesAndSetupDomain (464ms)
		LoadAssemblies (368ms)
		RebuildTransferFunctionScriptingTraits (0ms)
		AnalyzeDomain (188ms)
			TypeCache.Refresh (8ms)
				TypeCache.ScanAssembly (0ms)
			BuildScriptInfoCaches (165ms)
			ResolveRequiredComponents (11ms)
	FinalizeReload (715ms)
		ReleaseScriptCaches (0ms)
		RebuildScriptCaches (0ms)
		SetupLoadedEditorAssemblies (536ms)
			LogAssemblyErrors (0ms)
			InitializePlatformSupportModulesInManaged (3ms)
			SetLoadedEditorAssemblies (5ms)
			BeforeProcessingInitializeOnLoad (115ms)
			ProcessInitializeOnLoadAttributes (346ms)
			ProcessInitializeOnLoadMethodAttributes (59ms)
			AfterProcessingInitializeOnLoad (7ms)
			EditorAssembliesLoaded (0ms)
		ExecutionOrderSort2 (0ms)
		AwakeInstancesAfterBackupRestoration (10ms)
Refreshing native plugins compatible for Editor in 2.27 ms, found 3 plugins.
Preloading 0 native plugins for Editor in 0.00 ms.
Unloading 32 Unused Serialized files (Serialized files now loaded: 0)
Unloading 6145 unused Assets / (6.0 MB). Loaded Objects now: 6793.
Memory consumption went from 145.3 MB to 139.4 MB.
Total: 17.284900 ms (FindLiveObjects: 1.523300 ms CreateObjectMapping: 0.897800 ms MarkObjects: 8.619100 ms  DeleteObjects: 6.242900 ms)

Prepare: number of updated asset objects reloaded= 0
========================================================================
Received Prepare
Begin MonoManager ReloadAssembly
- Loaded All Assemblies, in  0.724 seconds
Refreshing native plugins compatible for Editor in 1.18 ms, found 3 plugins.
Native extension for WindowsStandalone target not found
Native extension for WebGL target not found
Mono: successfully reloaded assembly
- Finished resetting the current domain, in  0.704 seconds
Domain Reload Profiling: 1424ms
	BeginReloadAssembly (189ms)
		ExecutionOrderSort (0ms)
		DisableScriptedObjects (7ms)
		BackupInstance (0ms)
		ReleaseScriptingObjects (0ms)
		CreateAndSetChildDomain (43ms)
	RebuildCommonClasses (37ms)
	RebuildNativeTypeToScriptingClass (13ms)
	initialDomainReloadingComplete (32ms)
	LoadAllAssembliesAndSetupDomain (449ms)
		LoadAssemblies (361ms)
		RebuildTransferFunctionScriptingTraits (0ms)
		AnalyzeDomain (182ms)
			TypeCache.Refresh (10ms)
				TypeCache.ScanAssembly (1ms)
			BuildScriptInfoCaches (157ms)
			ResolveRequiredComponents (10ms)
	FinalizeReload (705ms)
		ReleaseScriptCaches (0ms)
		RebuildScriptCaches (0ms)
		SetupLoadedEditorAssemblies (520ms)
			LogAssemblyErrors (0ms)
			InitializePlatformSupportModulesInManaged (3ms)
			SetLoadedEditorAssemblies (5ms)
			BeforeProcessingInitializeOnLoad (113ms)
			ProcessInitializeOnLoadAttributes (339ms)
			ProcessInitializeOnLoadMethodAttributes (52ms)
			AfterProcessingInitializeOnLoad (7ms)
			EditorAssembliesLoaded (0ms)
		ExecutionOrderSort2 (0ms)
		AwakeInstancesAfterBackupRestoration (10ms)
Refreshing native plugins compatible for Editor in 2.04 ms, found 3 plugins.
Preloading 0 native plugins for Editor in 0.00 ms.
Unloading 32 Unused Serialized files (Serialized files now loaded: 0)
Unloading 6145 unused Assets / (6.3 MB). Loaded Objects now: 6795.
Memory consumption went from 147.2 MB to 140.9 MB.
Total: 18.388600 ms (FindLiveObjects: 1.555200 ms CreateObjectMapping: 0.739600 ms MarkObjects: 8.883900 ms  DeleteObjects: 7.202600 ms)

Prepare: number of updated asset objects reloaded= 0
========================================================================
Received Prepare
Begin MonoManager ReloadAssembly
- Loaded All Assemblies, in  0.734 seconds
Refreshing native plugins compatible for Editor in 1.42 ms, found 3 plugins.
Native extension for WindowsStandalone target not found
Native extension for WebGL target not found
Mono: successfully reloaded assembly
- Finished resetting the current domain, in  0.738 seconds
Domain Reload Profiling: 1469ms
	BeginReloadAssembly (188ms)
		ExecutionOrderSort (0ms)
		DisableScriptedObjects (8ms)
		BackupInstance (0ms)
		ReleaseScriptingObjects (0ms)
		CreateAndSetChildDomain (45ms)
	RebuildCommonClasses (41ms)
	RebuildNativeTypeToScriptingClass (13ms)
	initialDomainReloadingComplete (31ms)
	LoadAllAssembliesAndSetupDomain (458ms)
		LoadAssemblies (366ms)
		RebuildTransferFunctionScriptingTraits (0ms)
		AnalyzeDomain (183ms)
			TypeCache.Refresh (7ms)
				TypeCache.ScanAssembly (0ms)
			BuildScriptInfoCaches (160ms)
			ResolveRequiredComponents (10ms)
	FinalizeReload (739ms)
		ReleaseScriptCaches (0ms)
		RebuildScriptCaches (0ms)
		SetupLoadedEditorAssemblies (552ms)
			LogAssemblyErrors (0ms)
			InitializePlatformSupportModulesInManaged (3ms)
			SetLoadedEditorAssemblies (5ms)
			BeforeProcessingInitializeOnLoad (114ms)
			ProcessInitializeOnLoadAttributes (361ms)
			ProcessInitializeOnLoadMethodAttributes (61ms)
			AfterProcessingInitializeOnLoad (8ms)
			EditorAssembliesLoaded (0ms)
		ExecutionOrderSort2 (0ms)
		AwakeInstancesAfterBackupRestoration (12ms)
Refreshing native plugins compatible for Editor in 2.29 ms, found 3 plugins.
Preloading 0 native plugins for Editor in 0.00 ms.
Unloading 32 Unused Serialized files (Serialized files now loaded: 0)
Unloading 6145 unused Assets / (6.2 MB). Loaded Objects now: 6797.
Memory consumption went from 147.3 MB to 141.1 MB.
Total: 18.823200 ms (FindLiveObjects: 1.398800 ms CreateObjectMapping: 0.587800 ms MarkObjects: 8.892700 ms  DeleteObjects: 7.942300 ms)

Prepare: number of updated asset objects reloaded= 0
========================================================================
Received Prepare
Begin MonoManager ReloadAssembly
- Loaded All Assemblies, in  0.727 seconds
Refreshing native plugins compatible for Editor in 1.20 ms, found 3 plugins.
Native extension for WindowsStandalone target not found
Native extension for WebGL target not found
Mono: successfully reloaded assembly
- Finished resetting the current domain, in  0.740 seconds
Domain Reload Profiling: 1465ms
	BeginReloadAssembly (187ms)
		ExecutionOrderSort (0ms)
		DisableScriptedObjects (7ms)
		BackupInstance (0ms)
		ReleaseScriptingObjects (0ms)
		CreateAndSetChildDomain (44ms)
	RebuildCommonClasses (36ms)
	RebuildNativeTypeToScriptingClass (13ms)
	initialDomainReloadingComplete (30ms)
	LoadAllAssembliesAndSetupDomain (458ms)
		LoadAssemblies (362ms)
		RebuildTransferFunctionScriptingTraits (0ms)
		AnalyzeDomain (189ms)
			TypeCache.Refresh (8ms)
				TypeCache.ScanAssembly (0ms)
			BuildScriptInfoCaches (164ms)
			ResolveRequiredComponents (11ms)
	FinalizeReload (741ms)
		ReleaseScriptCaches (0ms)
		RebuildScriptCaches (0ms)
		SetupLoadedEditorAssemblies (561ms)
			LogAssemblyErrors (0ms)
			InitializePlatformSupportModulesInManaged (3ms)
			SetLoadedEditorAssemblies (5ms)
			BeforeProcessingInitializeOnLoad (114ms)
			ProcessInitializeOnLoadAttributes (371ms)
			ProcessInitializeOnLoadMethodAttributes (60ms)
			AfterProcessingInitializeOnLoad (8ms)
			EditorAssembliesLoaded (0ms)
		ExecutionOrderSort2 (0ms)
		AwakeInstancesAfterBackupRestoration (10ms)
Refreshing native plugins compatible for Editor in 2.21 ms, found 3 plugins.
Preloading 0 native plugins for Editor in 0.00 ms.
Unloading 32 Unused Serialized files (Serialized files now loaded: 0)
Unloading 6145 unused Assets / (6.1 MB). Loaded Objects now: 6799.
Memory consumption went from 147.3 MB to 141.2 MB.
Total: 19.309700 ms (FindLiveObjects: 1.489600 ms CreateObjectMapping: 1.023200 ms MarkObjects: 9.253200 ms  DeleteObjects: 7.541800 ms)

Prepare: number of updated asset objects reloaded= 1
========================================================================
Received Prepare
Refreshing native plugins compatible for Editor in 3.20 ms, found 3 plugins.
Preloading 0 native plugins for Editor in 0.00 ms.
Unloading 32 Unused Serialized files (Serialized files now loaded: 0)
Unloading 6138 unused Assets / (6.9 MB). Loaded Objects now: 6799.
Memory consumption went from 147.5 MB to 140.6 MB.
Total: 26.572100 ms (FindLiveObjects: 2.186200 ms CreateObjectMapping: 1.063200 ms MarkObjects: 13.925100 ms  DeleteObjects: 9.394800 ms)

Prepare: number of updated asset objects reloaded= 0
