Using pre-set license
Built from '6000.0/release' branch; Version is '6000.0.46f1 (fb93bc360d3a) revision 16487356'; Using compiler version '193933523'; Build Type 'Release'
OS: 'Windows 11  (10.0.26100) 64bit Professional' Language: 'en' Physical Memory: 32693 MB
BatchMode: 1, IsHumanControllingUs: 0, StartBugReporterOnCrash: 0, Is64bit: 1, IsPro: 1

COMMAND LINE ARGUMENTS:
C:\Program Files\Unity\Hub\Editor\6000.0.46f1\Editor\Unity.exe
-adb2
-batchMode
-noUpm
-name
AssetImportWorker8
-projectPath
C:/Users/compu/git/unity-game/sci-tactics
-logFile
Logs/AssetImportWorker8.log
-srvPort
49898
-job-worker-count
11
-background-job-worker-count
8
-gc-helper-count
1
Successfully changed project path to: C:/Users/compu/git/unity-game/sci-tactics
C:/Users/compu/git/unity-game/sci-tactics
[UnityMemory] Configuration Parameters - Can be set up in boot.config
    "memorysetup-bucket-allocator-granularity=16"
    "memorysetup-bucket-allocator-bucket-count=8"
    "memorysetup-bucket-allocator-block-size=33554432"
    "memorysetup-bucket-allocator-block-count=8"
    "memorysetup-main-allocator-block-size=16777216"
    "memorysetup-thread-allocator-block-size=16777216"
    "memorysetup-gfx-main-allocator-block-size=16777216"
    "memorysetup-gfx-thread-allocator-block-size=16777216"
    "memorysetup-cache-allocator-block-size=4194304"
    "memorysetup-typetree-allocator-block-size=2097152"
    "memorysetup-profiler-bucket-allocator-granularity=16"
    "memorysetup-profiler-bucket-allocator-bucket-count=8"
    "memorysetup-profiler-bucket-allocator-block-size=33554432"
    "memorysetup-profiler-bucket-allocator-block-count=8"
    "memorysetup-profiler-allocator-block-size=16777216"
    "memorysetup-profiler-editor-allocator-block-size=1048576"
    "memorysetup-temp-allocator-size-main=16777216"
    "memorysetup-job-temp-allocator-block-size=2097152"
    "memorysetup-job-temp-allocator-block-size-background=1048576"
    "memorysetup-job-temp-allocator-reduction-small-platforms=262144"
    "memorysetup-allocator-temp-initial-block-size-main=262144"
    "memorysetup-allocator-temp-initial-block-size-worker=262144"
    "memorysetup-temp-allocator-size-background-worker=32768"
    "memorysetup-temp-allocator-size-job-worker=262144"
    "memorysetup-temp-allocator-size-preload-manager=33554432"
    "memorysetup-temp-allocator-size-nav-mesh-worker=65536"
    "memorysetup-temp-allocator-size-audio-worker=65536"
    "memorysetup-temp-allocator-size-cloud-worker=32768"
    "memorysetup-temp-allocator-size-gi-baking-worker=262144"
    "memorysetup-temp-allocator-size-gi-baking-worker=262144"
    "memorysetup-temp-allocator-size-gi-baking-worker=262144"
    "memorysetup-temp-allocator-size-gi-baking-worker=262144"
    "memorysetup-temp-allocator-size-gi-baking-worker=262144"
    "memorysetup-temp-allocator-size-gfx=262144"
Player connection [24256]  Target information:

Player connection [24256]  * "[IP] 192.168.0.33 [Port] 0 [Flags] 2 [Guid] 861145513 [EditorId] 861145513 [Version] 1048832 [Id] WindowsEditor(7,wet-again) [Debug] 1 [PackageName] WindowsEditor [ProjectName] Editor" 

Player connection [24256]  * "[IP] 192.168.0.39 [Port] 0 [Flags] 2 [Guid] 861145513 [EditorId] 861145513 [Version] 1048832 [Id] WindowsEditor(7,wet-again) [Debug] 1 [PackageName] WindowsEditor [ProjectName] Editor" 

Player connection [24256] Host joined multi-casting on [225.0.0.222:54997]...
Player connection [24256] Host joined alternative multi-casting on [225.0.0.222:34997]...
JobSystem: Creating JobQueue using job-worker-count value 11
Input System module state changed to: Initialized.
[Physics::Module] Initialized fallback backend.
[Physics::Module] Id: 0xdecafbad
Library Redirect Path: Library/
[Physics::Module] Selected backend.
[Physics::Module] Name: PhysX
[Physics::Module] Id: 0xf2b8ea05
[Physics::Module] SDK Version: 4.1.2
[Physics::Module] Integration Version: 1.0.0
[Physics::Module] Threading Mode: Multi-Threaded
Refreshing native plugins compatible for Editor in 1.62 ms, found 3 plugins.
Preloading 0 native plugins for Editor in 0.00 ms.
Initialize engine version: 6000.0.46f1 (fb93bc360d3a)
[Subsystems] Discovering subsystems at path C:/Program Files/Unity/Hub/Editor/6000.0.46f1/Editor/Data/Resources/UnitySubsystems
[Subsystems] Discovering subsystems at path C:/Users/compu/git/unity-game/sci-tactics/Assets
GfxDevice: creating device client; kGfxThreadingModeNonThreaded
Direct3D:
    Version:  Direct3D 11.0 [level 11.1]
    Renderer: NVIDIA GeForce RTX 4060 (ID=0x2882)
    Vendor:   NVIDIA
    VRAM:     7957 MB
    Driver:   32.0.15.7260
Initialize mono
Mono path[0] = 'C:/Program Files/Unity/Hub/Editor/6000.0.46f1/Editor/Data/Managed'
Mono path[1] = 'C:/Program Files/Unity/Hub/Editor/6000.0.46f1/Editor/Data/MonoBleedingEdge/lib/mono/unityjit-win32'
Mono config path = 'C:/Program Files/Unity/Hub/Editor/6000.0.46f1/Editor/Data/MonoBleedingEdge/etc'
Using monoOptions --debugger-agent=transport=dt_socket,embedding=1,server=y,suspend=n,address=127.0.0.1:56052
Begin MonoManager ReloadAssembly
Registering precompiled unity dll's ...
Register platform support module: C:/Program Files/Unity/Hub/Editor/6000.0.46f1/Editor/Data/PlaybackEngines/WebGLSupport/UnityEditor.WebGL.Extensions.dll
Register platform support module: C:/Program Files/Unity/Hub/Editor/6000.0.46f1/Editor/Data/PlaybackEngines/WindowsStandaloneSupport/UnityEditor.WindowsStandalone.Extensions.dll
Registered in 0.003970 seconds.
- Loaded All Assemblies, in  0.399 seconds
Native extension for WindowsStandalone target not found
Native extension for WebGL target not found
Mono: successfully reloaded assembly
- Finished resetting the current domain, in  0.321 seconds
Domain Reload Profiling: 718ms
	BeginReloadAssembly (126ms)
		ExecutionOrderSort (0ms)
		DisableScriptedObjects (0ms)
		BackupInstance (0ms)
		ReleaseScriptingObjects (0ms)
		CreateAndSetChildDomain (1ms)
	RebuildCommonClasses (41ms)
	RebuildNativeTypeToScriptingClass (13ms)
	initialDomainReloadingComplete (53ms)
	LoadAllAssembliesAndSetupDomain (164ms)
		LoadAssemblies (122ms)
		RebuildTransferFunctionScriptingTraits (0ms)
		AnalyzeDomain (161ms)
			TypeCache.Refresh (160ms)
				TypeCache.ScanAssembly (147ms)
			BuildScriptInfoCaches (0ms)
			ResolveRequiredComponents (0ms)
	FinalizeReload (322ms)
		ReleaseScriptCaches (0ms)
		RebuildScriptCaches (0ms)
		SetupLoadedEditorAssemblies (278ms)
			LogAssemblyErrors (0ms)
			InitializePlatformSupportModulesInManaged (25ms)
			SetLoadedEditorAssemblies (4ms)
			BeforeProcessingInitializeOnLoad (50ms)
			ProcessInitializeOnLoadAttributes (148ms)
			ProcessInitializeOnLoadMethodAttributes (50ms)
			AfterProcessingInitializeOnLoad (0ms)
			EditorAssembliesLoaded (0ms)
		ExecutionOrderSort2 (0ms)
		AwakeInstancesAfterBackupRestoration (0ms)
========================================================================
Worker process is ready to serve import requests
Import Worker Mode flag is 0x00
Begin MonoManager ReloadAssembly
- Loaded All Assemblies, in  0.774 seconds
Refreshing native plugins compatible for Editor in 1.03 ms, found 3 plugins.
Native extension for WindowsStandalone target not found
Native extension for WebGL target not found
Mono: successfully reloaded assembly
- Finished resetting the current domain, in  0.720 seconds
Domain Reload Profiling: 1489ms
	BeginReloadAssembly (161ms)
		ExecutionOrderSort (0ms)
		DisableScriptedObjects (6ms)
		BackupInstance (0ms)
		ReleaseScriptingObjects (0ms)
		CreateAndSetChildDomain (27ms)
	RebuildCommonClasses (37ms)
	RebuildNativeTypeToScriptingClass (12ms)
	initialDomainReloadingComplete (38ms)
	LoadAllAssembliesAndSetupDomain (521ms)
		LoadAssemblies (374ms)
		RebuildTransferFunctionScriptingTraits (0ms)
		AnalyzeDomain (239ms)
			TypeCache.Refresh (174ms)
				TypeCache.ScanAssembly (159ms)
			BuildScriptInfoCaches (51ms)
			ResolveRequiredComponents (10ms)
	FinalizeReload (720ms)
		ReleaseScriptCaches (0ms)
		RebuildScriptCaches (0ms)
		SetupLoadedEditorAssemblies (574ms)
			LogAssemblyErrors (0ms)
			InitializePlatformSupportModulesInManaged (3ms)
			SetLoadedEditorAssemblies (3ms)
			BeforeProcessingInitializeOnLoad (111ms)
			ProcessInitializeOnLoadAttributes (360ms)
			ProcessInitializeOnLoadMethodAttributes (91ms)
			AfterProcessingInitializeOnLoad (6ms)
			EditorAssembliesLoaded (0ms)
		ExecutionOrderSort2 (0ms)
		AwakeInstancesAfterBackupRestoration (5ms)
Launched and connected shader compiler UnityShaderCompiler.exe after 0.01 seconds
Refreshing native plugins compatible for Editor in 1.68 ms, found 3 plugins.
Preloading 0 native plugins for Editor in 0.00 ms.
Unloading 192 Unused Serialized files (Serialized files now loaded: 0)
Unloading 6149 unused Assets / (6.2 MB). Loaded Objects now: 6792.
Memory consumption went from 159.5 MB to 153.3 MB.
Total: 16.034000 ms (FindLiveObjects: 1.322000 ms CreateObjectMapping: 0.451500 ms MarkObjects: 8.061600 ms  DeleteObjects: 6.197200 ms)

========================================================================
Received Import Request.
  Time since last request: 2417.392275 seconds.
  path: Packages/com.unity.2d.tilemap/Editor/Icons/Tilemap.ShowGrid@2x.png
  artifactKey: Guid(db1e8fc8f15be484bb9f866640b84c04) Importer(815301076,1909f56bfc062723c751e8b465ee728b)
Start importing Packages/com.unity.2d.tilemap/Editor/Icons/Tilemap.ShowGrid@2x.png using Guid(db1e8fc8f15be484bb9f866640b84c04) Importer(815301076,1909f56bfc062723c751e8b465ee728b) (PreviewImporter) -> (artifact id: '978d51d826945d9e512f9cd83186c124') in 0.1115617 seconds
Number of updated asset objects reloaded before import = 0Number of asset objects unloaded after import = 3

========================================================================
Received Import Request.
  Time since last request: 0.000024 seconds.
  path: Assets/techdemo-Assets/Tilemap/IsometricZAsY/Tilemaps/Isometric/Colliders/ColliderSprites/tile-border-top.png
  artifactKey: Guid(6b19fa030e22a4aa7a4ebc2029911cf4) Importer(815301076,1909f56bfc062723c751e8b465ee728b)
Start importing Assets/techdemo-Assets/Tilemap/IsometricZAsY/Tilemaps/Isometric/Colliders/ColliderSprites/tile-border-top.png using Guid(6b19fa030e22a4aa7a4ebc2029911cf4) Importer(815301076,1909f56bfc062723c751e8b465ee728b) (PreviewImporter) -> (artifact id: 'fe409a360a8970265d632ca0fc526c13') in 0.0144467 seconds
Number of updated asset objects reloaded before import = 0Number of asset objects unloaded after import = 3

========================================================================
Received Import Request.
  Time since last request: 0.000031 seconds.
  path: Packages/com.unity.2d.tilemap/Editor/Icons/Tilemap.BrushPicks@4x.png
  artifactKey: Guid(45612d93bb71d8f48bb1dba4b0f5caac) Importer(815301076,1909f56bfc062723c751e8b465ee728b)
Start importing Packages/com.unity.2d.tilemap/Editor/Icons/Tilemap.BrushPicks@4x.png using Guid(45612d93bb71d8f48bb1dba4b0f5caac) Importer(815301076,1909f56bfc062723c751e8b465ee728b) (PreviewImporter) -> (artifact id: '3919e06c38ff3e9c919f12782f3e80b3') in 0.0173424 seconds
Number of updated asset objects reloaded before import = 0Number of asset objects unloaded after import = 3

========================================================================
Received Import Request.
  Time since last request: 0.000018 seconds.
  path: Packages/com.unity.2d.tilemap/Editor/Icons/Tilemap.EditPalette.png
  artifactKey: Guid(4858e04232af5e340922812cd3697086) Importer(815301076,1909f56bfc062723c751e8b465ee728b)
Start importing Packages/com.unity.2d.tilemap/Editor/Icons/Tilemap.EditPalette.png using Guid(4858e04232af5e340922812cd3697086) Importer(815301076,1909f56bfc062723c751e8b465ee728b) (PreviewImporter) -> (artifact id: '4340afb9ef82c7f0e6bdc1519d0de50b') in 0.0159041 seconds
Number of updated asset objects reloaded before import = 0Number of asset objects unloaded after import = 3

========================================================================
Received Import Request.
  Time since last request: 0.000015 seconds.
  path: Packages/com.unity.2d.tilemap/Editor/Icons/Tilemap.FocusNone.png
  artifactKey: Guid(592cc37b962a5604599e514ecc35f4b2) Importer(815301076,1909f56bfc062723c751e8b465ee728b)
Start importing Packages/com.unity.2d.tilemap/Editor/Icons/Tilemap.FocusNone.png using Guid(592cc37b962a5604599e514ecc35f4b2) Importer(815301076,1909f56bfc062723c751e8b465ee728b) (PreviewImporter) -> (artifact id: '08f0da4b1b787c2ac6a1dbdb41a6517b') in 0.0161906 seconds
Number of updated asset objects reloaded before import = 0Number of asset objects unloaded after import = 3

========================================================================
Received Import Request.
  Time since last request: 0.000014 seconds.
  path: Packages/com.unity.2d.tilemap/Editor/Icons/Tilemap.GridPaint.png
  artifactKey: Guid(1915f55bbb9484044b7829d1df0b4abf) Importer(815301076,1909f56bfc062723c751e8b465ee728b)
Start importing Packages/com.unity.2d.tilemap/Editor/Icons/Tilemap.GridPaint.png using Guid(1915f55bbb9484044b7829d1df0b4abf) Importer(815301076,1909f56bfc062723c751e8b465ee728b) (PreviewImporter) -> (artifact id: '25749ebc6aa6b6e66f230d33fae8fd2c') in 0.0237797 seconds
Number of updated asset objects reloaded before import = 0Number of asset objects unloaded after import = 3

========================================================================
Received Import Request.
  Time since last request: 3.694768 seconds.
  path: Packages/com.unity.render-pipelines.universal/Editor/2D/Resources/Sparkle.png
  artifactKey: Guid(4a0aca3a5f2effb41b43cc0a1661d845) Importer(815301076,1909f56bfc062723c751e8b465ee728b)
Start importing Packages/com.unity.render-pipelines.universal/Editor/2D/Resources/Sparkle.png using Guid(4a0aca3a5f2effb41b43cc0a1661d845) Importer(815301076,1909f56bfc062723c751e8b465ee728b) (PreviewImporter) -> (artifact id: '0044076338bc082527429c74ce715249') in 0.0202384 seconds
Number of updated asset objects reloaded before import = 0Number of asset objects unloaded after import = 3

========================================================================
Received Import Request.
  Time since last request: 0.025236 seconds.
  path: Packages/com.unity.render-pipelines.core/Editor/LookDev/Icons/RightArrow.png
  artifactKey: Guid(df4dc708bd8692446a6d5c3531ac377b) Importer(815301076,1909f56bfc062723c751e8b465ee728b)
Start importing Packages/com.unity.render-pipelines.core/Editor/LookDev/Icons/RightArrow.png using Guid(df4dc708bd8692446a6d5c3531ac377b) Importer(815301076,1909f56bfc062723c751e8b465ee728b) (PreviewImporter) -> (artifact id: '1204bd97f9f2fc1fdf1fb5432749203a') in 0.0155841 seconds
Number of updated asset objects reloaded before import = 0Number of asset objects unloaded after import = 3

========================================================================
Received Import Request.
  Time since last request: 0.000020 seconds.
  path: Packages/com.unity.render-pipelines.core/Editor/LookDev/Icons/Rotation@2x.png
  artifactKey: Guid(e9af78578671a3345b8cbf82f1f030b5) Importer(815301076,1909f56bfc062723c751e8b465ee728b)
Start importing Packages/com.unity.render-pipelines.core/Editor/LookDev/Icons/Rotation@2x.png using Guid(e9af78578671a3345b8cbf82f1f030b5) Importer(815301076,1909f56bfc062723c751e8b465ee728b) (PreviewImporter) -> (artifact id: '55652a4d27f9411fa586692111a4e36d') in 0.0167732 seconds
Number of updated asset objects reloaded before import = 0Number of asset objects unloaded after import = 3

========================================================================
Received Import Request.
  Time since last request: 0.045110 seconds.
  path: Packages/com.unity.collab-proxy/Editor/Assets/Images/iconinviteusers.png
  artifactKey: Guid(40e23f4f2fddc724db517c63f4d8990d) Importer(815301076,1909f56bfc062723c751e8b465ee728b)
Start importing Packages/com.unity.collab-proxy/Editor/Assets/Images/iconinviteusers.png using Guid(40e23f4f2fddc724db517c63f4d8990d) Importer(815301076,1909f56bfc062723c751e8b465ee728b) (PreviewImporter) -> (artifact id: '047974417135cbb11828784cbf86e5c1') in 0.0148617 seconds
Number of updated asset objects reloaded before import = 0Number of asset objects unloaded after import = 3

========================================================================
Received Import Request.
  Time since last request: 0.000022 seconds.
  path: Packages/com.unity.collab-proxy/Editor/Assets/Images/iconlock@2x.png
  artifactKey: Guid(ba96945b6a1b743579931a87e98041fe) Importer(815301076,1909f56bfc062723c751e8b465ee728b)
Start importing Packages/com.unity.collab-proxy/Editor/Assets/Images/iconlock@2x.png using Guid(ba96945b6a1b743579931a87e98041fe) Importer(815301076,1909f56bfc062723c751e8b465ee728b) (PreviewImporter) -> (artifact id: '9d8013578ee9a923bfe3debcc95b9fbc') in 0.0138798 seconds
Number of updated asset objects reloaded before import = 0Number of asset objects unloaded after import = 3

========================================================================
Received Import Request.
  Time since last request: 0.000024 seconds.
  path: Assets/techdemo-Assets/Tilemap/Rule Tiles/Ladder Tile/Sprites/ladder.png
  artifactKey: Guid(c880ac2f074d0e949bbd557566f06215) Importer(815301076,1909f56bfc062723c751e8b465ee728b)
Start importing Assets/techdemo-Assets/Tilemap/Rule Tiles/Ladder Tile/Sprites/ladder.png using Guid(c880ac2f074d0e949bbd557566f06215) Importer(815301076,1909f56bfc062723c751e8b465ee728b) (PreviewImporter) -> (artifact id: '1a50152f146304645aee4ba798c75833') in 0.0194345 seconds
Number of updated asset objects reloaded before import = 0Number of asset objects unloaded after import = 5

========================================================================
Received Import Request.
  Time since last request: 0.000018 seconds.
  path: Packages/com.unity.render-pipelines.core/Editor/LookDev/Icons/LayoutCustom.png
  artifactKey: Guid(1cc4a70085896c04bbfbf60669963fc8) Importer(815301076,1909f56bfc062723c751e8b465ee728b)
Start importing Packages/com.unity.render-pipelines.core/Editor/LookDev/Icons/LayoutCustom.png using Guid(1cc4a70085896c04bbfbf60669963fc8) Importer(815301076,1909f56bfc062723c751e8b465ee728b) (PreviewImporter) -> (artifact id: 'a588c9cb401d824f8db10efdd050b23c') in 0.0140304 seconds
Number of updated asset objects reloaded before import = 0Number of asset objects unloaded after import = 3

========================================================================
Received Import Request.
  Time since last request: 0.000022 seconds.
  path: Packages/com.unity.2d.tilemap.extras/Editor/Brushes/LineBrush/LineBrush.png
  artifactKey: Guid(51f8e00edbbd44f1c896a0da0d300315) Importer(815301076,1909f56bfc062723c751e8b465ee728b)
Start importing Packages/com.unity.2d.tilemap.extras/Editor/Brushes/LineBrush/LineBrush.png using Guid(51f8e00edbbd44f1c896a0da0d300315) Importer(815301076,1909f56bfc062723c751e8b465ee728b) (PreviewImporter) -> (artifact id: '403f49daaa838fc2a96623d3d592dc08') in 0.0151884 seconds
Number of updated asset objects reloaded before import = 0Number of asset objects unloaded after import = 3

========================================================================
Received Import Request.
  Time since last request: 0.000028 seconds.
  path: Packages/com.unity.render-pipelines.core/Editor/LookDev/Icons/LookDev@2x.png
  artifactKey: Guid(bd76726ffb1eb94429fb8143429bd978) Importer(815301076,1909f56bfc062723c751e8b465ee728b)
Start importing Packages/com.unity.render-pipelines.core/Editor/LookDev/Icons/LookDev@2x.png using Guid(bd76726ffb1eb94429fb8143429bd978) Importer(815301076,1909f56bfc062723c751e8b465ee728b) (PreviewImporter) -> (artifact id: 'af1f2d160d6e593ce26ec24fe3d94120') in 0.0145423 seconds
Number of updated asset objects reloaded before import = 0Number of asset objects unloaded after import = 3

========================================================================
Received Import Request.
  Time since last request: 0.028729 seconds.
  path: Packages/com.unity.2d.tilemap/Editor/Icons/d_Tilemap.ShowTilePalette@4x.png
  artifactKey: Guid(2d8829bed74ac1940856f77a49d02bfb) Importer(815301076,1909f56bfc062723c751e8b465ee728b)
Start importing Packages/com.unity.2d.tilemap/Editor/Icons/d_Tilemap.ShowTilePalette@4x.png using Guid(2d8829bed74ac1940856f77a49d02bfb) Importer(815301076,1909f56bfc062723c751e8b465ee728b) (PreviewImporter) -> (artifact id: '184c7793dde55eadfb02dc5bce8ae362') in 0.0157598 seconds
Number of updated asset objects reloaded before import = 0Number of asset objects unloaded after import = 3

========================================================================
Received Import Request.
  Time since last request: 0.000016 seconds.
  path: Assets/techdemo-Assets/Tilemap/IsometricZAsY/Tilemaps/Isometric/Sprites/Desert/Flat/desert-sliced_01.png
  artifactKey: Guid(3997bbb2174dc6342bee8b8803a2ffe2) Importer(815301076,1909f56bfc062723c751e8b465ee728b)
Start importing Assets/techdemo-Assets/Tilemap/IsometricZAsY/Tilemaps/Isometric/Sprites/Desert/Flat/desert-sliced_01.png using Guid(3997bbb2174dc6342bee8b8803a2ffe2) Importer(815301076,1909f56bfc062723c751e8b465ee728b) (PreviewImporter) -> (artifact id: 'c19052a61b88a041e09ecf9a0d2d6c84') in 0.0154195 seconds
Number of updated asset objects reloaded before import = 0Number of asset objects unloaded after import = 3

========================================================================
Received Import Request.
  Time since last request: 0.000019 seconds.
  path: Assets/techdemo-Assets/Tilemap/IsometricZAsY/Tilemaps/Isometric/Sprites/Desert/Flat/desert-sliced_08.png
  artifactKey: Guid(fabb83d01aa016848a2741f371a1ccbd) Importer(815301076,1909f56bfc062723c751e8b465ee728b)
Start importing Assets/techdemo-Assets/Tilemap/IsometricZAsY/Tilemaps/Isometric/Sprites/Desert/Flat/desert-sliced_08.png using Guid(fabb83d01aa016848a2741f371a1ccbd) Importer(815301076,1909f56bfc062723c751e8b465ee728b) (PreviewImporter) -> (artifact id: '7816a6e500c88c4065741b9a361d87f8') in 0.0135817 seconds
Number of updated asset objects reloaded before import = 0Number of asset objects unloaded after import = 3

========================================================================
Received Import Request.
  Time since last request: 0.000017 seconds.
  path: Assets/techdemo-Assets/Tilemap/IsometricZAsY/Tilemaps/Isometric/Sprites/Desert/Flat/desert-sliced_17.png
  artifactKey: Guid(4495010f0f608e84498564b6ae27cfff) Importer(815301076,1909f56bfc062723c751e8b465ee728b)
Start importing Assets/techdemo-Assets/Tilemap/IsometricZAsY/Tilemaps/Isometric/Sprites/Desert/Flat/desert-sliced_17.png using Guid(4495010f0f608e84498564b6ae27cfff) Importer(815301076,1909f56bfc062723c751e8b465ee728b) (PreviewImporter) -> (artifact id: '9120219f597c49f07f09d1c19487e16e') in 0.0147513 seconds
Number of updated asset objects reloaded before import = 0Number of asset objects unloaded after import = 3

========================================================================
Received Import Request.
  Time since last request: 0.000026 seconds.
  path: Assets/techdemo-Assets/Tilemap/IsometricZAsY/Tilemaps/Isometric/Sprites/Desert/Raised/desert-sliced_31.png
  artifactKey: Guid(29ac072f835dc6945b5e1d0aa71dcc03) Importer(815301076,1909f56bfc062723c751e8b465ee728b)
Start importing Assets/techdemo-Assets/Tilemap/IsometricZAsY/Tilemaps/Isometric/Sprites/Desert/Raised/desert-sliced_31.png using Guid(29ac072f835dc6945b5e1d0aa71dcc03) Importer(815301076,1909f56bfc062723c751e8b465ee728b) (PreviewImporter) -> (artifact id: '8a76bcf9b9873f2bb721532871a7feca') in 0.015567 seconds
Number of updated asset objects reloaded before import = 0Number of asset objects unloaded after import = 3

========================================================================
Received Import Request.
  Time since last request: 0.000032 seconds.
  path: Assets/techdemo-Assets/Tilemap/IsometricZAsY/Tilemaps/Isometric/Sprites/Desert/Raised/desert-sliced_41.png
  artifactKey: Guid(bf7ebbf343cee7c4b9c1a7c3f629ecfe) Importer(815301076,1909f56bfc062723c751e8b465ee728b)
Start importing Assets/techdemo-Assets/Tilemap/IsometricZAsY/Tilemaps/Isometric/Sprites/Desert/Raised/desert-sliced_41.png using Guid(bf7ebbf343cee7c4b9c1a7c3f629ecfe) Importer(815301076,1909f56bfc062723c751e8b465ee728b) (PreviewImporter) -> (artifact id: 'd6da44ba1e0a12f30e3c8d6cb3d3a077') in 0.0144048 seconds
Number of updated asset objects reloaded before import = 0Number of asset objects unloaded after import = 3

========================================================================
Received Import Request.
  Time since last request: 0.000019 seconds.
  path: Assets/techdemo-Assets/Tilemap/IsometricZAsY/Tilemaps/Isometric/Sprites/Desert/Decoration/desert-sliced_55.png
  artifactKey: Guid(ed50c1ae4775eea499022f215889061f) Importer(815301076,1909f56bfc062723c751e8b465ee728b)
Start importing Assets/techdemo-Assets/Tilemap/IsometricZAsY/Tilemaps/Isometric/Sprites/Desert/Decoration/desert-sliced_55.png using Guid(ed50c1ae4775eea499022f215889061f) Importer(815301076,1909f56bfc062723c751e8b465ee728b) (PreviewImporter) -> (artifact id: '645d278e9892f50c79bfe9633b60f155') in 0.0146936 seconds
Number of updated asset objects reloaded before import = 0Number of asset objects unloaded after import = 3

========================================================================
Received Import Request.
  Time since last request: 0.000022 seconds.
  path: Assets/techdemo-Assets/Tilemap/IsometricZAsY/Tilemaps/Isometric/Sprites/Desert/Decoration/desert-sliced_62.png
  artifactKey: Guid(bafd22bb916594742a7c301816c24d94) Importer(815301076,1909f56bfc062723c751e8b465ee728b)
Start importing Assets/techdemo-Assets/Tilemap/IsometricZAsY/Tilemaps/Isometric/Sprites/Desert/Decoration/desert-sliced_62.png using Guid(bafd22bb916594742a7c301816c24d94) Importer(815301076,1909f56bfc062723c751e8b465ee728b) (PreviewImporter) -> (artifact id: 'b90ad8576969d7342532cf371dfc6718') in 0.0154114 seconds
Number of updated asset objects reloaded before import = 0Number of asset objects unloaded after import = 3

========================================================================
Received Import Request.
  Time since last request: 0.000019 seconds.
  path: Assets/techdemo-Assets/Tilemap/Destructible/Sprites/destruct.PNG
  artifactKey: Guid(6effb0022735ead45acf361ef8832074) Importer(815301076,1909f56bfc062723c751e8b465ee728b)
Start importing Assets/techdemo-Assets/Tilemap/Destructible/Sprites/destruct.PNG using Guid(6effb0022735ead45acf361ef8832074) Importer(815301076,1909f56bfc062723c751e8b465ee728b) (PreviewImporter) -> (artifact id: '6636391258ca217edf6c8184c2339c14') in 0.0948592 seconds
Number of updated asset objects reloaded before import = 0Number of asset objects unloaded after import = 52

========================================================================
Received Import Request.
  Time since last request: 0.000022 seconds.
  path: Packages/com.unity.render-pipelines.core/Editor/LookDev/Icons/d_CenterLight@2x.png
  artifactKey: Guid(a14e6ee680df42f4c99bf69bc3d6b9ca) Importer(815301076,1909f56bfc062723c751e8b465ee728b)
Start importing Packages/com.unity.render-pipelines.core/Editor/LookDev/Icons/d_CenterLight@2x.png using Guid(a14e6ee680df42f4c99bf69bc3d6b9ca) Importer(815301076,1909f56bfc062723c751e8b465ee728b) (PreviewImporter) -> (artifact id: 'd909f664726f021a1a9d23f15d3c4f93') in 0.0157669 seconds
Number of updated asset objects reloaded before import = 0Number of asset objects unloaded after import = 3

========================================================================
Received Import Request.
  Time since last request: 0.000028 seconds.
  path: Packages/com.unity.2d.tilemap/Editor/Icons/d_EditorUI.Filter@2x.png
  artifactKey: Guid(24a4dd7831e4a46f593e94273994b42c) Importer(815301076,1909f56bfc062723c751e8b465ee728b)
Start importing Packages/com.unity.2d.tilemap/Editor/Icons/d_EditorUI.Filter@2x.png using Guid(24a4dd7831e4a46f593e94273994b42c) Importer(815301076,1909f56bfc062723c751e8b465ee728b) (PreviewImporter) -> (artifact id: '45485958919bfa5694caef3292008ddb') in 0.0156536 seconds
Number of updated asset objects reloaded before import = 0Number of asset objects unloaded after import = 3

========================================================================
Received Import Request.
  Time since last request: 0.000023 seconds.
  path: Packages/com.unity.2d.tilemap/Editor/Icons/d_EditorUI.TargetHover@4x.png
  artifactKey: Guid(dd81f55787e496249bb4111007562ef5) Importer(815301076,1909f56bfc062723c751e8b465ee728b)
Start importing Packages/com.unity.2d.tilemap/Editor/Icons/d_EditorUI.TargetHover@4x.png using Guid(dd81f55787e496249bb4111007562ef5) Importer(815301076,1909f56bfc062723c751e8b465ee728b) (PreviewImporter) -> (artifact id: '75ccd5ea3e8ede08e977c5eba43b8c90') in 0.0153619 seconds
Number of updated asset objects reloaded before import = 0Number of asset objects unloaded after import = 3

========================================================================
Received Import Request.
  Time since last request: 0.000019 seconds.
  path: Packages/com.unity.2d.tilemap/Editor/Icons/d_Grid.FlipY.png
  artifactKey: Guid(0219184e13f92e94896b4df6846db652) Importer(815301076,1909f56bfc062723c751e8b465ee728b)
Start importing Packages/com.unity.2d.tilemap/Editor/Icons/d_Grid.FlipY.png using Guid(0219184e13f92e94896b4df6846db652) Importer(815301076,1909f56bfc062723c751e8b465ee728b) (PreviewImporter) -> (artifact id: '468268d4e99b3177b2bcae8aba94c2e8') in 0.0136441 seconds
Number of updated asset objects reloaded before import = 0Number of asset objects unloaded after import = 3

========================================================================
Received Import Request.
  Time since last request: 0.000018 seconds.
  path: Packages/com.unity.2d.tilemap.extras/Editor/Brushes/GroupBrush/d_GroupBrush.png
  artifactKey: Guid(b5650d2786c7443fe80be179cf75a907) Importer(815301076,1909f56bfc062723c751e8b465ee728b)
Start importing Packages/com.unity.2d.tilemap.extras/Editor/Brushes/GroupBrush/d_GroupBrush.png using Guid(b5650d2786c7443fe80be179cf75a907) Importer(815301076,1909f56bfc062723c751e8b465ee728b) (PreviewImporter) -> (artifact id: '3a7d2c4492e24538d98b459313a26bca') in 0.0148189 seconds
Number of updated asset objects reloaded before import = 0Number of asset objects unloaded after import = 3

========================================================================
Received Import Request.
  Time since last request: 0.000015 seconds.
  path: Packages/com.unity.collab-proxy/Editor/Assets/Images/d_iconbrex@2x.png
  artifactKey: Guid(9b76c79563c3a274aa48b0dbdf009693) Importer(815301076,1909f56bfc062723c751e8b465ee728b)
Start importing Packages/com.unity.collab-proxy/Editor/Assets/Images/d_iconbrex@2x.png using Guid(9b76c79563c3a274aa48b0dbdf009693) Importer(815301076,1909f56bfc062723c751e8b465ee728b) (PreviewImporter) -> (artifact id: '5d48e2a90de6039be1bcc1317238c5c1') in 0.0153554 seconds
Number of updated asset objects reloaded before import = 0Number of asset objects unloaded after import = 3

========================================================================
Received Import Request.
  Time since last request: 0.000021 seconds.
  path: Packages/com.unity.collab-proxy/Editor/Assets/Images/d_iconlock@2x.png
  artifactKey: Guid(55747841a2e3b47dab36dc8d5e0dc4df) Importer(815301076,1909f56bfc062723c751e8b465ee728b)
Start importing Packages/com.unity.collab-proxy/Editor/Assets/Images/d_iconlock@2x.png using Guid(55747841a2e3b47dab36dc8d5e0dc4df) Importer(815301076,1909f56bfc062723c751e8b465ee728b) (PreviewImporter) -> (artifact id: 'de7a8392e12e7091e91a6ff33b09704a') in 0.0146381 seconds
Number of updated asset objects reloaded before import = 0Number of asset objects unloaded after import = 3

========================================================================
Received Import Request.
  Time since last request: 0.000026 seconds.
  path: Packages/com.unity.render-pipelines.core/Editor/LookDev/Icons/d_Layout2.png
  artifactKey: Guid(98b5b3e7c51d32547b9b09232034b5d5) Importer(815301076,1909f56bfc062723c751e8b465ee728b)
Start importing Packages/com.unity.render-pipelines.core/Editor/LookDev/Icons/d_Layout2.png using Guid(98b5b3e7c51d32547b9b09232034b5d5) Importer(815301076,1909f56bfc062723c751e8b465ee728b) (PreviewImporter) -> (artifact id: '498158d77a787fdda1c3f0896640484b') in 0.0163054 seconds
Number of updated asset objects reloaded before import = 0Number of asset objects unloaded after import = 3

========================================================================
Received Import Request.
  Time since last request: 0.000018 seconds.
  path: Packages/com.unity.render-pipelines.core/Editor/LookDev/Icons/d_LayoutHorizontal.png
  artifactKey: Guid(83cbec96661199e408a744d4c3e586e2) Importer(815301076,1909f56bfc062723c751e8b465ee728b)
Start importing Packages/com.unity.render-pipelines.core/Editor/LookDev/Icons/d_LayoutHorizontal.png using Guid(83cbec96661199e408a744d4c3e586e2) Importer(815301076,1909f56bfc062723c751e8b465ee728b) (PreviewImporter) -> (artifact id: '207c2a5cf819e60b6c59e93e0c60cd9c') in 0.0133126 seconds
Number of updated asset objects reloaded before import = 0Number of asset objects unloaded after import = 3

========================================================================
Received Import Request.
  Time since last request: 0.000016 seconds.
  path: Packages/com.unity.render-pipelines.core/Editor/LookDev/Icons/d_LeftArrow.png
  artifactKey: Guid(84189b4c7caeef3419b6b031b8812685) Importer(815301076,1909f56bfc062723c751e8b465ee728b)
Start importing Packages/com.unity.render-pipelines.core/Editor/LookDev/Icons/d_LeftArrow.png using Guid(84189b4c7caeef3419b6b031b8812685) Importer(815301076,1909f56bfc062723c751e8b465ee728b) (PreviewImporter) -> (artifact id: '9e9abbd183bffe05244c99f15bff0ba1') in 0.0147376 seconds
Number of updated asset objects reloaded before import = 0Number of asset objects unloaded after import = 3

========================================================================
Received Import Request.
  Time since last request: 0.000017 seconds.
  path: Packages/com.unity.render-pipelines.core/Editor/LookDev/Icons/d_Link@2x.png
  artifactKey: Guid(2b06c35710693f640babb3dcf747d06a) Importer(815301076,1909f56bfc062723c751e8b465ee728b)
Start importing Packages/com.unity.render-pipelines.core/Editor/LookDev/Icons/d_Link@2x.png using Guid(2b06c35710693f640babb3dcf747d06a) Importer(815301076,1909f56bfc062723c751e8b465ee728b) (PreviewImporter) -> (artifact id: '6a0d335f2376af2c19d9c9802a283e6d') in 0.0132415 seconds
Number of updated asset objects reloaded before import = 0Number of asset objects unloaded after import = 3

========================================================================
Received Import Request.
  Time since last request: 0.000023 seconds.
  path: Packages/com.unity.2d.tilemap.extras/Editor/Brushes/RandomBrush/d_RandomBrush@4x.png
  artifactKey: Guid(56f61a79c270140abaf437ddccf9e4ca) Importer(815301076,1909f56bfc062723c751e8b465ee728b)
Start importing Packages/com.unity.2d.tilemap.extras/Editor/Brushes/RandomBrush/d_RandomBrush@4x.png using Guid(56f61a79c270140abaf437ddccf9e4ca) Importer(815301076,1909f56bfc062723c751e8b465ee728b) (PreviewImporter) -> (artifact id: 'dd7ba64f078f51ef6bb3b78dbef8f201') in 0.0157367 seconds
Number of updated asset objects reloaded before import = 0Number of asset objects unloaded after import = 3

========================================================================
Received Import Request.
  Time since last request: 0.000024 seconds.
  path: Packages/com.unity.render-pipelines.core/Editor/LookDev/Icons/d_RenderDoc@2x.png
  artifactKey: Guid(9c63b51755ec8c845b857cc73a35d606) Importer(815301076,1909f56bfc062723c751e8b465ee728b)
Start importing Packages/com.unity.render-pipelines.core/Editor/LookDev/Icons/d_RenderDoc@2x.png using Guid(9c63b51755ec8c845b857cc73a35d606) Importer(815301076,1909f56bfc062723c751e8b465ee728b) (PreviewImporter) -> (artifact id: '4bc25a94972c93979241f8e625035d6e') in 0.0163307 seconds
Number of updated asset objects reloaded before import = 0Number of asset objects unloaded after import = 3

========================================================================
Received Import Request.
  Time since last request: 0.000025 seconds.
  path: Packages/com.unity.render-pipelines.core/Editor/LookDev/Icons/d_SunPosition@2x.png
  artifactKey: Guid(ba2d3d7d05fd3e046b6d413365e9b11e) Importer(815301076,1909f56bfc062723c751e8b465ee728b)
Start importing Packages/com.unity.render-pipelines.core/Editor/LookDev/Icons/d_SunPosition@2x.png using Guid(ba2d3d7d05fd3e046b6d413365e9b11e) Importer(815301076,1909f56bfc062723c751e8b465ee728b) (PreviewImporter) -> (artifact id: 'b8dfbbb4ea95c7744b73e02227e994d1') in 0.0152813 seconds
Number of updated asset objects reloaded before import = 0Number of asset objects unloaded after import = 3

========================================================================
Received Import Request.
  Time since last request: 0.000019 seconds.
  path: Packages/com.unity.2d.tilemap/Editor/Icons/d_Tilemap.BrushSettings.png
  artifactKey: Guid(1cea3c0d30c40344881603d28240cfd3) Importer(815301076,1909f56bfc062723c751e8b465ee728b)
Start importing Packages/com.unity.2d.tilemap/Editor/Icons/d_Tilemap.BrushSettings.png using Guid(1cea3c0d30c40344881603d28240cfd3) Importer(815301076,1909f56bfc062723c751e8b465ee728b) (PreviewImporter) -> (artifact id: 'c3dfe99710456f04f07202c734ce431c') in 0.019273 seconds
Number of updated asset objects reloaded before import = 0Number of asset objects unloaded after import = 3

========================================================================
Received Import Request.
  Time since last request: 1.066982 seconds.
  path: Packages/com.unity.2d.tilemap/Editor/Icons/d_Tilemap.DefaultBrush.png
  artifactKey: Guid(12e04f72413abf04fb4a5f79e70822ff) Importer(815301076,1909f56bfc062723c751e8b465ee728b)
Start importing Packages/com.unity.2d.tilemap/Editor/Icons/d_Tilemap.DefaultBrush.png using Guid(12e04f72413abf04fb4a5f79e70822ff) Importer(815301076,1909f56bfc062723c751e8b465ee728b) (PreviewImporter) -> (artifact id: '912a3901882069b8fba45f176ecf452d') in 0.0139401 seconds
Number of updated asset objects reloaded before import = 0Number of asset objects unloaded after import = 3

========================================================================
Received Import Request.
  Time since last request: 0.000017 seconds.
  path: Packages/com.unity.2d.tilemap/Editor/Icons/d_Tilemap.EditPalette@2x.png
  artifactKey: Guid(8cbab190b527bd44e8bf5afbc79095e8) Importer(815301076,1909f56bfc062723c751e8b465ee728b)
Start importing Packages/com.unity.2d.tilemap/Editor/Icons/d_Tilemap.EditPalette@2x.png using Guid(8cbab190b527bd44e8bf5afbc79095e8) Importer(815301076,1909f56bfc062723c751e8b465ee728b) (PreviewImporter) -> (artifact id: '1dab2026d138b66d231102d4e83d26bf') in 0.0147222 seconds
Number of updated asset objects reloaded before import = 0Number of asset objects unloaded after import = 3

========================================================================
Received Import Request.
  Time since last request: 0.102807 seconds.
  path: Assets/techdemo-Assets/Tilemap/Rule Tiles/Custom Rule Tile/Sprites/dungeonblue.png
  artifactKey: Guid(1323b38fd2229a441a036c00a0c74fa7) Importer(815301076,1909f56bfc062723c751e8b465ee728b)
Start importing Assets/techdemo-Assets/Tilemap/Rule Tiles/Custom Rule Tile/Sprites/dungeonblue.png using Guid(1323b38fd2229a441a036c00a0c74fa7) Importer(815301076,1909f56bfc062723c751e8b465ee728b) (PreviewImporter) -> (artifact id: 'a8f4ffe7ae9f9141db65f17b845a76c5') in 0.0381764 seconds
Number of updated asset objects reloaded before import = 0Number of asset objects unloaded after import = 18

========================================================================
Received Import Request.
  Time since last request: 0.000018 seconds.
  path: Packages/com.unity.2d.tilemap/Editor/Icons/EditorUI.Target@2x.png
  artifactKey: Guid(f8eef1ebd82d467428620ec2c02bc50a) Importer(815301076,1909f56bfc062723c751e8b465ee728b)
Start importing Packages/com.unity.2d.tilemap/Editor/Icons/EditorUI.Target@2x.png using Guid(f8eef1ebd82d467428620ec2c02bc50a) Importer(815301076,1909f56bfc062723c751e8b465ee728b) (PreviewImporter) -> (artifact id: '2666dab21aa08e779edb120044a0b732') in 0.016284 seconds
Number of updated asset objects reloaded before import = 0Number of asset objects unloaded after import = 3

========================================================================
Received Import Request.
  Time since last request: 0.020348 seconds.
  path: Packages/com.unity.2d.tilemap.extras/Editor/Brushes/RandomBrush/RandomBrush.png
  artifactKey: Guid(b7d42367c2bb040c3846aba77adc0dab) Importer(815301076,1909f56bfc062723c751e8b465ee728b)
Start importing Packages/com.unity.2d.tilemap.extras/Editor/Brushes/RandomBrush/RandomBrush.png using Guid(b7d42367c2bb040c3846aba77adc0dab) Importer(815301076,1909f56bfc062723c751e8b465ee728b) (PreviewImporter) -> (artifact id: '821aa9d28dd0466ccd025ecfd5ca73d0') in 0.0183728 seconds
Number of updated asset objects reloaded before import = 0Number of asset objects unloaded after import = 3

========================================================================
Received Import Request.
  Time since last request: 0.000025 seconds.
  path: Packages/com.unity.render-pipelines.core/Editor/LookDev/Icons/Remove@2x.png
  artifactKey: Guid(049c8a7821177594692244298d82e4af) Importer(815301076,1909f56bfc062723c751e8b465ee728b)
Start importing Packages/com.unity.render-pipelines.core/Editor/LookDev/Icons/Remove@2x.png using Guid(049c8a7821177594692244298d82e4af) Importer(815301076,1909f56bfc062723c751e8b465ee728b) (PreviewImporter) -> (artifact id: 'ed5a9783eb517df3482e5e9b8cdb30ef') in 0.0460075 seconds
Number of updated asset objects reloaded before import = 0Number of asset objects unloaded after import = 3

========================================================================
Received Prepare
Refreshing native plugins compatible for Editor in 1.98 ms, found 3 plugins.
Preloading 0 native plugins for Editor in 0.00 ms.
Unloading 32 Unused Serialized files (Serialized files now loaded: 0)
Unloading 6141 unused Assets / (6.3 MB). Loaded Objects now: 6809.
Memory consumption went from 139.1 MB to 132.9 MB.
Total: 22.627700 ms (FindLiveObjects: 2.196400 ms CreateObjectMapping: 0.974600 ms MarkObjects: 12.446500 ms  DeleteObjects: 7.007900 ms)

Prepare: number of updated asset objects reloaded= 0
========================================================================
Received Prepare
Begin MonoManager ReloadAssembly
- Loaded All Assemblies, in  0.868 seconds
Refreshing native plugins compatible for Editor in 1.52 ms, found 3 plugins.
Native extension for WindowsStandalone target not found
Native extension for WebGL target not found
Mono: successfully reloaded assembly
- Finished resetting the current domain, in  0.795 seconds
Domain Reload Profiling: 1660ms
	BeginReloadAssembly (210ms)
		ExecutionOrderSort (0ms)
		DisableScriptedObjects (8ms)
		BackupInstance (0ms)
		ReleaseScriptingObjects (0ms)
		CreateAndSetChildDomain (57ms)
	RebuildCommonClasses (40ms)
	RebuildNativeTypeToScriptingClass (14ms)
	initialDomainReloadingComplete (33ms)
	LoadAllAssembliesAndSetupDomain (567ms)
		LoadAssemblies (456ms)
		RebuildTransferFunctionScriptingTraits (0ms)
		AnalyzeDomain (209ms)
			TypeCache.Refresh (11ms)
				TypeCache.ScanAssembly (1ms)
			BuildScriptInfoCaches (183ms)
			ResolveRequiredComponents (11ms)
	FinalizeReload (795ms)
		ReleaseScriptCaches (0ms)
		RebuildScriptCaches (0ms)
		SetupLoadedEditorAssemblies (573ms)
			LogAssemblyErrors (0ms)
			InitializePlatformSupportModulesInManaged (3ms)
			SetLoadedEditorAssemblies (7ms)
			BeforeProcessingInitializeOnLoad (130ms)
			ProcessInitializeOnLoadAttributes (370ms)
			ProcessInitializeOnLoadMethodAttributes (57ms)
			AfterProcessingInitializeOnLoad (6ms)
			EditorAssembliesLoaded (0ms)
		ExecutionOrderSort2 (0ms)
		AwakeInstancesAfterBackupRestoration (10ms)
Refreshing native plugins compatible for Editor in 2.16 ms, found 3 plugins.
Preloading 0 native plugins for Editor in 0.00 ms.
Unloading 42 Unused Serialized files (Serialized files now loaded: 0)
Unloading 6148 unused Assets / (6.2 MB). Loaded Objects now: 6823.
Memory consumption went from 152.4 MB to 146.1 MB.
Total: 18.699000 ms (FindLiveObjects: 1.672700 ms CreateObjectMapping: 0.688500 ms MarkObjects: 9.094700 ms  DeleteObjects: 7.240600 ms)

Prepare: number of updated asset objects reloaded= 0
========================================================================
Received Prepare
Refreshing native plugins compatible for Editor in 2.29 ms, found 3 plugins.
Preloading 0 native plugins for Editor in 0.00 ms.
Unloading 32 Unused Serialized files (Serialized files now loaded: 0)
Unloading 6140 unused Assets / (7.3 MB). Loaded Objects now: 6822.
Memory consumption went from 150.8 MB to 143.5 MB.
Total: 24.988300 ms (FindLiveObjects: 2.207500 ms CreateObjectMapping: 0.735900 ms MarkObjects: 11.660700 ms  DeleteObjects: 10.382100 ms)

Prepare: number of updated asset objects reloaded= 0
========================================================================
Received Prepare
Begin MonoManager ReloadAssembly
- Loaded All Assemblies, in  0.960 seconds
Refreshing native plugins compatible for Editor in 2.03 ms, found 3 plugins.
Native extension for WindowsStandalone target not found
Native extension for WebGL target not found
Mono: successfully reloaded assembly
- Finished resetting the current domain, in  0.796 seconds
Domain Reload Profiling: 1750ms
	BeginReloadAssembly (240ms)
		ExecutionOrderSort (0ms)
		DisableScriptedObjects (12ms)
		BackupInstance (0ms)
		ReleaseScriptingObjects (0ms)
		CreateAndSetChildDomain (54ms)
	RebuildCommonClasses (58ms)
	RebuildNativeTypeToScriptingClass (20ms)
	initialDomainReloadingComplete (46ms)
	LoadAllAssembliesAndSetupDomain (590ms)
		LoadAssemblies (448ms)
		RebuildTransferFunctionScriptingTraits (0ms)
		AnalyzeDomain (264ms)
			TypeCache.Refresh (15ms)
				TypeCache.ScanAssembly (1ms)
			BuildScriptInfoCaches (229ms)
			ResolveRequiredComponents (15ms)
	FinalizeReload (797ms)
		ReleaseScriptCaches (0ms)
		RebuildScriptCaches (0ms)
		SetupLoadedEditorAssemblies (563ms)
			LogAssemblyErrors (0ms)
			InitializePlatformSupportModulesInManaged (4ms)
			SetLoadedEditorAssemblies (6ms)
			BeforeProcessingInitializeOnLoad (144ms)
			ProcessInitializeOnLoadAttributes (339ms)
			ProcessInitializeOnLoadMethodAttributes (61ms)
			AfterProcessingInitializeOnLoad (9ms)
			EditorAssembliesLoaded (0ms)
		ExecutionOrderSort2 (0ms)
		AwakeInstancesAfterBackupRestoration (12ms)
Refreshing native plugins compatible for Editor in 2.31 ms, found 3 plugins.
Preloading 0 native plugins for Editor in 0.00 ms.
Unloading 32 Unused Serialized files (Serialized files now loaded: 0)
Unloading 6147 unused Assets / (6.5 MB). Loaded Objects now: 6824.
Memory consumption went from 150.6 MB to 144.2 MB.
Total: 18.537900 ms (FindLiveObjects: 1.431800 ms CreateObjectMapping: 0.591800 ms MarkObjects: 8.822000 ms  DeleteObjects: 7.689600 ms)

Prepare: number of updated asset objects reloaded= 0
========================================================================
Received Import Request.
  Time since last request: 324.606106 seconds.
  path: Assets/Blocks/blocks_2.png
  artifactKey: Guid(d3165eb7c173fbe4f8c62e0c8f6350ae) Importer(815301076,1909f56bfc062723c751e8b465ee728b)
Start importing Assets/Blocks/blocks_2.png using Guid(d3165eb7c173fbe4f8c62e0c8f6350ae) Importer(815301076,1909f56bfc062723c751e8b465ee728b) (PreviewImporter) -> (artifact id: 'b332cf31189fb1fe09e5b80c7731545e') in 0.0725941 seconds
Number of updated asset objects reloaded before import = 20Number of asset objects unloaded after import = 2

========================================================================
Received Import Request.
  Time since last request: 0.000021 seconds.
  path: Assets/Blocks/blocks_10.png
  artifactKey: Guid(37f31fe887f9cad44aafc82aa28cd7c0) Importer(815301076,1909f56bfc062723c751e8b465ee728b)
Start importing Assets/Blocks/blocks_10.png using Guid(37f31fe887f9cad44aafc82aa28cd7c0) Importer(815301076,1909f56bfc062723c751e8b465ee728b) (PreviewImporter) -> (artifact id: 'f3e694be8ed27a41233628f28287cdb1') in 0.0171693 seconds
Number of updated asset objects reloaded before import = 0Number of asset objects unloaded after import = 2

========================================================================
Received Import Request.
  Time since last request: 0.000025 seconds.
  path: Assets/Blocks/blocks_14.png
  artifactKey: Guid(4c2fbeda1d4b8b54998730932e72c33b) Importer(815301076,1909f56bfc062723c751e8b465ee728b)
Start importing Assets/Blocks/blocks_14.png using Guid(4c2fbeda1d4b8b54998730932e72c33b) Importer(815301076,1909f56bfc062723c751e8b465ee728b) (PreviewImporter) -> (artifact id: 'd1ebe813277cebb3d5519d765d867356') in 0.0141825 seconds
Number of updated asset objects reloaded before import = 0Number of asset objects unloaded after import = 2

========================================================================
Received Import Request.
  Time since last request: 0.000021 seconds.
  path: Assets/Blocks/blocks_18.png
  artifactKey: Guid(9c85eb55488394f48b289f64b3bf9729) Importer(815301076,1909f56bfc062723c751e8b465ee728b)
Start importing Assets/Blocks/blocks_18.png using Guid(9c85eb55488394f48b289f64b3bf9729) Importer(815301076,1909f56bfc062723c751e8b465ee728b) (PreviewImporter) -> (artifact id: '3ffe0ad2bc702c9d0df9cc37d49b8669') in 0.0138188 seconds
Number of updated asset objects reloaded before import = 0Number of asset objects unloaded after import = 2

========================================================================
Received Import Request.
  Time since last request: 0.000019 seconds.
  path: Assets/Blocks/blocks_26.png
  artifactKey: Guid(ce06462385d6b2c40b77ef8e6bc266f3) Importer(815301076,1909f56bfc062723c751e8b465ee728b)
Start importing Assets/Blocks/blocks_26.png using Guid(ce06462385d6b2c40b77ef8e6bc266f3) Importer(815301076,1909f56bfc062723c751e8b465ee728b) (PreviewImporter) -> (artifact id: '7aeefb93796f3b80dc2d438afc2c0966') in 0.0143392 seconds
Number of updated asset objects reloaded before import = 0Number of asset objects unloaded after import = 2

========================================================================
Received Import Request.
  Time since last request: 0.000017 seconds.
  path: Assets/Blocks/blocks_29.png
  artifactKey: Guid(509c41622427dca459252a581e5f05ba) Importer(815301076,1909f56bfc062723c751e8b465ee728b)
Start importing Assets/Blocks/blocks_29.png using Guid(509c41622427dca459252a581e5f05ba) Importer(815301076,1909f56bfc062723c751e8b465ee728b) (PreviewImporter) -> (artifact id: '714c1a671b1bd2a78dddf73b4b28d28c') in 0.0124874 seconds
Number of updated asset objects reloaded before import = 0Number of asset objects unloaded after import = 2

========================================================================
Received Import Request.
  Time since last request: 0.000019 seconds.
  path: Assets/Blocks/blocks_34.png
  artifactKey: Guid(88a186dcd97385b4e9ba7d1070c4d7af) Importer(815301076,1909f56bfc062723c751e8b465ee728b)
Start importing Assets/Blocks/blocks_34.png using Guid(88a186dcd97385b4e9ba7d1070c4d7af) Importer(815301076,1909f56bfc062723c751e8b465ee728b) (PreviewImporter) -> (artifact id: 'db0a87b7bac608c8d2d4044d75490bf6') in 0.013906 seconds
Number of updated asset objects reloaded before import = 0Number of asset objects unloaded after import = 2

========================================================================
Received Import Request.
  Time since last request: 0.000016 seconds.
  path: Assets/Blocks/blocks_40.png
  artifactKey: Guid(a8364a2c96f307b49837fb230f1785c2) Importer(815301076,1909f56bfc062723c751e8b465ee728b)
Start importing Assets/Blocks/blocks_40.png using Guid(a8364a2c96f307b49837fb230f1785c2) Importer(815301076,1909f56bfc062723c751e8b465ee728b) (PreviewImporter) -> (artifact id: '43250a51bb5899fc828bdc457c8e81be') in 0.0137736 seconds
Number of updated asset objects reloaded before import = 0Number of asset objects unloaded after import = 2

========================================================================
Received Import Request.
  Time since last request: 0.000018 seconds.
  path: Assets/Blocks/blocks_44.png
  artifactKey: Guid(0f2ab26000f48544ca33ded7c5ed4a74) Importer(815301076,1909f56bfc062723c751e8b465ee728b)
Start importing Assets/Blocks/blocks_44.png using Guid(0f2ab26000f48544ca33ded7c5ed4a74) Importer(815301076,1909f56bfc062723c751e8b465ee728b) (PreviewImporter) -> (artifact id: '0703a800f31c73486e843d1ace2cb323') in 0.0143738 seconds
Number of updated asset objects reloaded before import = 0Number of asset objects unloaded after import = 2

========================================================================
Received Import Request.
  Time since last request: 0.000032 seconds.
  path: Assets/Blocks/blocks_45.png
  artifactKey: Guid(66fd2c56017c3704a94009f4ce293d0e) Importer(815301076,1909f56bfc062723c751e8b465ee728b)
Start importing Assets/Blocks/blocks_45.png using Guid(66fd2c56017c3704a94009f4ce293d0e) Importer(815301076,1909f56bfc062723c751e8b465ee728b) (PreviewImporter) -> (artifact id: '3c4a7f017e15295c6c9f09428b57ce82') in 0.012615 seconds
Number of updated asset objects reloaded before import = 0Number of asset objects unloaded after import = 2

========================================================================
Received Import Request.
  Time since last request: 0.000013 seconds.
  path: Assets/Blocks/blocks_37.png
  artifactKey: Guid(3c56a2213c95d7543a636b831268694e) Importer(815301076,1909f56bfc062723c751e8b465ee728b)
Start importing Assets/Blocks/blocks_37.png using Guid(3c56a2213c95d7543a636b831268694e) Importer(815301076,1909f56bfc062723c751e8b465ee728b) (PreviewImporter) -> (artifact id: '515fa978b94bd8bccdab3763fb097aaa') in 0.0131169 seconds
Number of updated asset objects reloaded before import = 0Number of asset objects unloaded after import = 2

========================================================================
Received Import Request.
  Time since last request: 0.000016 seconds.
  path: Assets/Blocks/blocks_63.png
  artifactKey: Guid(59eab5f760eddaf43847179d17ad6800) Importer(815301076,1909f56bfc062723c751e8b465ee728b)
Start importing Assets/Blocks/blocks_63.png using Guid(59eab5f760eddaf43847179d17ad6800) Importer(815301076,1909f56bfc062723c751e8b465ee728b) (PreviewImporter) -> (artifact id: '185139f90ec5d9fd48c719884b2d910f') in 0.0164312 seconds
Number of updated asset objects reloaded before import = 0Number of asset objects unloaded after import = 2

========================================================================
Received Import Request.
  Time since last request: 0.000027 seconds.
  path: Assets/Blocks/blocks_69.png
  artifactKey: Guid(738838e85932d8346b60f4d2c87e3b48) Importer(815301076,1909f56bfc062723c751e8b465ee728b)
Start importing Assets/Blocks/blocks_69.png using Guid(738838e85932d8346b60f4d2c87e3b48) Importer(815301076,1909f56bfc062723c751e8b465ee728b) (PreviewImporter) -> (artifact id: 'dced78c91efab9640b33d3e8c1a7be50') in 0.0143338 seconds
Number of updated asset objects reloaded before import = 0Number of asset objects unloaded after import = 2

========================================================================
Received Import Request.
  Time since last request: 0.000016 seconds.
  path: Assets/Blocks/blocks_76.png
  artifactKey: Guid(97e92232abebc57418a5e3cf0e3c91d2) Importer(815301076,1909f56bfc062723c751e8b465ee728b)
Start importing Assets/Blocks/blocks_76.png using Guid(97e92232abebc57418a5e3cf0e3c91d2) Importer(815301076,1909f56bfc062723c751e8b465ee728b) (PreviewImporter) -> (artifact id: '49c74a70a6c231a675faa31b816d7db0') in 0.0134865 seconds
Number of updated asset objects reloaded before import = 0Number of asset objects unloaded after import = 2

========================================================================
Received Import Request.
  Time since last request: 0.000020 seconds.
  path: Assets/Blocks/blocks_8.png
  artifactKey: Guid(dd4a2f8366e7474429749032d0d8c93a) Importer(815301076,1909f56bfc062723c751e8b465ee728b)
Start importing Assets/Blocks/blocks_8.png using Guid(dd4a2f8366e7474429749032d0d8c93a) Importer(815301076,1909f56bfc062723c751e8b465ee728b) (PreviewImporter) -> (artifact id: '197aa889aa90fc3f96b744671be00cbc') in 0.0147857 seconds
Number of updated asset objects reloaded before import = 0Number of asset objects unloaded after import = 2

========================================================================
Received Import Request.
  Time since last request: 0.000069 seconds.
  path: Assets/Blocks/blocks_33.png
  artifactKey: Guid(0b781d2d70c58504696ca0ac07ca0df1) Importer(815301076,1909f56bfc062723c751e8b465ee728b)
Start importing Assets/Blocks/blocks_33.png using Guid(0b781d2d70c58504696ca0ac07ca0df1) Importer(815301076,1909f56bfc062723c751e8b465ee728b) (PreviewImporter) -> (artifact id: '01dfcc6230c7fed0c72cbf16b6d0480a') in 0.0169031 seconds
Number of updated asset objects reloaded before import = 0Number of asset objects unloaded after import = 2

========================================================================
Received Import Request.
  Time since last request: 0.000017 seconds.
  path: Assets/Blocks/blocks_54.png
  artifactKey: Guid(0e247f8c309cc6b46bbe959fda7b8613) Importer(815301076,1909f56bfc062723c751e8b465ee728b)
Start importing Assets/Blocks/blocks_54.png using Guid(0e247f8c309cc6b46bbe959fda7b8613) Importer(815301076,1909f56bfc062723c751e8b465ee728b) (PreviewImporter) -> (artifact id: 'b53c6a847fa9da109a326f23727d6e3c') in 0.013076 seconds
Number of updated asset objects reloaded before import = 0Number of asset objects unloaded after import = 2

========================================================================
Received Import Request.
  Time since last request: 0.000018 seconds.
  path: Assets/Blocks/blocks_21.png
  artifactKey: Guid(e268e532ca3232d40917cecebec11714) Importer(815301076,1909f56bfc062723c751e8b465ee728b)
Start importing Assets/Blocks/blocks_21.png using Guid(e268e532ca3232d40917cecebec11714) Importer(815301076,1909f56bfc062723c751e8b465ee728b) (PreviewImporter) -> (artifact id: 'f7cbb52e39556cca18338b0db372a7dd') in 0.0139696 seconds
Number of updated asset objects reloaded before import = 0Number of asset objects unloaded after import = 2

========================================================================
Received Import Request.
  Time since last request: 0.000015 seconds.
  path: Assets/Blocks/blocks_20.png
  artifactKey: Guid(8e6f8682c90787f46a5e6859c61ef350) Importer(815301076,1909f56bfc062723c751e8b465ee728b)
Start importing Assets/Blocks/blocks_20.png using Guid(8e6f8682c90787f46a5e6859c61ef350) Importer(815301076,1909f56bfc062723c751e8b465ee728b) (PreviewImporter) -> (artifact id: 'e1f6a11f0ec24fe3df268f6c86710f27') in 0.0133325 seconds
Number of updated asset objects reloaded before import = 0Number of asset objects unloaded after import = 2

========================================================================
Received Import Request.
  Time since last request: 0.000017 seconds.
  path: Assets/Blocks/blocks_19.png
  artifactKey: Guid(b02ff70c3d75a59469951017a85677a2) Importer(815301076,1909f56bfc062723c751e8b465ee728b)
Start importing Assets/Blocks/blocks_19.png using Guid(b02ff70c3d75a59469951017a85677a2) Importer(815301076,1909f56bfc062723c751e8b465ee728b) (PreviewImporter) -> (artifact id: 'bf7e20a581c61a19a499e72514624fd2') in 0.0144072 seconds
Number of updated asset objects reloaded before import = 0Number of asset objects unloaded after import = 2

========================================================================
Received Import Request.
  Time since last request: 0.000023 seconds.
  path: Assets/Blocks/blocks_74.png
  artifactKey: Guid(9ffb58c55bc4f6c489196d011e424031) Importer(815301076,1909f56bfc062723c751e8b465ee728b)
Start importing Assets/Blocks/blocks_74.png using Guid(9ffb58c55bc4f6c489196d011e424031) Importer(815301076,1909f56bfc062723c751e8b465ee728b) (PreviewImporter) -> (artifact id: '4fdf3d74fc661ad47c462a97b2d04c3c') in 0.0164246 seconds
Number of updated asset objects reloaded before import = 0Number of asset objects unloaded after import = 2

========================================================================
Received Import Request.
  Time since last request: 0.000038 seconds.
  path: Assets/Blocks/blocks_31.png
  artifactKey: Guid(e0ca713f4c601f9418d2289f5ddaac4e) Importer(815301076,1909f56bfc062723c751e8b465ee728b)
Start importing Assets/Blocks/blocks_31.png using Guid(e0ca713f4c601f9418d2289f5ddaac4e) Importer(815301076,1909f56bfc062723c751e8b465ee728b) (PreviewImporter) -> (artifact id: 'a32100f1e519a7df695200c3d84c0aa9') in 0.0164497 seconds
Number of updated asset objects reloaded before import = 0Number of asset objects unloaded after import = 2

========================================================================
Received Import Request.
  Time since last request: 0.000018 seconds.
  path: Assets/Blocks/blocks_13.png
  artifactKey: Guid(f3e712f6111e8e34e8f079c08d697808) Importer(815301076,1909f56bfc062723c751e8b465ee728b)
Start importing Assets/Blocks/blocks_13.png using Guid(f3e712f6111e8e34e8f079c08d697808) Importer(815301076,1909f56bfc062723c751e8b465ee728b) (PreviewImporter) -> (artifact id: '63360b8590c1f61eeb4735a3596a39dd') in 0.0153178 seconds
Number of updated asset objects reloaded before import = 0Number of asset objects unloaded after import = 2

========================================================================
Received Import Request.
  Time since last request: 0.000016 seconds.
  path: Assets/Blocks/blocks_66.png
  artifactKey: Guid(10d7f1c2212f14b48a705b5c6358abcb) Importer(815301076,1909f56bfc062723c751e8b465ee728b)
Start importing Assets/Blocks/blocks_66.png using Guid(10d7f1c2212f14b48a705b5c6358abcb) Importer(815301076,1909f56bfc062723c751e8b465ee728b) (PreviewImporter) -> (artifact id: 'db3d319499d70959ccd656f1dcbe5ea2') in 0.014579 seconds
Number of updated asset objects reloaded before import = 0Number of asset objects unloaded after import = 2

========================================================================
Received Import Request.
  Time since last request: 0.000021 seconds.
  path: Assets/Blocks/blocks_71.png
  artifactKey: Guid(1e59c934489b30249a1488bf834f918c) Importer(815301076,1909f56bfc062723c751e8b465ee728b)
Start importing Assets/Blocks/blocks_71.png using Guid(1e59c934489b30249a1488bf834f918c) Importer(815301076,1909f56bfc062723c751e8b465ee728b) (PreviewImporter) -> (artifact id: '08605e093198dc08a1e4598e3564b20f') in 0.0153675 seconds
Number of updated asset objects reloaded before import = 0Number of asset objects unloaded after import = 2

========================================================================
Received Import Request.
  Time since last request: 0.000018 seconds.
  path: Assets/Blocks/blocks_68.png
  artifactKey: Guid(af4c2aa3cb3780348968ddcc3bb90c70) Importer(815301076,1909f56bfc062723c751e8b465ee728b)
Start importing Assets/Blocks/blocks_68.png using Guid(af4c2aa3cb3780348968ddcc3bb90c70) Importer(815301076,1909f56bfc062723c751e8b465ee728b) (PreviewImporter) -> (artifact id: '88acc8b3aaa8c58eabc24e46d48ed7da') in 0.0152605 seconds
Number of updated asset objects reloaded before import = 0Number of asset objects unloaded after import = 2

========================================================================
Received Import Request.
  Time since last request: 0.000022 seconds.
  path: Assets/Blocks/blocks_16.png
  artifactKey: Guid(345050f635e1a5249baf1d334f78ca59) Importer(815301076,1909f56bfc062723c751e8b465ee728b)
Start importing Assets/Blocks/blocks_16.png using Guid(345050f635e1a5249baf1d334f78ca59) Importer(815301076,1909f56bfc062723c751e8b465ee728b) (PreviewImporter) -> (artifact id: '9e2a01044ba966c4d1c0741a22232a02') in 0.0145816 seconds
Number of updated asset objects reloaded before import = 0Number of asset objects unloaded after import = 2

========================================================================
Received Import Request.
  Time since last request: 0.000029 seconds.
  path: Assets/Blocks/blocks_47.png
  artifactKey: Guid(493c6dc4e60787d4a93f6f57c1e0de13) Importer(815301076,1909f56bfc062723c751e8b465ee728b)
Start importing Assets/Blocks/blocks_47.png using Guid(493c6dc4e60787d4a93f6f57c1e0de13) Importer(815301076,1909f56bfc062723c751e8b465ee728b) (PreviewImporter) -> (artifact id: '40ca3197c40612bffa1b8b6c55f23b3a') in 0.0141557 seconds
Number of updated asset objects reloaded before import = 0Number of asset objects unloaded after import = 2

========================================================================
Received Import Request.
  Time since last request: 0.000018 seconds.
  path: Assets/Blocks/blocks_11.png
  artifactKey: Guid(8668d6359bffb1d4c8649ebc9e0392a5) Importer(815301076,1909f56bfc062723c751e8b465ee728b)
Start importing Assets/Blocks/blocks_11.png using Guid(8668d6359bffb1d4c8649ebc9e0392a5) Importer(815301076,1909f56bfc062723c751e8b465ee728b) (PreviewImporter) -> (artifact id: 'edf2ffc32dc5712cd597c0a4bdd85a3c') in 0.0155326 seconds
Number of updated asset objects reloaded before import = 0Number of asset objects unloaded after import = 2

========================================================================
Received Import Request.
  Time since last request: 0.000018 seconds.
  path: Assets/Blocks/blocks_57.png
  artifactKey: Guid(f9cf56ce4d3c5f647b341b22065133ee) Importer(815301076,1909f56bfc062723c751e8b465ee728b)
Start importing Assets/Blocks/blocks_57.png using Guid(f9cf56ce4d3c5f647b341b22065133ee) Importer(815301076,1909f56bfc062723c751e8b465ee728b) (PreviewImporter) -> (artifact id: '9685c4deba98363a13a1f937b67bd8b2') in 0.0148977 seconds
Number of updated asset objects reloaded before import = 0Number of asset objects unloaded after import = 2

========================================================================
Received Import Request.
  Time since last request: 0.000020 seconds.
  path: Assets/Blocks/blocks_36.png
  artifactKey: Guid(a6577809554dd6c4681ef3d14ff8e3ff) Importer(815301076,1909f56bfc062723c751e8b465ee728b)
Start importing Assets/Blocks/blocks_36.png using Guid(a6577809554dd6c4681ef3d14ff8e3ff) Importer(815301076,1909f56bfc062723c751e8b465ee728b) (PreviewImporter) -> (artifact id: 'a8f5f53c5d07509abe13b944e3ad411e') in 0.0150266 seconds
Number of updated asset objects reloaded before import = 0Number of asset objects unloaded after import = 2

========================================================================
Received Import Request.
  Time since last request: 0.000017 seconds.
  path: Assets/Blocks/blocks_48.png
  artifactKey: Guid(ca8f1db78dae6ec4480e636251d67ac3) Importer(815301076,1909f56bfc062723c751e8b465ee728b)
Start importing Assets/Blocks/blocks_48.png using Guid(ca8f1db78dae6ec4480e636251d67ac3) Importer(815301076,1909f56bfc062723c751e8b465ee728b) (PreviewImporter) -> (artifact id: 'e3883ab2ea886768f113757c8c64dda8') in 0.0149642 seconds
Number of updated asset objects reloaded before import = 0Number of asset objects unloaded after import = 2

========================================================================
Received Import Request.
  Time since last request: 0.000022 seconds.
  path: Assets/Blocks/blocks_62.png
  artifactKey: Guid(b3fd7af9a84f63b4ca1bcd10f2b053fc) Importer(815301076,1909f56bfc062723c751e8b465ee728b)
Start importing Assets/Blocks/blocks_62.png using Guid(b3fd7af9a84f63b4ca1bcd10f2b053fc) Importer(815301076,1909f56bfc062723c751e8b465ee728b) (PreviewImporter) -> (artifact id: '1e0e96eba094e3e2e6520897d959d63a') in 0.0143775 seconds
Number of updated asset objects reloaded before import = 0Number of asset objects unloaded after import = 2

========================================================================
Received Import Request.
  Time since last request: 0.000039 seconds.
  path: Assets/Blocks/blocks_49.png
  artifactKey: Guid(066fcbaec3c0f5348a1aadaedf925c33) Importer(815301076,1909f56bfc062723c751e8b465ee728b)
Start importing Assets/Blocks/blocks_49.png using Guid(066fcbaec3c0f5348a1aadaedf925c33) Importer(815301076,1909f56bfc062723c751e8b465ee728b) (PreviewImporter) -> (artifact id: '5ceec473d24b91c2d9f0914b0fd72068') in 0.0140713 seconds
Number of updated asset objects reloaded before import = 0Number of asset objects unloaded after import = 2

========================================================================
Received Import Request.
  Time since last request: 0.000022 seconds.
  path: Assets/Blocks/blocks_61.png
  artifactKey: Guid(6373dd83e9c849d4586de0f410a34949) Importer(815301076,1909f56bfc062723c751e8b465ee728b)
Start importing Assets/Blocks/blocks_61.png using Guid(6373dd83e9c849d4586de0f410a34949) Importer(815301076,1909f56bfc062723c751e8b465ee728b) (PreviewImporter) -> (artifact id: '75ccdca7cbae00b07ce0ea84c83ae3a0') in 0.0142458 seconds
Number of updated asset objects reloaded before import = 0Number of asset objects unloaded after import = 2

========================================================================
Received Import Request.
  Time since last request: 0.000021 seconds.
  path: Assets/Blocks/blocks_73.png
  artifactKey: Guid(0d576b10478cfe44aaefa3a2e98ad8e7) Importer(815301076,1909f56bfc062723c751e8b465ee728b)
Start importing Assets/Blocks/blocks_73.png using Guid(0d576b10478cfe44aaefa3a2e98ad8e7) Importer(815301076,1909f56bfc062723c751e8b465ee728b) (PreviewImporter) -> (artifact id: '4d1498e31fbe7f429ad1996dfd00dd85') in 0.0156929 seconds
Number of updated asset objects reloaded before import = 0Number of asset objects unloaded after import = 2

========================================================================
Received Import Request.
  Time since last request: 0.000018 seconds.
  path: Assets/Blocks/blocks_64.png
  artifactKey: Guid(b119749d8389cdf449369d978c41c8b9) Importer(815301076,1909f56bfc062723c751e8b465ee728b)
Start importing Assets/Blocks/blocks_64.png using Guid(b119749d8389cdf449369d978c41c8b9) Importer(815301076,1909f56bfc062723c751e8b465ee728b) (PreviewImporter) -> (artifact id: '9874a04f60fd8ada3c6d491e6890db17') in 0.0143587 seconds
Number of updated asset objects reloaded before import = 0Number of asset objects unloaded after import = 2

========================================================================
Received Import Request.
  Time since last request: 0.081410 seconds.
  path: Assets/Blocks/blocks_78.png
  artifactKey: Guid(8268706f249a49b47881bdd856b18dd2) Importer(815301076,1909f56bfc062723c751e8b465ee728b)
Start importing Assets/Blocks/blocks_78.png using Guid(8268706f249a49b47881bdd856b18dd2) Importer(815301076,1909f56bfc062723c751e8b465ee728b) (PreviewImporter) -> (artifact id: '6e0e8c18cda62fffdffb70ad48e1f92b') in 0.0122437 seconds
Number of updated asset objects reloaded before import = 0Number of asset objects unloaded after import = 2

========================================================================
Received Import Request.
  Time since last request: 0.000017 seconds.
  path: Assets/Blocks/blocks_80.png
  artifactKey: Guid(df95f7ed49868b14c909b9d74ed3b209) Importer(815301076,1909f56bfc062723c751e8b465ee728b)
Start importing Assets/Blocks/blocks_80.png using Guid(df95f7ed49868b14c909b9d74ed3b209) Importer(815301076,1909f56bfc062723c751e8b465ee728b) (PreviewImporter) -> (artifact id: 'fc056777d8661c0dc208a1b76ba67222') in 0.0124511 seconds
Number of updated asset objects reloaded before import = 0Number of asset objects unloaded after import = 2

========================================================================
Received Import Request.
  Time since last request: 0.000017 seconds.
  path: Assets/Blocks/blocks_84.png
  artifactKey: Guid(ce17d77c7052f5743a52dd79bdbdfa4b) Importer(815301076,1909f56bfc062723c751e8b465ee728b)
Start importing Assets/Blocks/blocks_84.png using Guid(ce17d77c7052f5743a52dd79bdbdfa4b) Importer(815301076,1909f56bfc062723c751e8b465ee728b) (PreviewImporter) -> (artifact id: 'f2929069a5b74a03eba5962f49027797') in 0.0148507 seconds
Number of updated asset objects reloaded before import = 0Number of asset objects unloaded after import = 2

========================================================================
Received Import Request.
  Time since last request: 0.000023 seconds.
  path: Assets/Blocks/blocks_88.png
  artifactKey: Guid(b606494f7259b274faddf53f53014292) Importer(815301076,1909f56bfc062723c751e8b465ee728b)
Start importing Assets/Blocks/blocks_88.png using Guid(b606494f7259b274faddf53f53014292) Importer(815301076,1909f56bfc062723c751e8b465ee728b) (PreviewImporter) -> (artifact id: '1278058f95ff53b2011d8bafa056f00e') in 0.0153757 seconds
Number of updated asset objects reloaded before import = 0Number of asset objects unloaded after import = 2

========================================================================
Received Import Request.
  Time since last request: 0.000039 seconds.
  path: Assets/Blocks/blocks_85.png
  artifactKey: Guid(e8f3e8035537f2b4ab1b50b1fb93f0ba) Importer(815301076,1909f56bfc062723c751e8b465ee728b)
Start importing Assets/Blocks/blocks_85.png using Guid(e8f3e8035537f2b4ab1b50b1fb93f0ba) Importer(815301076,1909f56bfc062723c751e8b465ee728b) (PreviewImporter) -> (artifact id: 'bd9c5ea071086a7a6a75b8a7c3614dfe') in 0.0126441 seconds
Number of updated asset objects reloaded before import = 0Number of asset objects unloaded after import = 2

========================================================================
Received Import Request.
  Time since last request: 0.000017 seconds.
  path: Assets/Blocks/blocks_100.png
  artifactKey: Guid(0ab2a8577cfbfe84391dd4a6690e22ef) Importer(815301076,1909f56bfc062723c751e8b465ee728b)
Start importing Assets/Blocks/blocks_100.png using Guid(0ab2a8577cfbfe84391dd4a6690e22ef) Importer(815301076,1909f56bfc062723c751e8b465ee728b) (PreviewImporter) -> (artifact id: 'fd10e6ec27d1591b5ca36ea312af5d7b') in 0.0138246 seconds
Number of updated asset objects reloaded before import = 0Number of asset objects unloaded after import = 2

========================================================================
Received Import Request.
  Time since last request: 0.000018 seconds.
  path: Assets/Blocks/blocks_82.png
  artifactKey: Guid(48cf2f177be833e428f854d90744a2a8) Importer(815301076,1909f56bfc062723c751e8b465ee728b)
Start importing Assets/Blocks/blocks_82.png using Guid(48cf2f177be833e428f854d90744a2a8) Importer(815301076,1909f56bfc062723c751e8b465ee728b) (PreviewImporter) -> (artifact id: '095b893e3c41bc7cc89c56d73f71627f') in 0.0132993 seconds
Number of updated asset objects reloaded before import = 0Number of asset objects unloaded after import = 2

========================================================================
Received Import Request.
  Time since last request: 0.000028 seconds.
  path: Assets/Blocks/blocks_99.png
  artifactKey: Guid(7da3eb76a138f7f44b90474f371fc1fb) Importer(815301076,1909f56bfc062723c751e8b465ee728b)
Start importing Assets/Blocks/blocks_99.png using Guid(7da3eb76a138f7f44b90474f371fc1fb) Importer(815301076,1909f56bfc062723c751e8b465ee728b) (PreviewImporter) -> (artifact id: '419ecdeb7a243eccf6bb9f672584d73c') in 0.0146503 seconds
Number of updated asset objects reloaded before import = 0Number of asset objects unloaded after import = 2

========================================================================
Received Import Request.
  Time since last request: 0.000019 seconds.
  path: Assets/Blocks/blocks_96.png
  artifactKey: Guid(cb1f71b9df8389a45ae506c4e3cd76e5) Importer(815301076,1909f56bfc062723c751e8b465ee728b)
Start importing Assets/Blocks/blocks_96.png using Guid(cb1f71b9df8389a45ae506c4e3cd76e5) Importer(815301076,1909f56bfc062723c751e8b465ee728b) (PreviewImporter) -> (artifact id: '0e97e68e9826cf974cec0207f908e300') in 0.0139657 seconds
Number of updated asset objects reloaded before import = 0Number of asset objects unloaded after import = 2

========================================================================
Received Import Request.
  Time since last request: 0.000024 seconds.
  path: Assets/Blocks/blocks_81.png
  artifactKey: Guid(82b9ba2a81948da449669dba96ea508b) Importer(815301076,1909f56bfc062723c751e8b465ee728b)
Start importing Assets/Blocks/blocks_81.png using Guid(82b9ba2a81948da449669dba96ea508b) Importer(815301076,1909f56bfc062723c751e8b465ee728b) (PreviewImporter) -> (artifact id: '96ea11c232507abe165588564a62d7b7') in 0.0190653 seconds
Number of updated asset objects reloaded before import = 0Number of asset objects unloaded after import = 2

========================================================================
Received Import Request.
  Time since last request: 0.000034 seconds.
  path: Assets/Blocks/blocks_97.png
  artifactKey: Guid(f4b5639f00d5f8b409d08bfe41e8bb3c) Importer(815301076,1909f56bfc062723c751e8b465ee728b)
Start importing Assets/Blocks/blocks_97.png using Guid(f4b5639f00d5f8b409d08bfe41e8bb3c) Importer(815301076,1909f56bfc062723c751e8b465ee728b) (PreviewImporter) -> (artifact id: '57de5daabb7fd63514d86875f4fa9606') in 0.0145924 seconds
Number of updated asset objects reloaded before import = 0Number of asset objects unloaded after import = 2

========================================================================
Received Import Request.
  Time since last request: 0.000025 seconds.
  path: Assets/Blocks/blocks_101.png
  artifactKey: Guid(780011e7f559de246b6f58558fb0f8e2) Importer(815301076,1909f56bfc062723c751e8b465ee728b)
Start importing Assets/Blocks/blocks_101.png using Guid(780011e7f559de246b6f58558fb0f8e2) Importer(815301076,1909f56bfc062723c751e8b465ee728b) (PreviewImporter) -> (artifact id: 'b4c2ff61cf93d8f99cb96476bdbb0b48') in 0.0144703 seconds
Number of updated asset objects reloaded before import = 0Number of asset objects unloaded after import = 2

========================================================================
Received Import Request.
  Time since last request: 0.000019 seconds.
  path: Assets/Blocks/blocks_94.png
  artifactKey: Guid(f90022d12149963429e818e2f1bfafff) Importer(815301076,1909f56bfc062723c751e8b465ee728b)
Start importing Assets/Blocks/blocks_94.png using Guid(f90022d12149963429e818e2f1bfafff) Importer(815301076,1909f56bfc062723c751e8b465ee728b) (PreviewImporter) -> (artifact id: '431d175d2703cd477bc6e263c8e040d9') in 0.0134339 seconds
Number of updated asset objects reloaded before import = 0Number of asset objects unloaded after import = 2

========================================================================
Received Import Request.
  Time since last request: 0.000020 seconds.
  path: Assets/Blocks/blocks_95.png
  artifactKey: Guid(aa6d06e0a372eb74aace0693fb95d5ed) Importer(815301076,1909f56bfc062723c751e8b465ee728b)
Start importing Assets/Blocks/blocks_95.png using Guid(aa6d06e0a372eb74aace0693fb95d5ed) Importer(815301076,1909f56bfc062723c751e8b465ee728b) (PreviewImporter) -> (artifact id: 'a696ab767fc271f13745a79395c81826') in 0.015863 seconds
Number of updated asset objects reloaded before import = 0Number of asset objects unloaded after import = 2

========================================================================
Received Import Request.
  Time since last request: 0.000035 seconds.
  path: Assets/Blocks/blocks_93.png
  artifactKey: Guid(21a345bcd1fa08d41a69b3de8a2ea9dc) Importer(815301076,1909f56bfc062723c751e8b465ee728b)
Start importing Assets/Blocks/blocks_93.png using Guid(21a345bcd1fa08d41a69b3de8a2ea9dc) Importer(815301076,1909f56bfc062723c751e8b465ee728b) (PreviewImporter) -> (artifact id: '2c3f250027f990d5fe291262e5affe25') in 0.0197624 seconds
Number of updated asset objects reloaded before import = 0Number of asset objects unloaded after import = 2

========================================================================
Received Import Request.
  Time since last request: 0.000019 seconds.
  path: Assets/Blocks/blocks_91.png
  artifactKey: Guid(7ddb5a25ac0fac3418be362ca68db791) Importer(815301076,1909f56bfc062723c751e8b465ee728b)
Start importing Assets/Blocks/blocks_91.png using Guid(7ddb5a25ac0fac3418be362ca68db791) Importer(815301076,1909f56bfc062723c751e8b465ee728b) (PreviewImporter) -> (artifact id: '270cf70fcc8778512cc913f7a70b7599') in 0.0143996 seconds
Number of updated asset objects reloaded before import = 0Number of asset objects unloaded after import = 2

========================================================================
Received Import Request.
  Time since last request: 0.000035 seconds.
  path: Assets/Blocks/blocks_86.png
  artifactKey: Guid(b3e218ed797eb264db6b6ce66e1a45c6) Importer(815301076,1909f56bfc062723c751e8b465ee728b)
Start importing Assets/Blocks/blocks_86.png using Guid(b3e218ed797eb264db6b6ce66e1a45c6) Importer(815301076,1909f56bfc062723c751e8b465ee728b) (PreviewImporter) -> (artifact id: '47104581d682ceaeeb5f1a806396ed63') in 0.0136074 seconds
Number of updated asset objects reloaded before import = 0Number of asset objects unloaded after import = 2

========================================================================
Received Import Request.
  Time since last request: 0.000020 seconds.
  path: Assets/Blocks/blocks_89.png
  artifactKey: Guid(130066d854f5ebd439cd52fd2c9b94f9) Importer(815301076,1909f56bfc062723c751e8b465ee728b)
Start importing Assets/Blocks/blocks_89.png using Guid(130066d854f5ebd439cd52fd2c9b94f9) Importer(815301076,1909f56bfc062723c751e8b465ee728b) (PreviewImporter) -> (artifact id: '6391ea0569f5f019eaf7e7ba5fb6db8d') in 0.015146 seconds
Number of updated asset objects reloaded before import = 0Number of asset objects unloaded after import = 2

========================================================================
Received Prepare
Refreshing native plugins compatible for Editor in 1.99 ms, found 3 plugins.
Preloading 0 native plugins for Editor in 0.00 ms.
Unloading 32 Unused Serialized files (Serialized files now loaded: 0)
Unloading 6139 unused Assets / (5.6 MB). Loaded Objects now: 6803.
Memory consumption went from 151.6 MB to 146.0 MB.
Total: 17.802000 ms (FindLiveObjects: 1.397200 ms CreateObjectMapping: 0.705300 ms MarkObjects: 9.126500 ms  DeleteObjects: 6.571600 ms)

Prepare: number of updated asset objects reloaded= 1
========================================================================
Received Prepare
Begin MonoManager ReloadAssembly
- Loaded All Assemblies, in  0.855 seconds
Refreshing native plugins compatible for Editor in 1.28 ms, found 3 plugins.
Native extension for WindowsStandalone target not found
Native extension for WebGL target not found
Mono: successfully reloaded assembly
- Finished resetting the current domain, in  0.817 seconds
Domain Reload Profiling: 1667ms
	BeginReloadAssembly (223ms)
		ExecutionOrderSort (0ms)
		DisableScriptedObjects (7ms)
		BackupInstance (0ms)
		ReleaseScriptingObjects (0ms)
		CreateAndSetChildDomain (56ms)
	RebuildCommonClasses (46ms)
	RebuildNativeTypeToScriptingClass (13ms)
	initialDomainReloadingComplete (36ms)
	LoadAllAssembliesAndSetupDomain (533ms)
		LoadAssemblies (447ms)
		RebuildTransferFunctionScriptingTraits (0ms)
		AnalyzeDomain (199ms)
			TypeCache.Refresh (12ms)
				TypeCache.ScanAssembly (0ms)
			BuildScriptInfoCaches (167ms)
			ResolveRequiredComponents (16ms)
	FinalizeReload (817ms)
		ReleaseScriptCaches (0ms)
		RebuildScriptCaches (0ms)
		SetupLoadedEditorAssemblies (583ms)
			LogAssemblyErrors (0ms)
			InitializePlatformSupportModulesInManaged (4ms)
			SetLoadedEditorAssemblies (8ms)
			BeforeProcessingInitializeOnLoad (147ms)
			ProcessInitializeOnLoadAttributes (363ms)
			ProcessInitializeOnLoadMethodAttributes (54ms)
			AfterProcessingInitializeOnLoad (8ms)
			EditorAssembliesLoaded (0ms)
		ExecutionOrderSort2 (0ms)
		AwakeInstancesAfterBackupRestoration (10ms)
Refreshing native plugins compatible for Editor in 2.21 ms, found 3 plugins.
Preloading 0 native plugins for Editor in 0.00 ms.
Unloading 32 Unused Serialized files (Serialized files now loaded: 0)
Unloading 6146 unused Assets / (5.8 MB). Loaded Objects now: 6804.
Memory consumption went from 150.6 MB to 144.7 MB.
Total: 16.659000 ms (FindLiveObjects: 1.313300 ms CreateObjectMapping: 0.506300 ms MarkObjects: 8.128000 ms  DeleteObjects: 6.709200 ms)

Prepare: number of updated asset objects reloaded= 0
========================================================================
Received Prepare
Refreshing native plugins compatible for Editor in 2.40 ms, found 3 plugins.
Preloading 0 native plugins for Editor in 0.00 ms.
Unloading 32 Unused Serialized files (Serialized files now loaded: 0)
Unloading 6137 unused Assets / (5.4 MB). Loaded Objects now: 6802.
Memory consumption went from 150.8 MB to 145.3 MB.
Total: 18.571000 ms (FindLiveObjects: 2.115500 ms CreateObjectMapping: 1.013900 ms MarkObjects: 8.968200 ms  DeleteObjects: 6.471500 ms)

Prepare: number of updated asset objects reloaded= 0
========================================================================
Received Prepare
Begin MonoManager ReloadAssembly
- Loaded All Assemblies, in  0.831 seconds
Refreshing native plugins compatible for Editor in 1.35 ms, found 3 plugins.
Native extension for WindowsStandalone target not found
Native extension for WebGL target not found
Mono: successfully reloaded assembly
- Finished resetting the current domain, in  0.849 seconds
Domain Reload Profiling: 1677ms
	BeginReloadAssembly (204ms)
		ExecutionOrderSort (0ms)
		DisableScriptedObjects (8ms)
		BackupInstance (0ms)
		ReleaseScriptingObjects (0ms)
		CreateAndSetChildDomain (47ms)
	RebuildCommonClasses (38ms)
	RebuildNativeTypeToScriptingClass (14ms)
	initialDomainReloadingComplete (40ms)
	LoadAllAssembliesAndSetupDomain (531ms)
		LoadAssemblies (434ms)
		RebuildTransferFunctionScriptingTraits (0ms)
		AnalyzeDomain (198ms)
			TypeCache.Refresh (15ms)
				TypeCache.ScanAssembly (1ms)
			BuildScriptInfoCaches (163ms)
			ResolveRequiredComponents (12ms)
	FinalizeReload (850ms)
		ReleaseScriptCaches (0ms)
		RebuildScriptCaches (0ms)
		SetupLoadedEditorAssemblies (640ms)
			LogAssemblyErrors (0ms)
			InitializePlatformSupportModulesInManaged (4ms)
			SetLoadedEditorAssemblies (7ms)
			BeforeProcessingInitializeOnLoad (147ms)
			ProcessInitializeOnLoadAttributes (406ms)
			ProcessInitializeOnLoadMethodAttributes (67ms)
			AfterProcessingInitializeOnLoad (9ms)
			EditorAssembliesLoaded (0ms)
		ExecutionOrderSort2 (0ms)
		AwakeInstancesAfterBackupRestoration (11ms)
Refreshing native plugins compatible for Editor in 2.31 ms, found 3 plugins.
Preloading 0 native plugins for Editor in 0.00 ms.
Unloading 32 Unused Serialized files (Serialized files now loaded: 0)
Unloading 6144 unused Assets / (6.2 MB). Loaded Objects now: 6804.
Memory consumption went from 150.6 MB to 144.4 MB.
Total: 16.441800 ms (FindLiveObjects: 1.388900 ms CreateObjectMapping: 0.497700 ms MarkObjects: 7.985600 ms  DeleteObjects: 6.568000 ms)

Prepare: number of updated asset objects reloaded= 0
========================================================================
Received Import Request.
  Time since last request: 62.258461 seconds.
  path: Assets/Tileset/spritesheet_3.asset
  artifactKey: Guid(c4d70bab893077642b425141608c2461) Importer(815301076,1909f56bfc062723c751e8b465ee728b)
Start importing Assets/Tileset/spritesheet_3.asset using Guid(c4d70bab893077642b425141608c2461) Importer(815301076,1909f56bfc062723c751e8b465ee728b) (PreviewImporter) -> (artifact id: '62de97244819a0a3ada587dac5864a29') in 0.155357 seconds
Number of updated asset objects reloaded before import = 0Number of asset objects unloaded after import = 3

========================================================================
Received Import Request.
  Time since last request: 0.000035 seconds.
  path: Assets/Tileset/spritesheet_28.asset
  artifactKey: Guid(ac4c21156d4e9fd4bbec9c444de7f6f7) Importer(815301076,1909f56bfc062723c751e8b465ee728b)
Start importing Assets/Tileset/spritesheet_28.asset using Guid(ac4c21156d4e9fd4bbec9c444de7f6f7) Importer(815301076,1909f56bfc062723c751e8b465ee728b) (PreviewImporter) -> (artifact id: '5e6e2f2a89ddd1815f3372f2e2a17c63') in 0.0222391 seconds
Number of updated asset objects reloaded before import = 0Number of asset objects unloaded after import = 3

========================================================================
Received Import Request.
  Time since last request: 0.000034 seconds.
  path: Assets/Tileset/spritesheet_43.asset
  artifactKey: Guid(35c574b5b22630a40a650e830dd9bc1d) Importer(815301076,1909f56bfc062723c751e8b465ee728b)
Start importing Assets/Tileset/spritesheet_43.asset using Guid(35c574b5b22630a40a650e830dd9bc1d) Importer(815301076,1909f56bfc062723c751e8b465ee728b) (PreviewImporter) -> (artifact id: 'af2ad7958ec3b6052bc43bac6c96da2a') in 0.0156953 seconds
Number of updated asset objects reloaded before import = 0Number of asset objects unloaded after import = 3

========================================================================
Received Import Request.
  Time since last request: 0.000020 seconds.
  path: Assets/Tileset/spritesheet_6.asset
  artifactKey: Guid(11a767b438c8c1d468ad5fad854c4938) Importer(815301076,1909f56bfc062723c751e8b465ee728b)
Start importing Assets/Tileset/spritesheet_6.asset using Guid(11a767b438c8c1d468ad5fad854c4938) Importer(815301076,1909f56bfc062723c751e8b465ee728b) (PreviewImporter) -> (artifact id: '42208fdabb4c5a3479ab222289daf982') in 0.0159616 seconds
Number of updated asset objects reloaded before import = 0Number of asset objects unloaded after import = 3

========================================================================
Received Import Request.
  Time since last request: 0.000023 seconds.
  path: Assets/Tileset/spritesheet_75.asset
  artifactKey: Guid(86b0f5093cbdd8145a281a25cf751326) Importer(815301076,1909f56bfc062723c751e8b465ee728b)
Start importing Assets/Tileset/spritesheet_75.asset using Guid(86b0f5093cbdd8145a281a25cf751326) Importer(815301076,1909f56bfc062723c751e8b465ee728b) (PreviewImporter) -> (artifact id: '8159ec4830298d88f71bd20e499572b5') in 0.0131914 seconds
Number of updated asset objects reloaded before import = 0Number of asset objects unloaded after import = 3

========================================================================
Received Import Request.
  Time since last request: 0.000019 seconds.
  path: Assets/Tileset/spritesheet_16.asset
  artifactKey: Guid(a6485019ab29c8f488dfdfa0be93cb5e) Importer(815301076,1909f56bfc062723c751e8b465ee728b)
Start importing Assets/Tileset/spritesheet_16.asset using Guid(a6485019ab29c8f488dfdfa0be93cb5e) Importer(815301076,1909f56bfc062723c751e8b465ee728b) (PreviewImporter) -> (artifact id: '90e5fd61cf2ce57e7e208fd5ae3ab7aa') in 0.0151999 seconds
Number of updated asset objects reloaded before import = 0Number of asset objects unloaded after import = 3

========================================================================
Received Import Request.
  Time since last request: 0.000027 seconds.
  path: Assets/Tileset/spritesheet_40.asset
  artifactKey: Guid(b491711bf06b4eb488b20e0f68c8b40f) Importer(815301076,1909f56bfc062723c751e8b465ee728b)
Start importing Assets/Tileset/spritesheet_40.asset using Guid(b491711bf06b4eb488b20e0f68c8b40f) Importer(815301076,1909f56bfc062723c751e8b465ee728b) (PreviewImporter) -> (artifact id: '6a975b725a99385e7c1092710434496f') in 0.0161427 seconds
Number of updated asset objects reloaded before import = 0Number of asset objects unloaded after import = 3

========================================================================
Received Import Request.
  Time since last request: 0.000028 seconds.
  path: Assets/Tileset/spritesheet_14.asset
  artifactKey: Guid(6b3178a46d44075418310b849d1fbf0f) Importer(815301076,1909f56bfc062723c751e8b465ee728b)
Start importing Assets/Tileset/spritesheet_14.asset using Guid(6b3178a46d44075418310b849d1fbf0f) Importer(815301076,1909f56bfc062723c751e8b465ee728b) (PreviewImporter) -> (artifact id: '5284eb479b95c58cb4fe87c059e64c8b') in 0.0168113 seconds
Number of updated asset objects reloaded before import = 0Number of asset objects unloaded after import = 3

========================================================================
Received Import Request.
  Time since last request: 0.000019 seconds.
  path: Assets/Tileset/spritesheet_32.asset
  artifactKey: Guid(490caacdb5abfe54f816957687222e39) Importer(815301076,1909f56bfc062723c751e8b465ee728b)
Start importing Assets/Tileset/spritesheet_32.asset using Guid(490caacdb5abfe54f816957687222e39) Importer(815301076,1909f56bfc062723c751e8b465ee728b) (PreviewImporter) -> (artifact id: '9faea68fbc3c208e69d96e3ce4f73e04') in 0.0156569 seconds
Number of updated asset objects reloaded before import = 0Number of asset objects unloaded after import = 3

========================================================================
Received Import Request.
  Time since last request: 0.000017 seconds.
  path: Assets/Tileset/spritesheet_10.asset
  artifactKey: Guid(1cdb7e33ab5941e408ba41caedafc71f) Importer(815301076,1909f56bfc062723c751e8b465ee728b)
Start importing Assets/Tileset/spritesheet_10.asset using Guid(1cdb7e33ab5941e408ba41caedafc71f) Importer(815301076,1909f56bfc062723c751e8b465ee728b) (PreviewImporter) -> (artifact id: 'a6571179371b1916d55e4375e176530f') in 0.0154897 seconds
Number of updated asset objects reloaded before import = 0Number of asset objects unloaded after import = 3

========================================================================
Received Import Request.
  Time since last request: 0.000022 seconds.
  path: Assets/Tileset/spritesheet_74.asset
  artifactKey: Guid(ea6d85cdd61ec634fbf2b03569e39d3e) Importer(815301076,1909f56bfc062723c751e8b465ee728b)
Start importing Assets/Tileset/spritesheet_74.asset using Guid(ea6d85cdd61ec634fbf2b03569e39d3e) Importer(815301076,1909f56bfc062723c751e8b465ee728b) (PreviewImporter) -> (artifact id: 'e6b84d1151d9e1d6f584387cd70aeb1a') in 0.0184058 seconds
Number of updated asset objects reloaded before import = 0Number of asset objects unloaded after import = 3

========================================================================
Received Import Request.
  Time since last request: 0.000019 seconds.
  path: Assets/Tileset/spritesheet_44.asset
  artifactKey: Guid(cf72446781ba27747803b0d170b240aa) Importer(815301076,1909f56bfc062723c751e8b465ee728b)
Start importing Assets/Tileset/spritesheet_44.asset using Guid(cf72446781ba27747803b0d170b240aa) Importer(815301076,1909f56bfc062723c751e8b465ee728b) (PreviewImporter) -> (artifact id: 'cce4a7ade38c4714d0fd5c0d03210ad8') in 0.017104 seconds
Number of updated asset objects reloaded before import = 0Number of asset objects unloaded after import = 3

========================================================================
Received Import Request.
  Time since last request: 0.000039 seconds.
  path: Assets/Tileset/spritesheet_27.asset
  artifactKey: Guid(26d8b3f3e81e77c49b1537830d3281fd) Importer(815301076,1909f56bfc062723c751e8b465ee728b)
Start importing Assets/Tileset/spritesheet_27.asset using Guid(26d8b3f3e81e77c49b1537830d3281fd) Importer(815301076,1909f56bfc062723c751e8b465ee728b) (PreviewImporter) -> (artifact id: 'ebafd7020a5e15b89bea48586944e20d') in 0.0143686 seconds
Number of updated asset objects reloaded before import = 0Number of asset objects unloaded after import = 3

========================================================================
Received Import Request.
  Time since last request: 0.000019 seconds.
  path: Assets/Tileset/spritesheet_61.asset
  artifactKey: Guid(0c7b4d2c584336844b6fdfe9ce89cd70) Importer(815301076,1909f56bfc062723c751e8b465ee728b)
Start importing Assets/Tileset/spritesheet_61.asset using Guid(0c7b4d2c584336844b6fdfe9ce89cd70) Importer(815301076,1909f56bfc062723c751e8b465ee728b) (PreviewImporter) -> (artifact id: '420048238bfde197e0823e34e86a861c') in 0.0175975 seconds
Number of updated asset objects reloaded before import = 0Number of asset objects unloaded after import = 3

========================================================================
Received Import Request.
  Time since last request: 0.000023 seconds.
  path: Assets/Tileset/spritesheet_68.asset
  artifactKey: Guid(208b77d755a073f4aaa2ab6ad2124b9e) Importer(815301076,1909f56bfc062723c751e8b465ee728b)
Start importing Assets/Tileset/spritesheet_68.asset using Guid(208b77d755a073f4aaa2ab6ad2124b9e) Importer(815301076,1909f56bfc062723c751e8b465ee728b) (PreviewImporter) -> (artifact id: '3c77dc2307ff191e3f6106e680c94d42') in 0.0137418 seconds
Number of updated asset objects reloaded before import = 0Number of asset objects unloaded after import = 3

Editor requested this worker to shutdown with reason: Scaling down because of idle timeout
AssetImportWorker is now disconnected from the server
Process exiting
Exiting without the bug reporter. Application will terminate with return code 0