Using pre-set license
Built from '6000.0/release' branch; Version is '6000.0.46f1 (fb93bc360d3a) revision 16487356'; Using compiler version '193933523'; Build Type 'Release'
OS: 'Windows 11  (10.0.26100) 64bit Professional' Language: 'en' Physical Memory: 32693 MB
BatchMode: 1, IsHumanControllingUs: 0, StartBugReporterOnCrash: 0, Is64bit: 1, IsPro: 1

COMMAND LINE ARGUMENTS:
C:\Program Files\Unity\Hub\Editor\6000.0.46f1\Editor\Unity.exe
-adb2
-batchMode
-noUpm
-name
AssetImportWorker21
-projectPath
C:/Users/compu/git/unity-game/sci-tactics
-logFile
Logs/AssetImportWorker21.log
-srvPort
49898
-job-worker-count
11
-background-job-worker-count
8
-gc-helper-count
1
Successfully changed project path to: C:/Users/compu/git/unity-game/sci-tactics
C:/Users/compu/git/unity-game/sci-tactics
[UnityMemory] Configuration Parameters - Can be set up in boot.config
    "memorysetup-bucket-allocator-granularity=16"
    "memorysetup-bucket-allocator-bucket-count=8"
    "memorysetup-bucket-allocator-block-size=33554432"
    "memorysetup-bucket-allocator-block-count=8"
    "memorysetup-main-allocator-block-size=16777216"
    "memorysetup-thread-allocator-block-size=16777216"
    "memorysetup-gfx-main-allocator-block-size=16777216"
    "memorysetup-gfx-thread-allocator-block-size=16777216"
    "memorysetup-cache-allocator-block-size=4194304"
    "memorysetup-typetree-allocator-block-size=2097152"
    "memorysetup-profiler-bucket-allocator-granularity=16"
    "memorysetup-profiler-bucket-allocator-bucket-count=8"
    "memorysetup-profiler-bucket-allocator-block-size=33554432"
    "memorysetup-profiler-bucket-allocator-block-count=8"
    "memorysetup-profiler-allocator-block-size=16777216"
    "memorysetup-profiler-editor-allocator-block-size=1048576"
    "memorysetup-temp-allocator-size-main=16777216"
    "memorysetup-job-temp-allocator-block-size=2097152"
    "memorysetup-job-temp-allocator-block-size-background=1048576"
    "memorysetup-job-temp-allocator-reduction-small-platforms=262144"
    "memorysetup-allocator-temp-initial-block-size-main=262144"
    "memorysetup-allocator-temp-initial-block-size-worker=262144"
    "memorysetup-temp-allocator-size-background-worker=32768"
    "memorysetup-temp-allocator-size-job-worker=262144"
    "memorysetup-temp-allocator-size-preload-manager=33554432"
    "memorysetup-temp-allocator-size-nav-mesh-worker=65536"
    "memorysetup-temp-allocator-size-audio-worker=65536"
    "memorysetup-temp-allocator-size-cloud-worker=32768"
    "memorysetup-temp-allocator-size-gi-baking-worker=262144"
    "memorysetup-temp-allocator-size-gi-baking-worker=262144"
    "memorysetup-temp-allocator-size-gi-baking-worker=262144"
    "memorysetup-temp-allocator-size-gi-baking-worker=262144"
    "memorysetup-temp-allocator-size-gi-baking-worker=262144"
    "memorysetup-temp-allocator-size-gfx=262144"
Player connection [12748]  Target information:

Player connection [12748]  * "[IP] 192.168.0.33 [Port] 0 [Flags] 2 [Guid] 338407374 [EditorId] 338407374 [Version] 1048832 [Id] WindowsEditor(7,wet-again) [Debug] 1 [PackageName] WindowsEditor [ProjectName] Editor" 

Player connection [12748]  * "[IP] 192.168.0.39 [Port] 0 [Flags] 2 [Guid] 338407374 [EditorId] 338407374 [Version] 1048832 [Id] WindowsEditor(7,wet-again) [Debug] 1 [PackageName] WindowsEditor [ProjectName] Editor" 

Player connection [12748] Host joined multi-casting on [225.0.0.222:54997]...
Player connection [12748] Host joined alternative multi-casting on [225.0.0.222:34997]...
JobSystem: Creating JobQueue using job-worker-count value 11
Input System module state changed to: Initialized.
[Physics::Module] Initialized fallback backend.
[Physics::Module] Id: 0xdecafbad
Library Redirect Path: Library/
[Physics::Module] Selected backend.
[Physics::Module] Name: PhysX
[Physics::Module] Id: 0xf2b8ea05
[Physics::Module] SDK Version: 4.1.2
[Physics::Module] Integration Version: 1.0.0
[Physics::Module] Threading Mode: Multi-Threaded
Refreshing native plugins compatible for Editor in 2.26 ms, found 3 plugins.
Preloading 0 native plugins for Editor in 0.00 ms.
Initialize engine version: 6000.0.46f1 (fb93bc360d3a)
[Subsystems] Discovering subsystems at path C:/Program Files/Unity/Hub/Editor/6000.0.46f1/Editor/Data/Resources/UnitySubsystems
[Subsystems] Discovering subsystems at path C:/Users/compu/git/unity-game/sci-tactics/Assets
GfxDevice: creating device client; kGfxThreadingModeNonThreaded
Direct3D:
    Version:  Direct3D 11.0 [level 11.1]
    Renderer: NVIDIA GeForce RTX 4060 (ID=0x2882)
    Vendor:   NVIDIA
    VRAM:     7957 MB
    Driver:   32.0.15.7260
Initialize mono
Mono path[0] = 'C:/Program Files/Unity/Hub/Editor/6000.0.46f1/Editor/Data/Managed'
Mono path[1] = 'C:/Program Files/Unity/Hub/Editor/6000.0.46f1/Editor/Data/MonoBleedingEdge/lib/mono/unityjit-win32'
Mono config path = 'C:/Program Files/Unity/Hub/Editor/6000.0.46f1/Editor/Data/MonoBleedingEdge/etc'
Using monoOptions --debugger-agent=transport=dt_socket,embedding=1,server=y,suspend=n,address=127.0.0.1:56152
Begin MonoManager ReloadAssembly
Registering precompiled unity dll's ...
Register platform support module: C:/Program Files/Unity/Hub/Editor/6000.0.46f1/Editor/Data/PlaybackEngines/WebGLSupport/UnityEditor.WebGL.Extensions.dll
Register platform support module: C:/Program Files/Unity/Hub/Editor/6000.0.46f1/Editor/Data/PlaybackEngines/WindowsStandaloneSupport/UnityEditor.WindowsStandalone.Extensions.dll
Registered in 0.005404 seconds.
- Loaded All Assemblies, in  0.460 seconds
Native extension for WindowsStandalone target not found
Native extension for WebGL target not found
Mono: successfully reloaded assembly
- Finished resetting the current domain, in  0.396 seconds
Domain Reload Profiling: 853ms
	BeginReloadAssembly (143ms)
		ExecutionOrderSort (0ms)
		DisableScriptedObjects (0ms)
		BackupInstance (0ms)
		ReleaseScriptingObjects (0ms)
		CreateAndSetChildDomain (1ms)
	RebuildCommonClasses (42ms)
	RebuildNativeTypeToScriptingClass (14ms)
	initialDomainReloadingComplete (57ms)
	LoadAllAssembliesAndSetupDomain (200ms)
		LoadAssemblies (139ms)
		RebuildTransferFunctionScriptingTraits (0ms)
		AnalyzeDomain (197ms)
			TypeCache.Refresh (196ms)
				TypeCache.ScanAssembly (180ms)
			BuildScriptInfoCaches (0ms)
			ResolveRequiredComponents (0ms)
	FinalizeReload (397ms)
		ReleaseScriptCaches (0ms)
		RebuildScriptCaches (0ms)
		SetupLoadedEditorAssemblies (348ms)
			LogAssemblyErrors (0ms)
			InitializePlatformSupportModulesInManaged (26ms)
			SetLoadedEditorAssemblies (5ms)
			BeforeProcessingInitializeOnLoad (62ms)
			ProcessInitializeOnLoadAttributes (194ms)
			ProcessInitializeOnLoadMethodAttributes (61ms)
			AfterProcessingInitializeOnLoad (0ms)
			EditorAssembliesLoaded (0ms)
		ExecutionOrderSort2 (0ms)
		AwakeInstancesAfterBackupRestoration (0ms)
========================================================================
Worker process is ready to serve import requests
Import Worker Mode flag is 0x00
Begin MonoManager ReloadAssembly
- Loaded All Assemblies, in  0.911 seconds
Refreshing native plugins compatible for Editor in 1.24 ms, found 3 plugins.
Native extension for WindowsStandalone target not found
Native extension for WebGL target not found
Mono: successfully reloaded assembly
- Finished resetting the current domain, in  0.864 seconds
Domain Reload Profiling: 1768ms
	BeginReloadAssembly (189ms)
		ExecutionOrderSort (0ms)
		DisableScriptedObjects (6ms)
		BackupInstance (0ms)
		ReleaseScriptingObjects (0ms)
		CreateAndSetChildDomain (37ms)
	RebuildCommonClasses (41ms)
	RebuildNativeTypeToScriptingClass (14ms)
	initialDomainReloadingComplete (48ms)
	LoadAllAssembliesAndSetupDomain (612ms)
		LoadAssemblies (432ms)
		RebuildTransferFunctionScriptingTraits (0ms)
		AnalyzeDomain (290ms)
			TypeCache.Refresh (214ms)
				TypeCache.ScanAssembly (195ms)
			BuildScriptInfoCaches (57ms)
			ResolveRequiredComponents (14ms)
	FinalizeReload (864ms)
		ReleaseScriptCaches (0ms)
		RebuildScriptCaches (0ms)
		SetupLoadedEditorAssemblies (688ms)
			LogAssemblyErrors (0ms)
			InitializePlatformSupportModulesInManaged (3ms)
			SetLoadedEditorAssemblies (6ms)
			BeforeProcessingInitializeOnLoad (131ms)
			ProcessInitializeOnLoadAttributes (428ms)
			ProcessInitializeOnLoadMethodAttributes (109ms)
			AfterProcessingInitializeOnLoad (11ms)
			EditorAssembliesLoaded (0ms)
		ExecutionOrderSort2 (0ms)
		AwakeInstancesAfterBackupRestoration (6ms)
Launched and connected shader compiler UnityShaderCompiler.exe after 0.02 seconds
Refreshing native plugins compatible for Editor in 2.08 ms, found 3 plugins.
Preloading 0 native plugins for Editor in 0.00 ms.
Unloading 191 Unused Serialized files (Serialized files now loaded: 0)
Unloading 6147 unused Assets / (5.3 MB). Loaded Objects now: 6770.
Memory consumption went from 161.4 MB to 156.2 MB.
Total: 18.241000 ms (FindLiveObjects: 1.365100 ms CreateObjectMapping: 0.751200 ms MarkObjects: 9.275100 ms  DeleteObjects: 6.847900 ms)

========================================================================
Received Import Request.
  Time since last request: 13151.877690 seconds.
  path: Assets/Tileset/spritesheet_67.asset
  artifactKey: Guid(f09b10101b0b5cf4fabeaaf39459d240) Importer(2089858483,192608db42251d675da83286b1cce702)
Start importing Assets/Tileset/spritesheet_67.asset using Guid(f09b10101b0b5cf4fabeaaf39459d240) Importer(2089858483,192608db42251d675da83286b1cce702) (ScriptedImporter) -> (artifact id: 'a0ea19227cd8eacdeea18153d6f6417c') in 0.3060054 seconds
Number of updated asset objects reloaded before import = 0Number of asset objects unloaded after import = 2

========================================================================
Received Import Request.
  Time since last request: 0.000026 seconds.
  path: Assets/techdemo-Assets/Tilemap/Brushes/Random Brush/Tile Asset/TemplePlants_6.asset
  artifactKey: Guid(3de8c2f1a253bd746b6ea60f72936a15) Importer(2089858483,192608db42251d675da83286b1cce702)
Start importing Assets/techdemo-Assets/Tilemap/Brushes/Random Brush/Tile Asset/TemplePlants_6.asset using Guid(3de8c2f1a253bd746b6ea60f72936a15) Importer(2089858483,192608db42251d675da83286b1cce702) (ScriptedImporter) -> (artifact id: 'bf9494820e2d96044d8bdf55dad3ea7f') in 0.0266519 seconds
Number of updated asset objects reloaded before import = 0Number of asset objects unloaded after import = 2

========================================================================
Received Import Request.
  Time since last request: 0.000031 seconds.
  path: Assets/techdemo-Assets/Tilemap/Brushes/Tint Brush/TileAssets/TintTile.asset
  artifactKey: Guid(fc7bb7b953496224aa6956359337e241) Importer(2089858483,192608db42251d675da83286b1cce702)
Start importing Assets/techdemo-Assets/Tilemap/Brushes/Tint Brush/TileAssets/TintTile.asset using Guid(fc7bb7b953496224aa6956359337e241) Importer(2089858483,192608db42251d675da83286b1cce702) (ScriptedImporter) -> (artifact id: 'c1e3e17f6a7ec71e165254381e19e770') in 0.0301984 seconds
Number of updated asset objects reloaded before import = 0Number of asset objects unloaded after import = 2

========================================================================
Received Import Request.
  Time since last request: 0.000021 seconds.
  path: Assets/techdemo-Assets/Tilemap/IsometricZAsY/Prefabs/Decorations/Desert/Tree_Palm.prefab
  artifactKey: Guid(3b0788909d2477247a43cb4f4ceb765d) Importer(2089858483,192608db42251d675da83286b1cce702)
Start importing Assets/techdemo-Assets/Tilemap/IsometricZAsY/Prefabs/Decorations/Desert/Tree_Palm.prefab using Guid(3b0788909d2477247a43cb4f4ceb765d) Importer(2089858483,192608db42251d675da83286b1cce702) (ScriptedImporter) -> (artifact id: 'be37be80a0a0dcdb798b13eb5ad1691f') in 0.0823166 seconds
Number of updated asset objects reloaded before import = 0Number of asset objects unloaded after import = 11

========================================================================
Received Import Request.
  Time since last request: 0.000021 seconds.
  path: Assets/techdemo-Assets/Tilemap/Destructible/Destructible.unity
  artifactKey: Guid(2f939348b22c7ca4d954a7ce59fa35a7) Importer(2089858483,192608db42251d675da83286b1cce702)
Start importing Assets/techdemo-Assets/Tilemap/Destructible/Destructible.unity using Guid(2f939348b22c7ca4d954a7ce59fa35a7) Importer(2089858483,192608db42251d675da83286b1cce702) (ScriptedImporter) -> (artifact id: 'c906cc293c299bba8dfe1fdd942bc6d6') in 0.0276822 seconds
Number of updated asset objects reloaded before import = 0Number of asset objects unloaded after import = 1

========================================================================
Received Import Request.
  Time since last request: 0.000019 seconds.
  path: Assets/techdemo-Assets/Tilemap/IsometricZAsY/Prefabs/Decorations/Desert/Bones_1.prefab
  artifactKey: Guid(e1f468f225fe49042a71cdbf59d7616e) Importer(2089858483,192608db42251d675da83286b1cce702)
Start importing Assets/techdemo-Assets/Tilemap/IsometricZAsY/Prefabs/Decorations/Desert/Bones_1.prefab using Guid(e1f468f225fe49042a71cdbf59d7616e) Importer(2089858483,192608db42251d675da83286b1cce702) (ScriptedImporter) -> (artifact id: '3bca3b459f2a45705820007e1d8d5cd2') in 0.0337548 seconds
Number of updated asset objects reloaded before import = 0Number of asset objects unloaded after import = 23

========================================================================
Received Import Request.
  Time since last request: 0.000031 seconds.
  path: Assets/techdemo-Assets/Tilemap/Rule Tiles/Palette/Rule Override Tiles.prefab
  artifactKey: Guid(6112de5d7d0c01f4bb165e63c4716298) Importer(2089858483,192608db42251d675da83286b1cce702)
Start importing Assets/techdemo-Assets/Tilemap/Rule Tiles/Palette/Rule Override Tiles.prefab using Guid(6112de5d7d0c01f4bb165e63c4716298) Importer(2089858483,192608db42251d675da83286b1cce702) (ScriptedImporter) -> (artifact id: '6dcb65fc9fa002c98440406165bc01c9') in 0.0257652 seconds
Number of updated asset objects reloaded before import = 0Number of asset objects unloaded after import = 10

========================================================================
Received Import Request.
  Time since last request: 0.000018 seconds.
  path: Assets/techdemo-Assets/Tilemap/Hexagonal/Tiles/Palette/phlosioneer_hex_coastline_47.asset
  artifactKey: Guid(7f4a47a691a94e84796e307d4929bb6a) Importer(2089858483,192608db42251d675da83286b1cce702)
Start importing Assets/techdemo-Assets/Tilemap/Hexagonal/Tiles/Palette/phlosioneer_hex_coastline_47.asset using Guid(7f4a47a691a94e84796e307d4929bb6a) Importer(2089858483,192608db42251d675da83286b1cce702) (ScriptedImporter) -> (artifact id: 'a24900d3ff7883f82541a5317c62c8b1') in 0.0268514 seconds
Number of updated asset objects reloaded before import = 0Number of asset objects unloaded after import = 2

========================================================================
Received Import Request.
  Time since last request: 0.000024 seconds.
  path: Assets/techdemo-Assets/Tilemap/Hexagonal/Tiles/Palette/phlosioneer_hex_coastline_43.asset
  artifactKey: Guid(b83225a1d4a7c6f40ad0a4fe67262851) Importer(2089858483,192608db42251d675da83286b1cce702)
Start importing Assets/techdemo-Assets/Tilemap/Hexagonal/Tiles/Palette/phlosioneer_hex_coastline_43.asset using Guid(b83225a1d4a7c6f40ad0a4fe67262851) Importer(2089858483,192608db42251d675da83286b1cce702) (ScriptedImporter) -> (artifact id: '6a27661f124a17605916eed3fc06c1b7') in 0.0227347 seconds
Number of updated asset objects reloaded before import = 0Number of asset objects unloaded after import = 2

========================================================================
Received Import Request.
  Time since last request: 0.000020 seconds.
  path: Assets/techdemo-Assets/Tilemap/Destructible/Scripts/Explosion.cs
  artifactKey: Guid(ca5e0b2bd2548144287420356830ad2f) Importer(2089858483,192608db42251d675da83286b1cce702)
Start importing Assets/techdemo-Assets/Tilemap/Destructible/Scripts/Explosion.cs using Guid(ca5e0b2bd2548144287420356830ad2f) Importer(2089858483,192608db42251d675da83286b1cce702) (ScriptedImporter) -> (artifact id: 'e5e95de06b5b5911ec42751f52e9a8b0') in 0.0125892 seconds
Number of updated asset objects reloaded before import = 0Number of asset objects unloaded after import = 0

========================================================================
Received Import Request.
  Time since last request: 0.000023 seconds.
  path: Assets/techdemo-Assets/Tilemap/Rule Tiles/Pipeline Tile/Tile Asset/Pipeline.asset
  artifactKey: Guid(df0e6a3984206a54090c327c837f2bbf) Importer(2089858483,192608db42251d675da83286b1cce702)
Start importing Assets/techdemo-Assets/Tilemap/Rule Tiles/Pipeline Tile/Tile Asset/Pipeline.asset using Guid(df0e6a3984206a54090c327c837f2bbf) Importer(2089858483,192608db42251d675da83286b1cce702) (ScriptedImporter) -> (artifact id: '69850857119eefd1d03a9af1376dee1d') in 0.0184771 seconds
Number of updated asset objects reloaded before import = 0Number of asset objects unloaded after import = 8

========================================================================
Received Import Request.
  Time since last request: 0.000029 seconds.
  path: Assets/techdemo-Assets/Tilemap/IsometricZAsY/Tilemaps/Isometric/Sprites/Desert/Raised/desert-sliced_29.png
  artifactKey: Guid(be4b70f86d38cbf41b09740e793d03a0) Importer(2089858483,192608db42251d675da83286b1cce702)
Start importing Assets/techdemo-Assets/Tilemap/IsometricZAsY/Tilemaps/Isometric/Sprites/Desert/Raised/desert-sliced_29.png using Guid(be4b70f86d38cbf41b09740e793d03a0) Importer(2089858483,192608db42251d675da83286b1cce702) (ScriptedImporter) -> (artifact id: 'ec5c8fefe5f4605c89ba947a0ab5ebe7') in 0.0583437 seconds
Number of updated asset objects reloaded before import = 0Number of asset objects unloaded after import = 3

========================================================================
Received Import Request.
  Time since last request: 0.000016 seconds.
  path: Assets/techdemo-Assets/Tilemap/IsometricZAsY/Tilemaps/Isometric/Sprites/Desert/Decoration/desert-sliced_65.png
  artifactKey: Guid(63a584ccc0f46ff4389d2e18fc09a742) Importer(2089858483,192608db42251d675da83286b1cce702)
Start importing Assets/techdemo-Assets/Tilemap/IsometricZAsY/Tilemaps/Isometric/Sprites/Desert/Decoration/desert-sliced_65.png using Guid(63a584ccc0f46ff4389d2e18fc09a742) Importer(2089858483,192608db42251d675da83286b1cce702) (ScriptedImporter) -> (artifact id: 'c14c447ceafa3be3d5f6704beab61c33') in 0.0195696 seconds
Number of updated asset objects reloaded before import = 0Number of asset objects unloaded after import = 3

========================================================================
Received Import Request.
  Time since last request: 0.000017 seconds.
  path: Assets/techdemo-Assets/Tilemap/Hexagonal/Tiles/Palette/phlosioneer_hex_coastline_41.asset
  artifactKey: Guid(22600f759df7d5e42ada6642faed4305) Importer(2089858483,192608db42251d675da83286b1cce702)
Start importing Assets/techdemo-Assets/Tilemap/Hexagonal/Tiles/Palette/phlosioneer_hex_coastline_41.asset using Guid(22600f759df7d5e42ada6642faed4305) Importer(2089858483,192608db42251d675da83286b1cce702) (ScriptedImporter) -> (artifact id: '1e4659320a439e4af28baef92d0d3e5d') in 0.0232738 seconds
Number of updated asset objects reloaded before import = 0Number of asset objects unloaded after import = 2

========================================================================
Received Import Request.
  Time since last request: 0.000024 seconds.
  path: Assets/techdemo-Assets/Tilemap/IsometricZAsY/Tilemaps/Isometric/Sprites/Desert/Decoration/desert-sliced_57.png
  artifactKey: Guid(aa22187d5a686b0449798b05aef5d043) Importer(2089858483,192608db42251d675da83286b1cce702)
Start importing Assets/techdemo-Assets/Tilemap/IsometricZAsY/Tilemaps/Isometric/Sprites/Desert/Decoration/desert-sliced_57.png using Guid(aa22187d5a686b0449798b05aef5d043) Importer(2089858483,192608db42251d675da83286b1cce702) (ScriptedImporter) -> (artifact id: 'c899b629826cc687c7bb9a16c297d05c') in 0.0219735 seconds
Number of updated asset objects reloaded before import = 0Number of asset objects unloaded after import = 3

========================================================================
Received Import Request.
  Time since last request: 0.000026 seconds.
  path: Assets/techdemo-Assets/Tilemap/Hexagonal/Tiles/Palette/phlosioneer_hex_coastline_51.asset
  artifactKey: Guid(965ba50f795392b48864524b8956a79f) Importer(2089858483,192608db42251d675da83286b1cce702)
Start importing Assets/techdemo-Assets/Tilemap/Hexagonal/Tiles/Palette/phlosioneer_hex_coastline_51.asset using Guid(965ba50f795392b48864524b8956a79f) Importer(2089858483,192608db42251d675da83286b1cce702) (ScriptedImporter) -> (artifact id: '346c56ee01604eef5c97010897c23756') in 0.0283858 seconds
Number of updated asset objects reloaded before import = 0Number of asset objects unloaded after import = 2

========================================================================
Received Import Request.
  Time since last request: 0.000029 seconds.
  path: Assets/techdemo-Assets/Tilemap/Hexagonal/Tiles/Palette/phlosioneer_hex_coastline_66.asset
  artifactKey: Guid(43e2c3aa20c8dcc41964a57f5317a14b) Importer(2089858483,192608db42251d675da83286b1cce702)
Start importing Assets/techdemo-Assets/Tilemap/Hexagonal/Tiles/Palette/phlosioneer_hex_coastline_66.asset using Guid(43e2c3aa20c8dcc41964a57f5317a14b) Importer(2089858483,192608db42251d675da83286b1cce702) (ScriptedImporter) -> (artifact id: 'd14522e0d789e87c498ef03a6d1c5d54') in 0.0271145 seconds
Number of updated asset objects reloaded before import = 0Number of asset objects unloaded after import = 2

========================================================================
Received Import Request.
  Time since last request: 0.000024 seconds.
  path: Assets/techdemo-Assets/Tilemap/Hexagonal/Tiles/Palette/phlosioneer_hex_coastline_79.asset
  artifactKey: Guid(46f03dbbd94cf3149ab696e448642547) Importer(2089858483,192608db42251d675da83286b1cce702)
Start importing Assets/techdemo-Assets/Tilemap/Hexagonal/Tiles/Palette/phlosioneer_hex_coastline_79.asset using Guid(46f03dbbd94cf3149ab696e448642547) Importer(2089858483,192608db42251d675da83286b1cce702) (ScriptedImporter) -> (artifact id: '915e1a166fdae4618b8de0481ca6bee3') in 0.0278801 seconds
Number of updated asset objects reloaded before import = 0Number of asset objects unloaded after import = 2

========================================================================
Received Import Request.
  Time since last request: 0.000022 seconds.
  path: Assets/techdemo-Assets/Tilemap/Hexagonal/Tiles/Palette/phlosioneer_hex_coastline_74.asset
  artifactKey: Guid(c159d4b2d75bb4d4fb81e9fc2a02dab6) Importer(2089858483,192608db42251d675da83286b1cce702)
Start importing Assets/techdemo-Assets/Tilemap/Hexagonal/Tiles/Palette/phlosioneer_hex_coastline_74.asset using Guid(c159d4b2d75bb4d4fb81e9fc2a02dab6) Importer(2089858483,192608db42251d675da83286b1cce702) (ScriptedImporter) -> (artifact id: 'feeeb49e4c02b5f8eaadf191ee93fab2') in 0.0267874 seconds
Number of updated asset objects reloaded before import = 0Number of asset objects unloaded after import = 2

========================================================================
Received Import Request.
  Time since last request: 0.000018 seconds.
  path: Assets/techdemo-Assets/Tilemap/Brick/Physics2D/Brick.physicsMaterial2D
  artifactKey: Guid(aad135f58881d914b93376aa42b7114f) Importer(2089858483,192608db42251d675da83286b1cce702)
Start importing Assets/techdemo-Assets/Tilemap/Brick/Physics2D/Brick.physicsMaterial2D using Guid(aad135f58881d914b93376aa42b7114f) Importer(2089858483,192608db42251d675da83286b1cce702) (ScriptedImporter) -> (artifact id: '055b355e742f1fdd12c9e6bb13c23bc2') in 0.0238492 seconds
Number of updated asset objects reloaded before import = 0Number of asset objects unloaded after import = 1

========================================================================
Received Import Request.
  Time since last request: 0.000018 seconds.
  path: Assets/techdemo-Assets/Tilemap/IsometricZAsY/Tilemaps/Isometric/Sprites/Desert/Raised/desert-sliced_34.png
  artifactKey: Guid(9b24163680c21a44fb6c969cfd3cb61e) Importer(2089858483,192608db42251d675da83286b1cce702)
Start importing Assets/techdemo-Assets/Tilemap/IsometricZAsY/Tilemaps/Isometric/Sprites/Desert/Raised/desert-sliced_34.png using Guid(9b24163680c21a44fb6c969cfd3cb61e) Importer(2089858483,192608db42251d675da83286b1cce702) (ScriptedImporter) -> (artifact id: '3ce3bf1f94d9ee731d35cf03426b7a20') in 0.0212326 seconds
Number of updated asset objects reloaded before import = 0Number of asset objects unloaded after import = 3

========================================================================
Received Import Request.
  Time since last request: 0.000030 seconds.
  path: Assets/techdemo-Assets/Tilemap/Destructible/Scripts
  artifactKey: Guid(512467ed56c49344793eb4ec923be98b) Importer(2089858483,192608db42251d675da83286b1cce702)
Start importing Assets/techdemo-Assets/Tilemap/Destructible/Scripts using Guid(512467ed56c49344793eb4ec923be98b) Importer(2089858483,192608db42251d675da83286b1cce702) (ScriptedImporter) -> (artifact id: '481fb9670b36829538f7c18b93e91a1a') in 0.0124109 seconds
Number of updated asset objects reloaded before import = 0Number of asset objects unloaded after import = 1

========================================================================
Received Import Request.
  Time since last request: 0.000022 seconds.
  path: Assets/techdemo-Assets/Tilemap/IsometricZAsY/Tilemaps/Isometric/Sprites/Desert/Flat/desert-sliced_12.png
  artifactKey: Guid(60919206ec62ae74e92382a275b3e531) Importer(2089858483,192608db42251d675da83286b1cce702)
Start importing Assets/techdemo-Assets/Tilemap/IsometricZAsY/Tilemaps/Isometric/Sprites/Desert/Flat/desert-sliced_12.png using Guid(60919206ec62ae74e92382a275b3e531) Importer(2089858483,192608db42251d675da83286b1cce702) (ScriptedImporter) -> (artifact id: '979dc997010db0c9dee111cbe4df8bf5') in 0.0216129 seconds
Number of updated asset objects reloaded before import = 0Number of asset objects unloaded after import = 3

========================================================================
Received Import Request.
  Time since last request: 0.000018 seconds.
  path: Assets/techdemo-Assets/Tilemap/IsometricZAsY/Tilemaps/Isometric/Sprites/Desert/Raised
  artifactKey: Guid(e8b721205f74ae144b49f227f0a2a179) Importer(2089858483,192608db42251d675da83286b1cce702)
Start importing Assets/techdemo-Assets/Tilemap/IsometricZAsY/Tilemaps/Isometric/Sprites/Desert/Raised using Guid(e8b721205f74ae144b49f227f0a2a179) Importer(2089858483,192608db42251d675da83286b1cce702) (ScriptedImporter) -> (artifact id: 'c39157279541681e881c59e5635b6ae1') in 0.0108133 seconds
Number of updated asset objects reloaded before import = 0Number of asset objects unloaded after import = 1

========================================================================
Received Import Request.
  Time since last request: 0.000019 seconds.
  path: Assets/techdemo-Assets/Tilemap/Tiles/Terrain Tile/Sprites/Terrain Tiles.png
  artifactKey: Guid(a51e743cd78e513489bb4b23cd3d13f2) Importer(2089858483,192608db42251d675da83286b1cce702)
Start importing Assets/techdemo-Assets/Tilemap/Tiles/Terrain Tile/Sprites/Terrain Tiles.png using Guid(a51e743cd78e513489bb4b23cd3d13f2) Importer(2089858483,192608db42251d675da83286b1cce702) (ScriptedImporter) -> (artifact id: '72741feb19b033fb20e4cc95e7f1d4bc') in 0.0591164 seconds
Number of updated asset objects reloaded before import = 0Number of asset objects unloaded after import = 32

========================================================================
Received Import Request.
  Time since last request: 0.000022 seconds.
  path: Assets/techdemo-Assets/Tilemap/Rule Tiles/Platform Tile 2/Atlas/Platform2.spriteatlas
  artifactKey: Guid(908abedecc317094eb86fb4a1d44c5db) Importer(2089858483,192608db42251d675da83286b1cce702)
Start importing Assets/techdemo-Assets/Tilemap/Rule Tiles/Platform Tile 2/Atlas/Platform2.spriteatlas using Guid(908abedecc317094eb86fb4a1d44c5db) Importer(2089858483,192608db42251d675da83286b1cce702) (ScriptedImporter) -> (artifact id: 'b49f8b34ea2868712ee682c687ee2027') in 0.0265959 seconds
Number of updated asset objects reloaded before import = 0Number of asset objects unloaded after import = 1

========================================================================
Received Import Request.
  Time since last request: 0.000031 seconds.
  path: Assets/techdemo-Assets/Tilemap/Rule Tiles/Custom Rule Tile/Scripts/CustomTypeRuleTile.cs
  artifactKey: Guid(1b03bc0fee4d2644188bf01fe07feb23) Importer(2089858483,192608db42251d675da83286b1cce702)
Start importing Assets/techdemo-Assets/Tilemap/Rule Tiles/Custom Rule Tile/Scripts/CustomTypeRuleTile.cs using Guid(1b03bc0fee4d2644188bf01fe07feb23) Importer(2089858483,192608db42251d675da83286b1cce702) (ScriptedImporter) -> (artifact id: 'c4efe983e7aef1ec17fc84e339e3f4f6') in 0.0157862 seconds
Number of updated asset objects reloaded before import = 0Number of asset objects unloaded after import = 0

========================================================================
Received Import Request.
  Time since last request: 0.000022 seconds.
  path: Assets/techdemo-Assets/Tilemap/Hexagonal/Tiles/Palette/phlosioneer_hex_coastline_82.asset
  artifactKey: Guid(520251b743120a3489d995d850f83cf8) Importer(2089858483,192608db42251d675da83286b1cce702)
Start importing Assets/techdemo-Assets/Tilemap/Hexagonal/Tiles/Palette/phlosioneer_hex_coastline_82.asset using Guid(520251b743120a3489d995d850f83cf8) Importer(2089858483,192608db42251d675da83286b1cce702) (ScriptedImporter) -> (artifact id: '80ac7fe7816f5ded1944918868ae7495') in 0.0244657 seconds
Number of updated asset objects reloaded before import = 0Number of asset objects unloaded after import = 2

========================================================================
Received Import Request.
  Time since last request: 0.000023 seconds.
  path: Assets/techdemo-Assets/Tilemap/IsometricZAsY/Characters/Witch/AnimationSprites/Static/witch static00.png
  artifactKey: Guid(1ab8c3bef1c8d41c2bcaeb963b25c84f) Importer(2089858483,192608db42251d675da83286b1cce702)
Start importing Assets/techdemo-Assets/Tilemap/IsometricZAsY/Characters/Witch/AnimationSprites/Static/witch static00.png using Guid(1ab8c3bef1c8d41c2bcaeb963b25c84f) Importer(2089858483,192608db42251d675da83286b1cce702) (ScriptedImporter) -> (artifact id: '2b345574ae4fe0fd22b43912b5786783') in 0.024473 seconds
Number of updated asset objects reloaded before import = 0Number of asset objects unloaded after import = 3

========================================================================
Received Import Request.
  Time since last request: 0.000013 seconds.
  path: Assets/techdemo-Assets/Tilemap/IsometricZAsY/Characters/Witch
  artifactKey: Guid(e8a439fcbae269649916e7c2e856f1a5) Importer(2089858483,192608db42251d675da83286b1cce702)
Start importing Assets/techdemo-Assets/Tilemap/IsometricZAsY/Characters/Witch using Guid(e8a439fcbae269649916e7c2e856f1a5) Importer(2089858483,192608db42251d675da83286b1cce702) (ScriptedImporter) -> (artifact id: 'a59f4d5cd55395093234a75146979a82') in 0.015221 seconds
Number of updated asset objects reloaded before import = 0Number of asset objects unloaded after import = 1

========================================================================
Received Import Request.
  Time since last request: 0.000029 seconds.
  path: Assets/techdemo-Assets/Tilemap/Destructible/Scripts/Editor
  artifactKey: Guid(62be0988c286e9e44a0dc11f605d14dd) Importer(2089858483,192608db42251d675da83286b1cce702)
Start importing Assets/techdemo-Assets/Tilemap/Destructible/Scripts/Editor using Guid(62be0988c286e9e44a0dc11f605d14dd) Importer(2089858483,192608db42251d675da83286b1cce702) (ScriptedImporter) -> (artifact id: '46fab28d9370c734084810020c950e60') in 0.0135146 seconds
Number of updated asset objects reloaded before import = 0Number of asset objects unloaded after import = 1

========================================================================
Received Import Request.
  Time since last request: 0.000034 seconds.
  path: Assets/Tileset/spritesheet_69.asset
  artifactKey: Guid(c8989b8ef493af24689b71580c2a1c30) Importer(2089858483,192608db42251d675da83286b1cce702)
Start importing Assets/Tileset/spritesheet_69.asset using Guid(c8989b8ef493af24689b71580c2a1c30) Importer(2089858483,192608db42251d675da83286b1cce702) (ScriptedImporter) -> (artifact id: '76cc7063bc9ce1e880033db92faa8aa1') in 0.0202631 seconds
Number of updated asset objects reloaded before import = 0Number of asset objects unloaded after import = 2

========================================================================
Received Import Request.
  Time since last request: 0.000020 seconds.
  path: Assets/techdemo-Assets/Tilemap/Rule Tiles/Animated Ocean Tile/Tile Asset
  artifactKey: Guid(03991bdd665f50a4ab4b4d0419bc3acd) Importer(2089858483,192608db42251d675da83286b1cce702)
Start importing Assets/techdemo-Assets/Tilemap/Rule Tiles/Animated Ocean Tile/Tile Asset using Guid(03991bdd665f50a4ab4b4d0419bc3acd) Importer(2089858483,192608db42251d675da83286b1cce702) (ScriptedImporter) -> (artifact id: 'f5f287fabcd0919908f0cc96b8b2042c') in 0.0137976 seconds
Number of updated asset objects reloaded before import = 0Number of asset objects unloaded after import = 1

========================================================================
Received Import Request.
  Time since last request: 0.000018 seconds.
  path: Assets/techdemo-Assets/Tilemap/Rule Tiles/Rule Override Tile/Tile Asset/TerrainSlope.asset
  artifactKey: Guid(7503164c6733b1543851c5aaa6661522) Importer(2089858483,192608db42251d675da83286b1cce702)
Start importing Assets/techdemo-Assets/Tilemap/Rule Tiles/Rule Override Tile/Tile Asset/TerrainSlope.asset using Guid(7503164c6733b1543851c5aaa6661522) Importer(2089858483,192608db42251d675da83286b1cce702) (ScriptedImporter) -> (artifact id: 'a1cf8ca6c50ffd25b5f63615fd4b1bf2') in 0.0236805 seconds
Number of updated asset objects reloaded before import = 0Number of asset objects unloaded after import = 8

========================================================================
Received Import Request.
  Time since last request: 0.000020 seconds.
  path: Assets/techdemo-Assets/Tilemap/Tiles/Random Tile/Tile Palettes/Random Tiles.prefab
  artifactKey: Guid(cb5a89d7e5f25ae469cb8159b274560e) Importer(2089858483,192608db42251d675da83286b1cce702)
Start importing Assets/techdemo-Assets/Tilemap/Tiles/Random Tile/Tile Palettes/Random Tiles.prefab using Guid(cb5a89d7e5f25ae469cb8159b274560e) Importer(2089858483,192608db42251d675da83286b1cce702) (ScriptedImporter) -> (artifact id: '4238ed9718c0b46268449d6f29a76ffa') in 0.0258674 seconds
Number of updated asset objects reloaded before import = 0Number of asset objects unloaded after import = 11

========================================================================
Received Import Request.
  Time since last request: 0.000021 seconds.
  path: Assets/techdemo-Assets/Tilemap/Tiles/Terrain Tile/Tile Palettes/Terrain Tiles.prefab
  artifactKey: Guid(eb2d7c8763eb02a4aa672ee23bb44c52) Importer(2089858483,192608db42251d675da83286b1cce702)
Start importing Assets/techdemo-Assets/Tilemap/Tiles/Terrain Tile/Tile Palettes/Terrain Tiles.prefab using Guid(eb2d7c8763eb02a4aa672ee23bb44c52) Importer(2089858483,192608db42251d675da83286b1cce702) (ScriptedImporter) -> (artifact id: 'e13875b902ef5589acd183571f620438') in 0.0270634 seconds
Number of updated asset objects reloaded before import = 0Number of asset objects unloaded after import = 11

========================================================================
Received Import Request.
  Time since last request: 0.000032 seconds.
  path: Assets/techdemo-Assets/Tilemap/Rule Tiles/Rule Override Tile/Sprites
  artifactKey: Guid(bff76335caf4e2d48b990db4b60b9aef) Importer(2089858483,192608db42251d675da83286b1cce702)
Start importing Assets/techdemo-Assets/Tilemap/Rule Tiles/Rule Override Tile/Sprites using Guid(bff76335caf4e2d48b990db4b60b9aef) Importer(2089858483,192608db42251d675da83286b1cce702) (ScriptedImporter) -> (artifact id: '6754b2f88e657d83b9b61d727bb0b701') in 0.0148618 seconds
Number of updated asset objects reloaded before import = 0Number of asset objects unloaded after import = 1

========================================================================
Received Import Request.
  Time since last request: 0.000022 seconds.
  path: Assets/techdemo-Assets/Tilemap/IsometricZAsY/Tilemaps/Isometric/Sprites/Desert/Raised/desert-sliced_26.png
  artifactKey: Guid(f5a21f39a3306ad4e8b7c99428ddb2d9) Importer(2089858483,192608db42251d675da83286b1cce702)
Start importing Assets/techdemo-Assets/Tilemap/IsometricZAsY/Tilemaps/Isometric/Sprites/Desert/Raised/desert-sliced_26.png using Guid(f5a21f39a3306ad4e8b7c99428ddb2d9) Importer(2089858483,192608db42251d675da83286b1cce702) (ScriptedImporter) -> (artifact id: '360c2604a533e09d70f53e20d1e6745c') in 0.0217007 seconds
Number of updated asset objects reloaded before import = 0Number of asset objects unloaded after import = 3

========================================================================
Received Import Request.
  Time since last request: 0.000021 seconds.
  path: Assets/techdemo-Assets/Tilemap/IsometricZAsY/Characters/Witch/AnimationSprites/Run NE
  artifactKey: Guid(64764708d98d9634e8b27d6c6acc627f) Importer(2089858483,192608db42251d675da83286b1cce702)
Start importing Assets/techdemo-Assets/Tilemap/IsometricZAsY/Characters/Witch/AnimationSprites/Run NE using Guid(64764708d98d9634e8b27d6c6acc627f) Importer(2089858483,192608db42251d675da83286b1cce702) (ScriptedImporter) -> (artifact id: 'a9a3b60b637e16643fba1d0fba3e4954') in 0.0133584 seconds
Number of updated asset objects reloaded before import = 0Number of asset objects unloaded after import = 1

========================================================================
Received Import Request.
  Time since last request: 0.000019 seconds.
  path: Assets/techdemo-Assets/Tilemap/IsometricZAsY/Tilemaps/Isometric/Sprites/Desert/Flat/desert-sliced_02.png
  artifactKey: Guid(40c74bdb314e60147be4706b27817189) Importer(2089858483,192608db42251d675da83286b1cce702)
Start importing Assets/techdemo-Assets/Tilemap/IsometricZAsY/Tilemaps/Isometric/Sprites/Desert/Flat/desert-sliced_02.png using Guid(40c74bdb314e60147be4706b27817189) Importer(2089858483,192608db42251d675da83286b1cce702) (ScriptedImporter) -> (artifact id: '27c66e43c8e868bf718d20b8c4fbdb16') in 0.0212271 seconds
Number of updated asset objects reloaded before import = 0Number of asset objects unloaded after import = 3

========================================================================
Received Import Request.
  Time since last request: 0.000018 seconds.
  path: Assets/techdemo-Assets/Tilemap/IsometricZAsY/Characters/Witch/AnimationSprites/Run S
  artifactKey: Guid(905798e1d69819741863db33eff286c9) Importer(2089858483,192608db42251d675da83286b1cce702)
Start importing Assets/techdemo-Assets/Tilemap/IsometricZAsY/Characters/Witch/AnimationSprites/Run S using Guid(905798e1d69819741863db33eff286c9) Importer(2089858483,192608db42251d675da83286b1cce702) (ScriptedImporter) -> (artifact id: '101bc93e7df1f6e6e0cf80aa1dd6a968') in 0.0127446 seconds
Number of updated asset objects reloaded before import = 0Number of asset objects unloaded after import = 1

========================================================================
Received Import Request.
  Time since last request: 0.000019 seconds.
  path: Assets/techdemo-Assets/Tilemap/Tiles/Random Tile/Sprites
  artifactKey: Guid(a740c8ad2760533429aa9bf3626b4c2c) Importer(2089858483,192608db42251d675da83286b1cce702)
Start importing Assets/techdemo-Assets/Tilemap/Tiles/Random Tile/Sprites using Guid(a740c8ad2760533429aa9bf3626b4c2c) Importer(2089858483,192608db42251d675da83286b1cce702) (ScriptedImporter) -> (artifact id: 'b71609107c73112eb5d854d77eb1f73f') in 0.0148433 seconds
Number of updated asset objects reloaded before import = 0Number of asset objects unloaded after import = 1

========================================================================
Received Import Request.
  Time since last request: 0.000028 seconds.
  path: Assets/techdemo-Assets/Tilemap/IsometricZAsY/Characters/Witch/AnimationSprites/Run E/witch run E04.png
  artifactKey: Guid(a8d723aaba3d14c6b908b65490c3ceb5) Importer(2089858483,192608db42251d675da83286b1cce702)
Start importing Assets/techdemo-Assets/Tilemap/IsometricZAsY/Characters/Witch/AnimationSprites/Run E/witch run E04.png using Guid(a8d723aaba3d14c6b908b65490c3ceb5) Importer(2089858483,192608db42251d675da83286b1cce702) (ScriptedImporter) -> (artifact id: '620b51c6328de445053333b8368e4cb7') in 0.0237978 seconds
Number of updated asset objects reloaded before import = 0Number of asset objects unloaded after import = 3

========================================================================
Received Import Request.
  Time since last request: 0.000017 seconds.
  path: Assets/techdemo-Assets/Tilemap/IsometricZAsY/Characters/Witch/AnimationClips/Static S.anim
  artifactKey: Guid(9848f1025f7c545cd96f231c5185e53a) Importer(2089858483,192608db42251d675da83286b1cce702)
Start importing Assets/techdemo-Assets/Tilemap/IsometricZAsY/Characters/Witch/AnimationClips/Static S.anim using Guid(9848f1025f7c545cd96f231c5185e53a) Importer(2089858483,192608db42251d675da83286b1cce702) (ScriptedImporter) -> (artifact id: 'f823852a0745bda2e9cb51dfbd36f76b') in 0.0229172 seconds
Number of updated asset objects reloaded before import = 0Number of asset objects unloaded after import = 1

========================================================================
Received Import Request.
  Time since last request: 0.000014 seconds.
  path: Assets/techdemo-Assets/Tilemap/IsometricZAsY/Characters/Witch/AnimationSprites/Run SE/witch run SE04.png
  artifactKey: Guid(31b97c6f87dbc4e0da00b1c756da69de) Importer(2089858483,192608db42251d675da83286b1cce702)
Start importing Assets/techdemo-Assets/Tilemap/IsometricZAsY/Characters/Witch/AnimationSprites/Run SE/witch run SE04.png using Guid(31b97c6f87dbc4e0da00b1c756da69de) Importer(2089858483,192608db42251d675da83286b1cce702) (ScriptedImporter) -> (artifact id: 'fbb855af67aa88b8a04ca86cfcd0a1e3') in 0.0221803 seconds
Number of updated asset objects reloaded before import = 0Number of asset objects unloaded after import = 3

========================================================================
Received Import Request.
  Time since last request: 0.000019 seconds.
  path: Assets/techdemo-Assets/Tilemap/IsometricZAsY/Characters/Witch/AnimationSprites/Run E/witch run E00.png
  artifactKey: Guid(6a761b108787f4628931198fbe0822d4) Importer(2089858483,192608db42251d675da83286b1cce702)
Start importing Assets/techdemo-Assets/Tilemap/IsometricZAsY/Characters/Witch/AnimationSprites/Run E/witch run E00.png using Guid(6a761b108787f4628931198fbe0822d4) Importer(2089858483,192608db42251d675da83286b1cce702) (ScriptedImporter) -> (artifact id: '4c1b2cb0a00d791cb814045af1a6ad2e') in 0.0223716 seconds
Number of updated asset objects reloaded before import = 0Number of asset objects unloaded after import = 3

========================================================================
Received Import Request.
  Time since last request: 0.000020 seconds.
  path: Assets/techdemo-Assets/Tilemap/IsometricZAsY/Characters/Witch/AnimationClips/Static N.anim
  artifactKey: Guid(b574520d51991465faa1c3564dd78306) Importer(2089858483,192608db42251d675da83286b1cce702)
Start importing Assets/techdemo-Assets/Tilemap/IsometricZAsY/Characters/Witch/AnimationClips/Static N.anim using Guid(b574520d51991465faa1c3564dd78306) Importer(2089858483,192608db42251d675da83286b1cce702) (ScriptedImporter) -> (artifact id: '03270187f7b05e2e65d5710d5203cd11') in 0.0153934 seconds
Number of updated asset objects reloaded before import = 0Number of asset objects unloaded after import = 1

========================================================================
Received Import Request.
  Time since last request: 0.000030 seconds.
  path: Assets/techdemo-Assets/Tilemap/IsometricZAsY/Tilemaps/Isometric
  artifactKey: Guid(96a13ebf9459212459d1f149aa133c19) Importer(2089858483,192608db42251d675da83286b1cce702)
Start importing Assets/techdemo-Assets/Tilemap/IsometricZAsY/Tilemaps/Isometric using Guid(96a13ebf9459212459d1f149aa133c19) Importer(2089858483,192608db42251d675da83286b1cce702) (ScriptedImporter) -> (artifact id: 'ace85ee22e9a475f55bd615e751ae9b0') in 0.0113832 seconds
Number of updated asset objects reloaded before import = 0Number of asset objects unloaded after import = 1

========================================================================
Received Import Request.
  Time since last request: 0.000020 seconds.
  path: Assets/techdemo-Assets/Tilemap/Rule Tiles/Platform Tile 2
  artifactKey: Guid(ad929d330234f824caeddaa23a1d6437) Importer(2089858483,192608db42251d675da83286b1cce702)
Start importing Assets/techdemo-Assets/Tilemap/Rule Tiles/Platform Tile 2 using Guid(ad929d330234f824caeddaa23a1d6437) Importer(2089858483,192608db42251d675da83286b1cce702) (ScriptedImporter) -> (artifact id: '9479cfe7b7d1064e6905b7ec85132ac7') in 0.0131152 seconds
Number of updated asset objects reloaded before import = 0Number of asset objects unloaded after import = 1

========================================================================
Received Import Request.
  Time since last request: 0.000017 seconds.
  path: Assets/techdemo-Assets/Tilemap/Rule Tiles/Platform Tile 2/Sprites
  artifactKey: Guid(706c2bbd7ebfe6f459c826780aea7db5) Importer(2089858483,192608db42251d675da83286b1cce702)
Start importing Assets/techdemo-Assets/Tilemap/Rule Tiles/Platform Tile 2/Sprites using Guid(706c2bbd7ebfe6f459c826780aea7db5) Importer(2089858483,192608db42251d675da83286b1cce702) (ScriptedImporter) -> (artifact id: '250752295c113eda5f00a2ee4209e8d7') in 0.0136451 seconds
Number of updated asset objects reloaded before import = 0Number of asset objects unloaded after import = 1

========================================================================
Received Import Request.
  Time since last request: 0.000020 seconds.
  path: Assets/techdemo-Assets/Tilemap/Rule Tiles/Custom Rule Tile/Sprites
  artifactKey: Guid(64eea9841a5499d428bd61c728fb2770) Importer(2089858483,192608db42251d675da83286b1cce702)
Start importing Assets/techdemo-Assets/Tilemap/Rule Tiles/Custom Rule Tile/Sprites using Guid(64eea9841a5499d428bd61c728fb2770) Importer(2089858483,192608db42251d675da83286b1cce702) (ScriptedImporter) -> (artifact id: '1b46376998c7bea1d4a48520f32842e4') in 0.0130219 seconds
Number of updated asset objects reloaded before import = 0Number of asset objects unloaded after import = 1

========================================================================
Received Import Request.
  Time since last request: 0.000022 seconds.
  path: Assets/techdemo-Assets/Tilemap/Rule Tiles/Custom Rule Tile/Tile Asset
  artifactKey: Guid(dd4a6617309eb634bb9c8ad0280fc878) Importer(2089858483,192608db42251d675da83286b1cce702)
Start importing Assets/techdemo-Assets/Tilemap/Rule Tiles/Custom Rule Tile/Tile Asset using Guid(dd4a6617309eb634bb9c8ad0280fc878) Importer(2089858483,192608db42251d675da83286b1cce702) (ScriptedImporter) -> (artifact id: 'd865e89c2caeaef95e97076c31c8f06f') in 0.0121786 seconds
Number of updated asset objects reloaded before import = 0Number of asset objects unloaded after import = 1

========================================================================
Received Import Request.
  Time since last request: 0.000028 seconds.
  path: Assets/techdemo-Assets/Tilemap/IsometricZAsY/Characters/Witch/AnimationClips/Static W.anim
  artifactKey: Guid(9f42d9553e65f41d59f7a26e598f01d7) Importer(2089858483,192608db42251d675da83286b1cce702)
Start importing Assets/techdemo-Assets/Tilemap/IsometricZAsY/Characters/Witch/AnimationClips/Static W.anim using Guid(9f42d9553e65f41d59f7a26e598f01d7) Importer(2089858483,192608db42251d675da83286b1cce702) (ScriptedImporter) -> (artifact id: '57927faea50f7fcd885ae31c1120343e') in 0.0161719 seconds
Number of updated asset objects reloaded before import = 0Number of asset objects unloaded after import = 1

========================================================================
Received Import Request.
  Time since last request: 0.000021 seconds.
  path: Assets/techdemo-Assets/Tilemap/IsometricZAsY/Tilemaps/Isometric/Sprites/Desert/Decoration/desert-sliced_67.png
  artifactKey: Guid(168d52d0af897854f926318ce9f0cf63) Importer(2089858483,192608db42251d675da83286b1cce702)
Start importing Assets/techdemo-Assets/Tilemap/IsometricZAsY/Tilemaps/Isometric/Sprites/Desert/Decoration/desert-sliced_67.png using Guid(168d52d0af897854f926318ce9f0cf63) Importer(2089858483,192608db42251d675da83286b1cce702) (ScriptedImporter) -> (artifact id: '0b139160e25252b53aad8480199fdf56') in 0.0218988 seconds
Number of updated asset objects reloaded before import = 0Number of asset objects unloaded after import = 3

========================================================================
Received Import Request.
  Time since last request: 0.000017 seconds.
  path: Assets/techdemo-Assets/Tilemap/IsometricZAsY/Characters/Witch/AnimationSprites/Static/witch static05.png
  artifactKey: Guid(da137afd2aa944addb4d15be30f7c6f5) Importer(2089858483,192608db42251d675da83286b1cce702)
Start importing Assets/techdemo-Assets/Tilemap/IsometricZAsY/Characters/Witch/AnimationSprites/Static/witch static05.png using Guid(da137afd2aa944addb4d15be30f7c6f5) Importer(2089858483,192608db42251d675da83286b1cce702) (ScriptedImporter) -> (artifact id: 'c420cb460e66fa7cd2007523e9e787d6') in 0.0211822 seconds
Number of updated asset objects reloaded before import = 0Number of asset objects unloaded after import = 3

========================================================================
Received Import Request.
  Time since last request: 0.000030 seconds.
  path: Assets/Tileset/spritesheet_45.asset
  artifactKey: Guid(96596469c1fc6824680f08aafbe444c8) Importer(2089858483,192608db42251d675da83286b1cce702)
Start importing Assets/Tileset/spritesheet_45.asset using Guid(96596469c1fc6824680f08aafbe444c8) Importer(2089858483,192608db42251d675da83286b1cce702) (ScriptedImporter) -> (artifact id: 'fe61b2eb52294b4b77ec0581f1e91a73') in 0.0164078 seconds
Number of updated asset objects reloaded before import = 0Number of asset objects unloaded after import = 2

========================================================================
Received Import Request.
  Time since last request: 0.000025 seconds.
  path: Assets/techdemo-Assets/Tilemap/IsometricZAsY/Characters/Witch/AnimationClips/Static NE.anim
  artifactKey: Guid(b11eb7d29cbea4b99b679dedf0796faa) Importer(2089858483,192608db42251d675da83286b1cce702)
Start importing Assets/techdemo-Assets/Tilemap/IsometricZAsY/Characters/Witch/AnimationClips/Static NE.anim using Guid(b11eb7d29cbea4b99b679dedf0796faa) Importer(2089858483,192608db42251d675da83286b1cce702) (ScriptedImporter) -> (artifact id: '7d8a1f06538a2c4a1e627509a074c6d2') in 0.0156096 seconds
Number of updated asset objects reloaded before import = 0Number of asset objects unloaded after import = 1

========================================================================
Received Import Request.
  Time since last request: 0.000017 seconds.
  path: Assets/techdemo-Assets/Tilemap/Rule Tiles/Foliage Tile/Atlas
  artifactKey: Guid(44fcc344dbc96904a9cc6fd27335094a) Importer(2089858483,192608db42251d675da83286b1cce702)
Start importing Assets/techdemo-Assets/Tilemap/Rule Tiles/Foliage Tile/Atlas using Guid(44fcc344dbc96904a9cc6fd27335094a) Importer(2089858483,192608db42251d675da83286b1cce702) (ScriptedImporter) -> (artifact id: '42ac3ca88e4458b7eea7b03d1a3fea2b') in 0.0126347 seconds
Number of updated asset objects reloaded before import = 0Number of asset objects unloaded after import = 1

========================================================================
Received Import Request.
  Time since last request: 0.000023 seconds.
  path: Assets/techdemo-Assets/Tilemap/Tiles/Random Tile/Tile Assets
  artifactKey: Guid(4281b9662d56bc246b499d5b40a0c429) Importer(2089858483,192608db42251d675da83286b1cce702)
Start importing Assets/techdemo-Assets/Tilemap/Tiles/Random Tile/Tile Assets using Guid(4281b9662d56bc246b499d5b40a0c429) Importer(2089858483,192608db42251d675da83286b1cce702) (ScriptedImporter) -> (artifact id: '1ff2a443ced6d166d9487554034142c2') in 0.013727 seconds
Number of updated asset objects reloaded before import = 0Number of asset objects unloaded after import = 1

========================================================================
Received Import Request.
  Time since last request: 0.000022 seconds.
  path: Assets/techdemo-Assets/Tilemap/Rule Tiles/Platform Tile/Tile Asset
  artifactKey: Guid(106d4faaa2b5e5244b5b73031f15b942) Importer(2089858483,192608db42251d675da83286b1cce702)
Start importing Assets/techdemo-Assets/Tilemap/Rule Tiles/Platform Tile/Tile Asset using Guid(106d4faaa2b5e5244b5b73031f15b942) Importer(2089858483,192608db42251d675da83286b1cce702) (ScriptedImporter) -> (artifact id: '27555ed5c1f347a38f8a5e11e2ac9ca6') in 0.0123912 seconds
Number of updated asset objects reloaded before import = 0Number of asset objects unloaded after import = 1

========================================================================
Received Import Request.
  Time since last request: 0.000020 seconds.
  path: Assets/techdemo-Assets/Tilemap/Brushes/Tint Brush/TileAssets
  artifactKey: Guid(64978a1a4a39c604192d5b9fade1e66f) Importer(2089858483,192608db42251d675da83286b1cce702)
Start importing Assets/techdemo-Assets/Tilemap/Brushes/Tint Brush/TileAssets using Guid(64978a1a4a39c604192d5b9fade1e66f) Importer(2089858483,192608db42251d675da83286b1cce702) (ScriptedImporter) -> (artifact id: '327edc28df1f4ff902c554d80e147e1c') in 0.0114719 seconds
Number of updated asset objects reloaded before import = 0Number of asset objects unloaded after import = 1

========================================================================
Received Import Request.
  Time since last request: 0.000023 seconds.
  path: Assets/techdemo-Assets/Tilemap/Hexagonal/Tiles/Palette/phlosioneer_hex_coastline_73.asset
  artifactKey: Guid(4ddc98b9b1ae2d14b8aecac59017e16f) Importer(2089858483,192608db42251d675da83286b1cce702)
Start importing Assets/techdemo-Assets/Tilemap/Hexagonal/Tiles/Palette/phlosioneer_hex_coastline_73.asset using Guid(4ddc98b9b1ae2d14b8aecac59017e16f) Importer(2089858483,192608db42251d675da83286b1cce702) (ScriptedImporter) -> (artifact id: 'c8afc0282d135ab6128c9263464e3da1') in 0.0245569 seconds
Number of updated asset objects reloaded before import = 0Number of asset objects unloaded after import = 2

========================================================================
Received Import Request.
  Time since last request: 0.000021 seconds.
  path: Assets/techdemo-Assets/Tilemap/Brushes/Tint Brush Smooth/Materials/TintedTilemap.mat
  artifactKey: Guid(aa13ed7aaa5d3da408ab375470452fdd) Importer(2089858483,192608db42251d675da83286b1cce702)
Start importing Assets/techdemo-Assets/Tilemap/Brushes/Tint Brush Smooth/Materials/TintedTilemap.mat using Guid(aa13ed7aaa5d3da408ab375470452fdd) Importer(2089858483,192608db42251d675da83286b1cce702) (ScriptedImporter) -> (artifact id: '1bdc81d253c49efe888d72ac647e2a73') in 0.0209019 seconds
Number of updated asset objects reloaded before import = 0Number of asset objects unloaded after import = 1

========================================================================
Received Import Request.
  Time since last request: 0.000026 seconds.
  path: Assets/techdemo-Assets/Tilemap/Destructible/Explosion/Explosion.prefab
  artifactKey: Guid(30b58b96590ae7d478cf1e262ecb7e10) Importer(2089858483,192608db42251d675da83286b1cce702)
Start importing Assets/techdemo-Assets/Tilemap/Destructible/Explosion/Explosion.prefab using Guid(30b58b96590ae7d478cf1e262ecb7e10) Importer(2089858483,192608db42251d675da83286b1cce702) (ScriptedImporter) -> (artifact id: '19bdc32fb393a02b83c5329c013c5fa0') in 0.066628 seconds
Number of updated asset objects reloaded before import = 0Number of asset objects unloaded after import = 11

========================================================================
Received Import Request.
  Time since last request: 0.000033 seconds.
  path: Assets/techdemo-Assets/Tilemap/Hexagonal/Tiles/Palette/phlosioneer_hex_coastline_40.asset
  artifactKey: Guid(578f8988ff48a0a4b9428dbefc6750a7) Importer(2089858483,192608db42251d675da83286b1cce702)
Start importing Assets/techdemo-Assets/Tilemap/Hexagonal/Tiles/Palette/phlosioneer_hex_coastline_40.asset using Guid(578f8988ff48a0a4b9428dbefc6750a7) Importer(2089858483,192608db42251d675da83286b1cce702) (ScriptedImporter) -> (artifact id: '57b057121a74cc5ad59cab3c62b0b3f6') in 0.0235495 seconds
Number of updated asset objects reloaded before import = 0Number of asset objects unloaded after import = 2

========================================================================
Received Import Request.
  Time since last request: 0.000020 seconds.
  path: Assets/techdemo-Assets/Tilemap/Hexagonal
  artifactKey: Guid(b51b1d9015e174bd1b25db27655c7339) Importer(2089858483,192608db42251d675da83286b1cce702)
Start importing Assets/techdemo-Assets/Tilemap/Hexagonal using Guid(b51b1d9015e174bd1b25db27655c7339) Importer(2089858483,192608db42251d675da83286b1cce702) (ScriptedImporter) -> (artifact id: '553ae74c4c1f83f5350df6d2cdf0c64d') in 0.0131069 seconds
Number of updated asset objects reloaded before import = 0Number of asset objects unloaded after import = 1

========================================================================
Received Import Request.
  Time since last request: 0.000017 seconds.
  path: Assets/techdemo-Assets/Tilemap/Normal Mapping/Sprites
  artifactKey: Guid(8c8e41c9438cdb84392f0b28ab248db7) Importer(2089858483,192608db42251d675da83286b1cce702)
Start importing Assets/techdemo-Assets/Tilemap/Normal Mapping/Sprites using Guid(8c8e41c9438cdb84392f0b28ab248db7) Importer(2089858483,192608db42251d675da83286b1cce702) (ScriptedImporter) -> (artifact id: 'da128521b521ce10fedd172de0857fed') in 0.0123143 seconds
Number of updated asset objects reloaded before import = 0Number of asset objects unloaded after import = 1

========================================================================
Received Import Request.
  Time since last request: 0.000033 seconds.
  path: Assets/techdemo-Assets/Tilemap/Brushes/Random Brush/Sprites
  artifactKey: Guid(8ae0a42449d648b48900f74b5a195e6d) Importer(2089858483,192608db42251d675da83286b1cce702)
Start importing Assets/techdemo-Assets/Tilemap/Brushes/Random Brush/Sprites using Guid(8ae0a42449d648b48900f74b5a195e6d) Importer(2089858483,192608db42251d675da83286b1cce702) (ScriptedImporter) -> (artifact id: 'e0ac06d53f932fca92997e5cef40e39c') in 0.0140732 seconds
Number of updated asset objects reloaded before import = 0Number of asset objects unloaded after import = 1

========================================================================
Received Import Request.
  Time since last request: 0.000061 seconds.
  path: Assets/techdemo-Assets/Tilemap/IsometricZAsY/Tilemaps
  artifactKey: Guid(6aa03fe6e31678b489ffa3745d53504e) Importer(2089858483,192608db42251d675da83286b1cce702)
Start importing Assets/techdemo-Assets/Tilemap/IsometricZAsY/Tilemaps using Guid(6aa03fe6e31678b489ffa3745d53504e) Importer(2089858483,192608db42251d675da83286b1cce702) (ScriptedImporter) -> (artifact id: 'd0ebc4e6c4d40c5fa9d0d9e79e740a07') in 0.0137844 seconds
Number of updated asset objects reloaded before import = 0Number of asset objects unloaded after import = 1

========================================================================
Received Import Request.
  Time since last request: 0.000031 seconds.
  path: Assets/techdemo-Assets/Tilemap/Normal Mapping/Scene
  artifactKey: Guid(afcb4abc96c3a7f4683e82f7912d4630) Importer(2089858483,192608db42251d675da83286b1cce702)
Start importing Assets/techdemo-Assets/Tilemap/Normal Mapping/Scene using Guid(afcb4abc96c3a7f4683e82f7912d4630) Importer(2089858483,192608db42251d675da83286b1cce702) (ScriptedImporter) -> (artifact id: 'db72ca24b96016bd2082e0bee0b034ee') in 0.0133307 seconds
Number of updated asset objects reloaded before import = 0Number of asset objects unloaded after import = 1

========================================================================
Received Import Request.
  Time since last request: 0.000017 seconds.
  path: Assets/Tileset/spritesheet_6.asset
  artifactKey: Guid(11a767b438c8c1d468ad5fad854c4938) Importer(2089858483,192608db42251d675da83286b1cce702)
Start importing Assets/Tileset/spritesheet_6.asset using Guid(11a767b438c8c1d468ad5fad854c4938) Importer(2089858483,192608db42251d675da83286b1cce702) (ScriptedImporter) -> (artifact id: 'bb0894f3b0a2ed9fe1533e40aff22972') in 0.0171006 seconds
Number of updated asset objects reloaded before import = 0Number of asset objects unloaded after import = 2

========================================================================
Received Import Request.
  Time since last request: 0.000022 seconds.
  path: Assets/Tileset/spritesheet_95.asset
  artifactKey: Guid(dcc061b65cbc046478d8beb3b435e0d9) Importer(2089858483,192608db42251d675da83286b1cce702)
Start importing Assets/Tileset/spritesheet_95.asset using Guid(dcc061b65cbc046478d8beb3b435e0d9) Importer(2089858483,192608db42251d675da83286b1cce702) (ScriptedImporter) -> (artifact id: 'fd4a28bf4dc9711a76da1ba986a1d2ea') in 0.0184339 seconds
Number of updated asset objects reloaded before import = 0Number of asset objects unloaded after import = 2

========================================================================
Received Import Request.
  Time since last request: 0.000021 seconds.
  path: Assets/Tileset/spritesheet_28.asset
  artifactKey: Guid(ac4c21156d4e9fd4bbec9c444de7f6f7) Importer(2089858483,192608db42251d675da83286b1cce702)
Start importing Assets/Tileset/spritesheet_28.asset using Guid(ac4c21156d4e9fd4bbec9c444de7f6f7) Importer(2089858483,192608db42251d675da83286b1cce702) (ScriptedImporter) -> (artifact id: 'c94c8c1d2d77dac392d630509bce1f23') in 0.0177276 seconds
Number of updated asset objects reloaded before import = 0Number of asset objects unloaded after import = 2

========================================================================
Received Import Request.
  Time since last request: 0.000018 seconds.
  path: Assets/techdemo-Assets/Tilemap/Hexagonal/Tiles/Palette/phlosioneer_hex_coastline_0.asset
  artifactKey: Guid(bf7b78ee591c7c949805958a29bc46e4) Importer(2089858483,192608db42251d675da83286b1cce702)
Start importing Assets/techdemo-Assets/Tilemap/Hexagonal/Tiles/Palette/phlosioneer_hex_coastline_0.asset using Guid(bf7b78ee591c7c949805958a29bc46e4) Importer(2089858483,192608db42251d675da83286b1cce702) (ScriptedImporter) -> (artifact id: 'af98a88a5fd2199d7dee2c5c7d886bd6') in 0.0228667 seconds
Number of updated asset objects reloaded before import = 0Number of asset objects unloaded after import = 2

========================================================================
Received Import Request.
  Time since last request: 0.000024 seconds.
  path: Assets/techdemo-Assets/Tilemap/Brick/TileAssets/RedBrick.asset
  artifactKey: Guid(db71319be18625e41b669442e5e7f861) Importer(2089858483,192608db42251d675da83286b1cce702)
Start importing Assets/techdemo-Assets/Tilemap/Brick/TileAssets/RedBrick.asset using Guid(db71319be18625e41b669442e5e7f861) Importer(2089858483,192608db42251d675da83286b1cce702) (ScriptedImporter) -> (artifact id: '6000d8954f67c2fcfdd0422a11ae2c8d') in 0.023761 seconds
Number of updated asset objects reloaded before import = 0Number of asset objects unloaded after import = 2

========================================================================
Received Import Request.
  Time since last request: 0.000037 seconds.
  path: Assets/Tileset/spritesheet_22.asset
  artifactKey: Guid(2316c700d8de23d4d9cf58ecb171144a) Importer(2089858483,192608db42251d675da83286b1cce702)
Start importing Assets/Tileset/spritesheet_22.asset using Guid(2316c700d8de23d4d9cf58ecb171144a) Importer(2089858483,192608db42251d675da83286b1cce702) (ScriptedImporter) -> (artifact id: 'b0def5f4f8e5bda72fe367f1bf5b1f25') in 0.0145639 seconds
Number of updated asset objects reloaded before import = 0Number of asset objects unloaded after import = 2

========================================================================
Received Import Request.
  Time since last request: 0.000024 seconds.
  path: Assets/Tileset/spritesheet_52.asset
  artifactKey: Guid(d7d9c2d5826aecb43bb621a26520d9db) Importer(2089858483,192608db42251d675da83286b1cce702)
Start importing Assets/Tileset/spritesheet_52.asset using Guid(d7d9c2d5826aecb43bb621a26520d9db) Importer(2089858483,192608db42251d675da83286b1cce702) (ScriptedImporter) -> (artifact id: '53ce883597243700583e8624342ef288') in 0.0142148 seconds
Number of updated asset objects reloaded before import = 0Number of asset objects unloaded after import = 2

========================================================================
Received Import Request.
  Time since last request: 12.336739 seconds.
  path: Assets/InputSystem_Actions.inputactions
  artifactKey: Guid(052faaac586de48259a63d0c4782560b) Importer(815301076,1909f56bfc062723c751e8b465ee728b)
Start importing Assets/InputSystem_Actions.inputactions using Guid(052faaac586de48259a63d0c4782560b) Importer(815301076,1909f56bfc062723c751e8b465ee728b) (PreviewImporter) -> (artifact id: 'd6cb674f8854437a202b5fbc7e6f7b51') in 0.0176328 seconds
Number of updated asset objects reloaded before import = 0Number of asset objects unloaded after import = 20

========================================================================
Received Import Request.
  Time since last request: 0.773328 seconds.
  path: Assets/InputSystem_Actions.inputactions
  artifactKey: Guid(052faaac586de48259a63d0c4782560b) Importer(2089858483,192608db42251d675da83286b1cce702)
Start importing Assets/InputSystem_Actions.inputactions using Guid(052faaac586de48259a63d0c4782560b) Importer(2089858483,192608db42251d675da83286b1cce702) (ScriptedImporter) -> (artifact id: '1a21150ece17edb4ffc0c100bf498e45') in 0.157529 seconds
Number of updated asset objects reloaded before import = 0Number of asset objects unloaded after import = 22

========================================================================
Received Import Request.
  Time since last request: 30.597704 seconds.
  path: Assets/InputSystem_Actions.inputactions
  artifactKey: Guid(052faaac586de48259a63d0c4782560b) Importer(815301076,1909f56bfc062723c751e8b465ee728b)
Start importing Assets/InputSystem_Actions.inputactions using Guid(052faaac586de48259a63d0c4782560b) Importer(815301076,1909f56bfc062723c751e8b465ee728b) (PreviewImporter) -> (artifact id: '8f6d7efa230d9cfc453aa0c24868fa1c') in 0.0047713 seconds
Number of updated asset objects reloaded before import = 0Number of asset objects unloaded after import = 20

========================================================================
Received Import Request.
  Time since last request: 0.931244 seconds.
  path: Assets/InputSystem_Actions.inputactions
  artifactKey: Guid(052faaac586de48259a63d0c4782560b) Importer(2089858483,192608db42251d675da83286b1cce702)
Start importing Assets/InputSystem_Actions.inputactions using Guid(052faaac586de48259a63d0c4782560b) Importer(2089858483,192608db42251d675da83286b1cce702) (ScriptedImporter) -> (artifact id: 'aff72a3661eed9dfa1760d95dc65c41a') in 0.0222024 seconds
Number of updated asset objects reloaded before import = 0Number of asset objects unloaded after import = 21

========================================================================
Received Prepare
Begin MonoManager ReloadAssembly
- Loaded All Assemblies, in  0.797 seconds
Refreshing native plugins compatible for Editor in 1.08 ms, found 3 plugins.
Native extension for WindowsStandalone target not found
Native extension for WebGL target not found
Mono: successfully reloaded assembly
- Finished resetting the current domain, in  0.695 seconds
Domain Reload Profiling: 1490ms
	BeginReloadAssembly (249ms)
		ExecutionOrderSort (0ms)
		DisableScriptedObjects (8ms)
		BackupInstance (0ms)
		ReleaseScriptingObjects (0ms)
		CreateAndSetChildDomain (72ms)
	RebuildCommonClasses (54ms)
	RebuildNativeTypeToScriptingClass (17ms)
	initialDomainReloadingComplete (30ms)
	LoadAllAssembliesAndSetupDomain (444ms)
		LoadAssemblies (373ms)
		RebuildTransferFunctionScriptingTraits (0ms)
		AnalyzeDomain (185ms)
			TypeCache.Refresh (9ms)
				TypeCache.ScanAssembly (1ms)
			BuildScriptInfoCaches (161ms)
			ResolveRequiredComponents (11ms)
	FinalizeReload (695ms)
		ReleaseScriptCaches (0ms)
		RebuildScriptCaches (0ms)
		SetupLoadedEditorAssemblies (509ms)
			LogAssemblyErrors (0ms)
			InitializePlatformSupportModulesInManaged (3ms)
			SetLoadedEditorAssemblies (5ms)
			BeforeProcessingInitializeOnLoad (111ms)
			ProcessInitializeOnLoadAttributes (329ms)
			ProcessInitializeOnLoadMethodAttributes (54ms)
			AfterProcessingInitializeOnLoad (8ms)
			EditorAssembliesLoaded (0ms)
		ExecutionOrderSort2 (0ms)
		AwakeInstancesAfterBackupRestoration (10ms)
Refreshing native plugins compatible for Editor in 2.16 ms, found 3 plugins.
Preloading 0 native plugins for Editor in 0.00 ms.
Unloading 42 Unused Serialized files (Serialized files now loaded: 0)
Unloading 6145 unused Assets / (6.4 MB). Loaded Objects now: 6788.
Memory consumption went from 150.9 MB to 144.4 MB.
Total: 18.005500 ms (FindLiveObjects: 1.416200 ms CreateObjectMapping: 1.058600 ms MarkObjects: 8.800600 ms  DeleteObjects: 6.728200 ms)

Prepare: number of updated asset objects reloaded= 0
========================================================================
Received Prepare
Begin MonoManager ReloadAssembly
- Loaded All Assemblies, in  0.717 seconds
Refreshing native plugins compatible for Editor in 1.10 ms, found 3 plugins.
Native extension for WindowsStandalone target not found
Native extension for WebGL target not found
Mono: successfully reloaded assembly
- Finished resetting the current domain, in  0.813 seconds
Domain Reload Profiling: 1527ms
	BeginReloadAssembly (189ms)
		ExecutionOrderSort (0ms)
		DisableScriptedObjects (7ms)
		BackupInstance (0ms)
		ReleaseScriptingObjects (0ms)
		CreateAndSetChildDomain (46ms)
	RebuildCommonClasses (37ms)
	RebuildNativeTypeToScriptingClass (13ms)
	initialDomainReloadingComplete (31ms)
	LoadAllAssembliesAndSetupDomain (443ms)
		LoadAssemblies (360ms)
		RebuildTransferFunctionScriptingTraits (0ms)
		AnalyzeDomain (176ms)
			TypeCache.Refresh (9ms)
				TypeCache.ScanAssembly (0ms)
			BuildScriptInfoCaches (153ms)
			ResolveRequiredComponents (10ms)
	FinalizeReload (813ms)
		ReleaseScriptCaches (0ms)
		RebuildScriptCaches (0ms)
		SetupLoadedEditorAssemblies (628ms)
			LogAssemblyErrors (0ms)
			InitializePlatformSupportModulesInManaged (3ms)
			SetLoadedEditorAssemblies (5ms)
			BeforeProcessingInitializeOnLoad (137ms)
			ProcessInitializeOnLoadAttributes (413ms)
			ProcessInitializeOnLoadMethodAttributes (61ms)
			AfterProcessingInitializeOnLoad (8ms)
			EditorAssembliesLoaded (0ms)
		ExecutionOrderSort2 (0ms)
		AwakeInstancesAfterBackupRestoration (11ms)
Refreshing native plugins compatible for Editor in 2.26 ms, found 3 plugins.
Preloading 0 native plugins for Editor in 0.00 ms.
Unloading 32 Unused Serialized files (Serialized files now loaded: 0)
Unloading 6145 unused Assets / (5.8 MB). Loaded Objects now: 6790.
Memory consumption went from 149.2 MB to 143.4 MB.
Total: 19.234400 ms (FindLiveObjects: 1.555500 ms CreateObjectMapping: 0.657600 ms MarkObjects: 9.615800 ms  DeleteObjects: 7.403200 ms)

Prepare: number of updated asset objects reloaded= 0
========================================================================
Received Prepare
Begin MonoManager ReloadAssembly
- Loaded All Assemblies, in  1.012 seconds
Refreshing native plugins compatible for Editor in 1.39 ms, found 3 plugins.
Native extension for WindowsStandalone target not found
Native extension for WebGL target not found
Mono: successfully reloaded assembly
- Finished resetting the current domain, in  0.909 seconds
Domain Reload Profiling: 1916ms
	BeginReloadAssembly (236ms)
		ExecutionOrderSort (0ms)
		DisableScriptedObjects (8ms)
		BackupInstance (0ms)
		ReleaseScriptingObjects (0ms)
		CreateAndSetChildDomain (55ms)
	RebuildCommonClasses (55ms)
	RebuildNativeTypeToScriptingClass (16ms)
	initialDomainReloadingComplete (41ms)
	LoadAllAssembliesAndSetupDomain (660ms)
		LoadAssemblies (444ms)
		RebuildTransferFunctionScriptingTraits (0ms)
		AnalyzeDomain (332ms)
			TypeCache.Refresh (176ms)
				TypeCache.ScanAssembly (160ms)
			BuildScriptInfoCaches (136ms)
			ResolveRequiredComponents (15ms)
	FinalizeReload (910ms)
		ReleaseScriptCaches (0ms)
		RebuildScriptCaches (0ms)
		SetupLoadedEditorAssemblies (703ms)
			LogAssemblyErrors (0ms)
			InitializePlatformSupportModulesInManaged (3ms)
			SetLoadedEditorAssemblies (6ms)
			BeforeProcessingInitializeOnLoad (159ms)
			ProcessInitializeOnLoadAttributes (460ms)
			ProcessInitializeOnLoadMethodAttributes (63ms)
			AfterProcessingInitializeOnLoad (12ms)
			EditorAssembliesLoaded (0ms)
		ExecutionOrderSort2 (0ms)
		AwakeInstancesAfterBackupRestoration (11ms)
Refreshing native plugins compatible for Editor in 2.26 ms, found 3 plugins.
Preloading 0 native plugins for Editor in 0.00 ms.
Unloading 32 Unused Serialized files (Serialized files now loaded: 0)
Unloading 6145 unused Assets / (8.1 MB). Loaded Objects now: 6792.
Memory consumption went from 149.3 MB to 141.1 MB.
Total: 26.223300 ms (FindLiveObjects: 1.354900 ms CreateObjectMapping: 0.557400 ms MarkObjects: 10.095300 ms  DeleteObjects: 14.214100 ms)

Prepare: number of updated asset objects reloaded= 0
========================================================================
Received Prepare
Begin MonoManager ReloadAssembly
- Loaded All Assemblies, in  0.750 seconds
Refreshing native plugins compatible for Editor in 1.04 ms, found 3 plugins.
Native extension for WindowsStandalone target not found
Native extension for WebGL target not found
Mono: successfully reloaded assembly
- Finished resetting the current domain, in  0.711 seconds
Domain Reload Profiling: 1456ms
	BeginReloadAssembly (198ms)
		ExecutionOrderSort (0ms)
		DisableScriptedObjects (7ms)
		BackupInstance (0ms)
		ReleaseScriptingObjects (0ms)
		CreateAndSetChildDomain (49ms)
	RebuildCommonClasses (37ms)
	RebuildNativeTypeToScriptingClass (13ms)
	initialDomainReloadingComplete (31ms)
	LoadAllAssembliesAndSetupDomain (466ms)
		LoadAssemblies (374ms)
		RebuildTransferFunctionScriptingTraits (0ms)
		AnalyzeDomain (188ms)
			TypeCache.Refresh (8ms)
				TypeCache.ScanAssembly (0ms)
			BuildScriptInfoCaches (165ms)
			ResolveRequiredComponents (11ms)
	FinalizeReload (711ms)
		ReleaseScriptCaches (0ms)
		RebuildScriptCaches (0ms)
		SetupLoadedEditorAssemblies (531ms)
			LogAssemblyErrors (0ms)
			InitializePlatformSupportModulesInManaged (3ms)
			SetLoadedEditorAssemblies (5ms)
			BeforeProcessingInitializeOnLoad (114ms)
			ProcessInitializeOnLoadAttributes (345ms)
			ProcessInitializeOnLoadMethodAttributes (55ms)
			AfterProcessingInitializeOnLoad (8ms)
			EditorAssembliesLoaded (0ms)
		ExecutionOrderSort2 (0ms)
		AwakeInstancesAfterBackupRestoration (10ms)
Refreshing native plugins compatible for Editor in 1.96 ms, found 3 plugins.
Preloading 0 native plugins for Editor in 0.00 ms.
Unloading 32 Unused Serialized files (Serialized files now loaded: 0)
Unloading 6145 unused Assets / (6.2 MB). Loaded Objects now: 6794.
Memory consumption went from 149.3 MB to 143.2 MB.
Total: 18.918400 ms (FindLiveObjects: 1.595700 ms CreateObjectMapping: 0.877000 ms MarkObjects: 8.564400 ms  DeleteObjects: 7.879000 ms)

Prepare: number of updated asset objects reloaded= 0
========================================================================
Received Prepare
Begin MonoManager ReloadAssembly
- Loaded All Assemblies, in  0.727 seconds
Refreshing native plugins compatible for Editor in 1.27 ms, found 3 plugins.
Native extension for WindowsStandalone target not found
Native extension for WebGL target not found
Mono: successfully reloaded assembly
- Finished resetting the current domain, in  0.706 seconds
Domain Reload Profiling: 1429ms
	BeginReloadAssembly (193ms)
		ExecutionOrderSort (0ms)
		DisableScriptedObjects (7ms)
		BackupInstance (0ms)
		ReleaseScriptingObjects (0ms)
		CreateAndSetChildDomain (43ms)
	RebuildCommonClasses (37ms)
	RebuildNativeTypeToScriptingClass (13ms)
	initialDomainReloadingComplete (31ms)
	LoadAllAssembliesAndSetupDomain (448ms)
		LoadAssemblies (365ms)
		RebuildTransferFunctionScriptingTraits (0ms)
		AnalyzeDomain (180ms)
			TypeCache.Refresh (9ms)
				TypeCache.ScanAssembly (1ms)
			BuildScriptInfoCaches (155ms)
			ResolveRequiredComponents (10ms)
	FinalizeReload (707ms)
		ReleaseScriptCaches (0ms)
		RebuildScriptCaches (0ms)
		SetupLoadedEditorAssemblies (524ms)
			LogAssemblyErrors (0ms)
			InitializePlatformSupportModulesInManaged (3ms)
			SetLoadedEditorAssemblies (4ms)
			BeforeProcessingInitializeOnLoad (116ms)
			ProcessInitializeOnLoadAttributes (340ms)
			ProcessInitializeOnLoadMethodAttributes (53ms)
			AfterProcessingInitializeOnLoad (7ms)
			EditorAssembliesLoaded (0ms)
		ExecutionOrderSort2 (0ms)
		AwakeInstancesAfterBackupRestoration (10ms)
Refreshing native plugins compatible for Editor in 1.73 ms, found 3 plugins.
Preloading 0 native plugins for Editor in 0.00 ms.
Unloading 32 Unused Serialized files (Serialized files now loaded: 0)
Unloading 6145 unused Assets / (6.3 MB). Loaded Objects now: 6796.
Memory consumption went from 149.3 MB to 143.0 MB.
Total: 18.240500 ms (FindLiveObjects: 1.374100 ms CreateObjectMapping: 0.650000 ms MarkObjects: 8.744500 ms  DeleteObjects: 7.469600 ms)

Prepare: number of updated asset objects reloaded= 0
========================================================================
Received Prepare
Begin MonoManager ReloadAssembly
- Loaded All Assemblies, in  0.735 seconds
Refreshing native plugins compatible for Editor in 1.33 ms, found 3 plugins.
Native extension for WindowsStandalone target not found
Native extension for WebGL target not found
Mono: successfully reloaded assembly
- Finished resetting the current domain, in  0.742 seconds
Domain Reload Profiling: 1473ms
	BeginReloadAssembly (189ms)
		ExecutionOrderSort (0ms)
		DisableScriptedObjects (7ms)
		BackupInstance (0ms)
		ReleaseScriptingObjects (0ms)
		CreateAndSetChildDomain (44ms)
	RebuildCommonClasses (39ms)
	RebuildNativeTypeToScriptingClass (13ms)
	initialDomainReloadingComplete (31ms)
	LoadAllAssembliesAndSetupDomain (458ms)
		LoadAssemblies (368ms)
		RebuildTransferFunctionScriptingTraits (0ms)
		AnalyzeDomain (184ms)
			TypeCache.Refresh (7ms)
				TypeCache.ScanAssembly (0ms)
			BuildScriptInfoCaches (160ms)
			ResolveRequiredComponents (11ms)
	FinalizeReload (743ms)
		ReleaseScriptCaches (0ms)
		RebuildScriptCaches (0ms)
		SetupLoadedEditorAssemblies (562ms)
			LogAssemblyErrors (0ms)
			InitializePlatformSupportModulesInManaged (3ms)
			SetLoadedEditorAssemblies (5ms)
			BeforeProcessingInitializeOnLoad (115ms)
			ProcessInitializeOnLoadAttributes (366ms)
			ProcessInitializeOnLoadMethodAttributes (64ms)
			AfterProcessingInitializeOnLoad (8ms)
			EditorAssembliesLoaded (0ms)
		ExecutionOrderSort2 (0ms)
		AwakeInstancesAfterBackupRestoration (11ms)
Refreshing native plugins compatible for Editor in 2.25 ms, found 3 plugins.
Preloading 0 native plugins for Editor in 0.00 ms.
Unloading 32 Unused Serialized files (Serialized files now loaded: 0)
Unloading 6145 unused Assets / (6.3 MB). Loaded Objects now: 6798.
Memory consumption went from 149.3 MB to 143.0 MB.
Total: 19.883900 ms (FindLiveObjects: 1.767100 ms CreateObjectMapping: 1.076600 ms MarkObjects: 8.940900 ms  DeleteObjects: 8.097500 ms)

Prepare: number of updated asset objects reloaded= 0
========================================================================
Received Import Request.
  Time since last request: 1337.393727 seconds.
  path: Assets/InputSystem_Actions.inputactions
  artifactKey: Guid(052faaac586de48259a63d0c4782560b) Importer(815301076,1909f56bfc062723c751e8b465ee728b)
Start importing Assets/InputSystem_Actions.inputactions using Guid(052faaac586de48259a63d0c4782560b) Importer(815301076,1909f56bfc062723c751e8b465ee728b) (PreviewImporter) -> (artifact id: '40318086fb2e27669e92f1f85b678b4d') in 0.0438494 seconds
Number of updated asset objects reloaded before import = 1Number of asset objects unloaded after import = 19

========================================================================
Received Prepare
Begin MonoManager ReloadAssembly
- Loaded All Assemblies, in  0.725 seconds
Refreshing native plugins compatible for Editor in 1.19 ms, found 3 plugins.
Native extension for WindowsStandalone target not found
Native extension for WebGL target not found
Mono: successfully reloaded assembly
- Finished resetting the current domain, in  0.761 seconds
Domain Reload Profiling: 1483ms
	BeginReloadAssembly (191ms)
		ExecutionOrderSort (0ms)
		DisableScriptedObjects (9ms)
		BackupInstance (0ms)
		ReleaseScriptingObjects (0ms)
		CreateAndSetChildDomain (48ms)
	RebuildCommonClasses (37ms)
	RebuildNativeTypeToScriptingClass (13ms)
	initialDomainReloadingComplete (29ms)
	LoadAllAssembliesAndSetupDomain (452ms)
		LoadAssemblies (355ms)
		RebuildTransferFunctionScriptingTraits (0ms)
		AnalyzeDomain (186ms)
			TypeCache.Refresh (8ms)
				TypeCache.ScanAssembly (0ms)
			BuildScriptInfoCaches (161ms)
			ResolveRequiredComponents (11ms)
	FinalizeReload (762ms)
		ReleaseScriptCaches (0ms)
		RebuildScriptCaches (0ms)
		SetupLoadedEditorAssemblies (575ms)
			LogAssemblyErrors (0ms)
			InitializePlatformSupportModulesInManaged (3ms)
			SetLoadedEditorAssemblies (5ms)
			BeforeProcessingInitializeOnLoad (117ms)
			ProcessInitializeOnLoadAttributes (375ms)
			ProcessInitializeOnLoadMethodAttributes (66ms)
			AfterProcessingInitializeOnLoad (8ms)
			EditorAssembliesLoaded (0ms)
		ExecutionOrderSort2 (0ms)
		AwakeInstancesAfterBackupRestoration (11ms)
Refreshing native plugins compatible for Editor in 2.14 ms, found 3 plugins.
Preloading 0 native plugins for Editor in 0.00 ms.
Unloading 32 Unused Serialized files (Serialized files now loaded: 0)
Unloading 6145 unused Assets / (5.9 MB). Loaded Objects now: 6800.
Memory consumption went from 149.3 MB to 143.4 MB.
Total: 21.127500 ms (FindLiveObjects: 1.768500 ms CreateObjectMapping: 1.437100 ms MarkObjects: 10.137800 ms  DeleteObjects: 7.782300 ms)

Prepare: number of updated asset objects reloaded= 0
========================================================================
Received Prepare
Refreshing native plugins compatible for Editor in 2.41 ms, found 3 plugins.
Preloading 0 native plugins for Editor in 0.00 ms.
Unloading 32 Unused Serialized files (Serialized files now loaded: 0)
Unloading 6138 unused Assets / (6.0 MB). Loaded Objects now: 6800.
Memory consumption went from 149.5 MB to 143.5 MB.
Total: 21.849300 ms (FindLiveObjects: 3.078100 ms CreateObjectMapping: 1.170900 ms MarkObjects: 10.396800 ms  DeleteObjects: 7.201000 ms)

Prepare: number of updated asset objects reloaded= 0
