Using pre-set license
Built from '6000.0/release' branch; Version is '6000.0.46f1 (fb93bc360d3a) revision 16487356'; Using compiler version '193933523'; Build Type 'Release'
OS: 'Windows 11  (10.0.26100) 64bit Professional' Language: 'en' Physical Memory: 32693 MB
BatchMode: 1, IsHumanControllingUs: 0, StartBugReporterOnCrash: 0, Is64bit: 1, IsPro: 1

COMMAND LINE ARGUMENTS:
C:\Program Files\Unity\Hub\Editor\6000.0.46f1\Editor\Unity.exe
-adb2
-batchMode
-noUpm
-name
AssetImportWorker18
-projectPath
C:/Users/compu/git/unity-game/sci-tactics
-logFile
Logs/AssetImportWorker18.log
-srvPort
49898
-job-worker-count
11
-background-job-worker-count
8
-gc-helper-count
1
Successfully changed project path to: C:/Users/compu/git/unity-game/sci-tactics
C:/Users/compu/git/unity-game/sci-tactics
[UnityMemory] Configuration Parameters - Can be set up in boot.config
    "memorysetup-bucket-allocator-granularity=16"
    "memorysetup-bucket-allocator-bucket-count=8"
    "memorysetup-bucket-allocator-block-size=33554432"
    "memorysetup-bucket-allocator-block-count=8"
    "memorysetup-main-allocator-block-size=16777216"
    "memorysetup-thread-allocator-block-size=16777216"
    "memorysetup-gfx-main-allocator-block-size=16777216"
    "memorysetup-gfx-thread-allocator-block-size=16777216"
    "memorysetup-cache-allocator-block-size=4194304"
    "memorysetup-typetree-allocator-block-size=2097152"
    "memorysetup-profiler-bucket-allocator-granularity=16"
    "memorysetup-profiler-bucket-allocator-bucket-count=8"
    "memorysetup-profiler-bucket-allocator-block-size=33554432"
    "memorysetup-profiler-bucket-allocator-block-count=8"
    "memorysetup-profiler-allocator-block-size=16777216"
    "memorysetup-profiler-editor-allocator-block-size=1048576"
    "memorysetup-temp-allocator-size-main=16777216"
    "memorysetup-job-temp-allocator-block-size=2097152"
    "memorysetup-job-temp-allocator-block-size-background=1048576"
    "memorysetup-job-temp-allocator-reduction-small-platforms=262144"
    "memorysetup-allocator-temp-initial-block-size-main=262144"
    "memorysetup-allocator-temp-initial-block-size-worker=262144"
    "memorysetup-temp-allocator-size-background-worker=32768"
    "memorysetup-temp-allocator-size-job-worker=262144"
    "memorysetup-temp-allocator-size-preload-manager=33554432"
    "memorysetup-temp-allocator-size-nav-mesh-worker=65536"
    "memorysetup-temp-allocator-size-audio-worker=65536"
    "memorysetup-temp-allocator-size-cloud-worker=32768"
    "memorysetup-temp-allocator-size-gi-baking-worker=262144"
    "memorysetup-temp-allocator-size-gi-baking-worker=262144"
    "memorysetup-temp-allocator-size-gi-baking-worker=262144"
    "memorysetup-temp-allocator-size-gi-baking-worker=262144"
    "memorysetup-temp-allocator-size-gi-baking-worker=262144"
    "memorysetup-temp-allocator-size-gfx=262144"
Player connection [28100]  Target information:

Player connection [28100]  * "[IP] 192.168.0.33 [Port] 0 [Flags] 2 [Guid] 3130698600 [EditorId] 3130698600 [Version] 1048832 [Id] WindowsEditor(7,wet-again) [Debug] 1 [PackageName] WindowsEditor [ProjectName] Editor" 

Player connection [28100]  * "[IP] 192.168.0.39 [Port] 0 [Flags] 2 [Guid] 3130698600 [EditorId] 3130698600 [Version] 1048832 [Id] WindowsEditor(7,wet-again) [Debug] 1 [PackageName] WindowsEditor [ProjectName] Editor" 

Player connection [28100] Host joined multi-casting on [225.0.0.222:54997]...
Player connection [28100] Host joined alternative multi-casting on [225.0.0.222:34997]...
JobSystem: Creating JobQueue using job-worker-count value 11
Input System module state changed to: Initialized.
[Physics::Module] Initialized fallback backend.
[Physics::Module] Id: 0xdecafbad
Library Redirect Path: Library/
[Physics::Module] Selected backend.
[Physics::Module] Name: PhysX
[Physics::Module] Id: 0xf2b8ea05
[Physics::Module] SDK Version: 4.1.2
[Physics::Module] Integration Version: 1.0.0
[Physics::Module] Threading Mode: Multi-Threaded
Refreshing native plugins compatible for Editor in 1.97 ms, found 3 plugins.
Preloading 0 native plugins for Editor in 0.00 ms.
Initialize engine version: 6000.0.46f1 (fb93bc360d3a)
[Subsystems] Discovering subsystems at path C:/Program Files/Unity/Hub/Editor/6000.0.46f1/Editor/Data/Resources/UnitySubsystems
[Subsystems] Discovering subsystems at path C:/Users/compu/git/unity-game/sci-tactics/Assets
GfxDevice: creating device client; kGfxThreadingModeNonThreaded
Direct3D:
    Version:  Direct3D 11.0 [level 11.1]
    Renderer: NVIDIA GeForce RTX 4060 (ID=0x2882)
    Vendor:   NVIDIA
    VRAM:     7957 MB
    Driver:   32.0.15.7260
Initialize mono
Mono path[0] = 'C:/Program Files/Unity/Hub/Editor/6000.0.46f1/Editor/Data/Managed'
Mono path[1] = 'C:/Program Files/Unity/Hub/Editor/6000.0.46f1/Editor/Data/MonoBleedingEdge/lib/mono/unityjit-win32'
Mono config path = 'C:/Program Files/Unity/Hub/Editor/6000.0.46f1/Editor/Data/MonoBleedingEdge/etc'
Using monoOptions --debugger-agent=transport=dt_socket,embedding=1,server=y,suspend=n,address=127.0.0.1:56508
Begin MonoManager ReloadAssembly
Registering precompiled unity dll's ...
Register platform support module: C:/Program Files/Unity/Hub/Editor/6000.0.46f1/Editor/Data/PlaybackEngines/WebGLSupport/UnityEditor.WebGL.Extensions.dll
Register platform support module: C:/Program Files/Unity/Hub/Editor/6000.0.46f1/Editor/Data/PlaybackEngines/WindowsStandaloneSupport/UnityEditor.WindowsStandalone.Extensions.dll
Registered in 0.004928 seconds.
- Loaded All Assemblies, in  0.459 seconds
Native extension for WindowsStandalone target not found
Native extension for WebGL target not found
Mono: successfully reloaded assembly
- Finished resetting the current domain, in  0.408 seconds
Domain Reload Profiling: 864ms
	BeginReloadAssembly (147ms)
		ExecutionOrderSort (0ms)
		DisableScriptedObjects (0ms)
		BackupInstance (0ms)
		ReleaseScriptingObjects (0ms)
		CreateAndSetChildDomain (1ms)
	RebuildCommonClasses (45ms)
	RebuildNativeTypeToScriptingClass (14ms)
	initialDomainReloadingComplete (63ms)
	LoadAllAssembliesAndSetupDomain (187ms)
		LoadAssemblies (143ms)
		RebuildTransferFunctionScriptingTraits (0ms)
		AnalyzeDomain (182ms)
			TypeCache.Refresh (180ms)
				TypeCache.ScanAssembly (165ms)
			BuildScriptInfoCaches (0ms)
			ResolveRequiredComponents (1ms)
	FinalizeReload (409ms)
		ReleaseScriptCaches (0ms)
		RebuildScriptCaches (0ms)
		SetupLoadedEditorAssemblies (359ms)
			LogAssemblyErrors (0ms)
			InitializePlatformSupportModulesInManaged (27ms)
			SetLoadedEditorAssemblies (5ms)
			BeforeProcessingInitializeOnLoad (65ms)
			ProcessInitializeOnLoadAttributes (195ms)
			ProcessInitializeOnLoadMethodAttributes (67ms)
			AfterProcessingInitializeOnLoad (0ms)
			EditorAssembliesLoaded (0ms)
		ExecutionOrderSort2 (0ms)
		AwakeInstancesAfterBackupRestoration (0ms)
========================================================================
Worker process is ready to serve import requests
Import Worker Mode flag is 0x00
Begin MonoManager ReloadAssembly
- Loaded All Assemblies, in  0.876 seconds
Refreshing native plugins compatible for Editor in 1.33 ms, found 3 plugins.
Native extension for WindowsStandalone target not found
Native extension for WebGL target not found
Mono: successfully reloaded assembly
- Finished resetting the current domain, in  0.855 seconds
Domain Reload Profiling: 1726ms
	BeginReloadAssembly (183ms)
		ExecutionOrderSort (0ms)
		DisableScriptedObjects (7ms)
		BackupInstance (0ms)
		ReleaseScriptingObjects (0ms)
		CreateAndSetChildDomain (32ms)
	RebuildCommonClasses (44ms)
	RebuildNativeTypeToScriptingClass (15ms)
	initialDomainReloadingComplete (44ms)
	LoadAllAssembliesAndSetupDomain (584ms)
		LoadAssemblies (419ms)
		RebuildTransferFunctionScriptingTraits (0ms)
		AnalyzeDomain (273ms)
			TypeCache.Refresh (203ms)
				TypeCache.ScanAssembly (183ms)
			BuildScriptInfoCaches (55ms)
			ResolveRequiredComponents (11ms)
	FinalizeReload (856ms)
		ReleaseScriptCaches (0ms)
		RebuildScriptCaches (0ms)
		SetupLoadedEditorAssemblies (685ms)
			LogAssemblyErrors (0ms)
			InitializePlatformSupportModulesInManaged (3ms)
			SetLoadedEditorAssemblies (5ms)
			BeforeProcessingInitializeOnLoad (130ms)
			ProcessInitializeOnLoadAttributes (428ms)
			ProcessInitializeOnLoadMethodAttributes (110ms)
			AfterProcessingInitializeOnLoad (8ms)
			EditorAssembliesLoaded (0ms)
		ExecutionOrderSort2 (0ms)
		AwakeInstancesAfterBackupRestoration (6ms)
Launched and connected shader compiler UnityShaderCompiler.exe after 0.01 seconds
Refreshing native plugins compatible for Editor in 2.03 ms, found 3 plugins.
Preloading 0 native plugins for Editor in 0.00 ms.
Unloading 191 Unused Serialized files (Serialized files now loaded: 0)
Unloading 6147 unused Assets / (6.2 MB). Loaded Objects now: 6770.
Memory consumption went from 161.3 MB to 155.2 MB.
Total: 20.328800 ms (FindLiveObjects: 2.027300 ms CreateObjectMapping: 0.909800 ms MarkObjects: 9.927700 ms  DeleteObjects: 7.461600 ms)

========================================================================
Received Import Request.
  Time since last request: 13151.717802 seconds.
  path: Assets/Tileset/spritesheet_66.asset
  artifactKey: Guid(44c9193cd0f4fc7488241f2da4ec09bb) Importer(2089858483,192608db42251d675da83286b1cce702)
Start importing Assets/Tileset/spritesheet_66.asset using Guid(44c9193cd0f4fc7488241f2da4ec09bb) Importer(2089858483,192608db42251d675da83286b1cce702) (ScriptedImporter) -> (artifact id: 'fa877171d7dcf20b42022739e5deac9b') in 0.3022945 seconds
Number of updated asset objects reloaded before import = 0Number of asset objects unloaded after import = 2

========================================================================
Received Import Request.
  Time since last request: 0.000038 seconds.
  path: Assets/Settings/tactics_2d_renderer.asset
  artifactKey: Guid(4254b42a54451994785d9b8535ab2bd3) Importer(2089858483,192608db42251d675da83286b1cce702)
Start importing Assets/Settings/tactics_2d_renderer.asset using Guid(4254b42a54451994785d9b8535ab2bd3) Importer(2089858483,192608db42251d675da83286b1cce702) (ScriptedImporter) -> (artifact id: '4a33f07ee341f27b3f39c5b0deefefd6') in 0.0811529 seconds
Number of updated asset objects reloaded before import = 0Number of asset objects unloaded after import = 1

========================================================================
Received Import Request.
  Time since last request: 0.000033 seconds.
  path: Assets/techdemo-Assets/Tilemap/Brushes/Random Brush/Tile Asset/TemplePlants_3.asset
  artifactKey: Guid(4833fcccdc342614f9b8631e487d51b6) Importer(2089858483,192608db42251d675da83286b1cce702)
Start importing Assets/techdemo-Assets/Tilemap/Brushes/Random Brush/Tile Asset/TemplePlants_3.asset using Guid(4833fcccdc342614f9b8631e487d51b6) Importer(2089858483,192608db42251d675da83286b1cce702) (ScriptedImporter) -> (artifact id: '1c3d1c92fe8c74ce917f2d9a3bff1602') in 0.0315387 seconds
Number of updated asset objects reloaded before import = 0Number of asset objects unloaded after import = 2

========================================================================
Received Import Request.
  Time since last request: 0.000020 seconds.
  path: Assets/techdemo-Assets/Tilemap/Brushes/Random Brush/Tile Asset/TemplePlants_9.asset
  artifactKey: Guid(39a72bc8509c04043842f2f0d00c8804) Importer(2089858483,192608db42251d675da83286b1cce702)
Start importing Assets/techdemo-Assets/Tilemap/Brushes/Random Brush/Tile Asset/TemplePlants_9.asset using Guid(39a72bc8509c04043842f2f0d00c8804) Importer(2089858483,192608db42251d675da83286b1cce702) (ScriptedImporter) -> (artifact id: '525f15200fc4fa126f92c87e509a11d6') in 0.0274949 seconds
Number of updated asset objects reloaded before import = 0Number of asset objects unloaded after import = 2

========================================================================
Received Import Request.
  Time since last request: 0.000020 seconds.
  path: Assets/techdemo-Assets/Tilemap/Brushes/Tint Brush Smooth/Tint Brush Smooth.unity
  artifactKey: Guid(48b83278236a8d949a9479708e1d9c4a) Importer(2089858483,192608db42251d675da83286b1cce702)
Start importing Assets/techdemo-Assets/Tilemap/Brushes/Tint Brush Smooth/Tint Brush Smooth.unity using Guid(48b83278236a8d949a9479708e1d9c4a) Importer(2089858483,192608db42251d675da83286b1cce702) (ScriptedImporter) -> (artifact id: '7a152c2c9fbc4be68f498c261be038db') in 0.0245526 seconds
Number of updated asset objects reloaded before import = 0Number of asset objects unloaded after import = 1

========================================================================
Received Import Request.
  Time since last request: 0.000019 seconds.
  path: Assets/techdemo-Assets/Tilemap/Rule Tiles/Ladder Tile/Tile Asset
  artifactKey: Guid(b661e591c43d51b409bd70568ec05fcf) Importer(2089858483,192608db42251d675da83286b1cce702)
Start importing Assets/techdemo-Assets/Tilemap/Rule Tiles/Ladder Tile/Tile Asset using Guid(b661e591c43d51b409bd70568ec05fcf) Importer(2089858483,192608db42251d675da83286b1cce702) (ScriptedImporter) -> (artifact id: '9259f3d8018d9bd8deed29f06d8ef2b1') in 0.0142714 seconds
Number of updated asset objects reloaded before import = 0Number of asset objects unloaded after import = 1

========================================================================
Received Import Request.
  Time since last request: 0.000045 seconds.
  path: Assets/techdemo-Assets/Tilemap/IsometricZAsY/Scripts/HideTilemapColliderOnPlay.cs
  artifactKey: Guid(0351af0e3d731ca4ab7c72b47fda7daf) Importer(2089858483,192608db42251d675da83286b1cce702)
Start importing Assets/techdemo-Assets/Tilemap/IsometricZAsY/Scripts/HideTilemapColliderOnPlay.cs using Guid(0351af0e3d731ca4ab7c72b47fda7daf) Importer(2089858483,192608db42251d675da83286b1cce702) (ScriptedImporter) -> (artifact id: '3cf85d3425b6937c34f4f9599402b84d') in 0.0189754 seconds
Number of updated asset objects reloaded before import = 0Number of asset objects unloaded after import = 0

========================================================================
Received Import Request.
  Time since last request: 0.000034 seconds.
  path: Assets/Tileset/spritesheet_51.asset
  artifactKey: Guid(0ed88ed467cb7da47a3c6223a5facbe5) Importer(2089858483,192608db42251d675da83286b1cce702)
Start importing Assets/Tileset/spritesheet_51.asset using Guid(0ed88ed467cb7da47a3c6223a5facbe5) Importer(2089858483,192608db42251d675da83286b1cce702) (ScriptedImporter) -> (artifact id: 'd6a974cac3eb8a59c0a3f64cadde9fb1') in 0.0157045 seconds
Number of updated asset objects reloaded before import = 0Number of asset objects unloaded after import = 2

========================================================================
Received Import Request.
  Time since last request: 0.000023 seconds.
  path: Assets/techdemo-Assets/Tilemap/Brushes/Random Brush/Tile Asset/TempleCarved_2.asset
  artifactKey: Guid(d6ccd4012cd9e48419a36676ca2e5539) Importer(2089858483,192608db42251d675da83286b1cce702)
Start importing Assets/techdemo-Assets/Tilemap/Brushes/Random Brush/Tile Asset/TempleCarved_2.asset using Guid(d6ccd4012cd9e48419a36676ca2e5539) Importer(2089858483,192608db42251d675da83286b1cce702) (ScriptedImporter) -> (artifact id: '6036872179606deb311641a7adb09ce4') in 0.0220086 seconds
Number of updated asset objects reloaded before import = 0Number of asset objects unloaded after import = 2

========================================================================
Received Import Request.
  Time since last request: 0.000017 seconds.
  path: Assets/techdemo-Assets/Tilemap/IsometricZAsY/Tilemaps/Isometric/Sprites/Desert/Flat/desert-sliced_13.png
  artifactKey: Guid(1fa9a4a9631823f44b33f6ac73e6e1d3) Importer(2089858483,192608db42251d675da83286b1cce702)
Start importing Assets/techdemo-Assets/Tilemap/IsometricZAsY/Tilemaps/Isometric/Sprites/Desert/Flat/desert-sliced_13.png using Guid(1fa9a4a9631823f44b33f6ac73e6e1d3) Importer(2089858483,192608db42251d675da83286b1cce702) (ScriptedImporter) -> (artifact id: '435ecfdcd925ad6733da27172feb41f3') in 0.0521422 seconds
Number of updated asset objects reloaded before import = 0Number of asset objects unloaded after import = 3

========================================================================
Received Import Request.
  Time since last request: 0.000022 seconds.
  path: Assets/techdemo-Assets/Tilemap/Hexagonal/Tiles/Palette/phlosioneer_hex_coastline_38.asset
  artifactKey: Guid(c9370c241b8f9244aa877ecb92812dc1) Importer(2089858483,192608db42251d675da83286b1cce702)
Start importing Assets/techdemo-Assets/Tilemap/Hexagonal/Tiles/Palette/phlosioneer_hex_coastline_38.asset using Guid(c9370c241b8f9244aa877ecb92812dc1) Importer(2089858483,192608db42251d675da83286b1cce702) (ScriptedImporter) -> (artifact id: 'b26c820610dd7c11e5d8bbd39d39b0d2') in 0.0244978 seconds
Number of updated asset objects reloaded before import = 0Number of asset objects unloaded after import = 2

========================================================================
Received Import Request.
  Time since last request: 0.000020 seconds.
  path: Assets/techdemo-Assets/Tilemap/Hexagonal/Tiles/Palette/phlosioneer_hex_coastline_42.asset
  artifactKey: Guid(726d86b504c51254f9a346ec48104422) Importer(2089858483,192608db42251d675da83286b1cce702)
Start importing Assets/techdemo-Assets/Tilemap/Hexagonal/Tiles/Palette/phlosioneer_hex_coastline_42.asset using Guid(726d86b504c51254f9a346ec48104422) Importer(2089858483,192608db42251d675da83286b1cce702) (ScriptedImporter) -> (artifact id: '591a6dfdad09223507630fc78742e40a') in 0.02357 seconds
Number of updated asset objects reloaded before import = 0Number of asset objects unloaded after import = 2

========================================================================
Received Import Request.
  Time since last request: 0.000026 seconds.
  path: Assets/techdemo-Assets/Tilemap/Hexagonal/Tiles/Palette/phlosioneer_hex_coastline_28.asset
  artifactKey: Guid(8f4c75f44fb548d4a9a2d18b0fe71efd) Importer(2089858483,192608db42251d675da83286b1cce702)
Start importing Assets/techdemo-Assets/Tilemap/Hexagonal/Tiles/Palette/phlosioneer_hex_coastline_28.asset using Guid(8f4c75f44fb548d4a9a2d18b0fe71efd) Importer(2089858483,192608db42251d675da83286b1cce702) (ScriptedImporter) -> (artifact id: '728a3df29f0ab41b3c87414224d2fe5c') in 0.022565 seconds
Number of updated asset objects reloaded before import = 0Number of asset objects unloaded after import = 2

========================================================================
Received Import Request.
  Time since last request: 0.000023 seconds.
  path: Assets/techdemo-Assets/Tilemap/Hexagonal/Tiles/Palette/phlosioneer_hex_coastline_15.asset
  artifactKey: Guid(67ceccca055867c4d808a65f1a0b67ac) Importer(2089858483,192608db42251d675da83286b1cce702)
Start importing Assets/techdemo-Assets/Tilemap/Hexagonal/Tiles/Palette/phlosioneer_hex_coastline_15.asset using Guid(67ceccca055867c4d808a65f1a0b67ac) Importer(2089858483,192608db42251d675da83286b1cce702) (ScriptedImporter) -> (artifact id: 'eea70a4f317c94bde4ef99004b4b23cb') in 0.0234284 seconds
Number of updated asset objects reloaded before import = 0Number of asset objects unloaded after import = 2

========================================================================
Received Import Request.
  Time since last request: 0.000020 seconds.
  path: Assets/techdemo-Assets/Tilemap/Hexagonal/Sprites
  artifactKey: Guid(25240aca3ed823949ad3e179abb9c790) Importer(2089858483,192608db42251d675da83286b1cce702)
Start importing Assets/techdemo-Assets/Tilemap/Hexagonal/Sprites using Guid(25240aca3ed823949ad3e179abb9c790) Importer(2089858483,192608db42251d675da83286b1cce702) (ScriptedImporter) -> (artifact id: '62447a5158c9d333e6af18b291cbca03') in 0.0125061 seconds
Number of updated asset objects reloaded before import = 0Number of asset objects unloaded after import = 1

========================================================================
Received Import Request.
  Time since last request: 0.000023 seconds.
  path: Assets/techdemo-Assets/Tilemap/IsometricZAsY/Characters/Witch/AnimationSprites/Run N
  artifactKey: Guid(b85104b114845994c900bf43faf6c279) Importer(2089858483,192608db42251d675da83286b1cce702)
Start importing Assets/techdemo-Assets/Tilemap/IsometricZAsY/Characters/Witch/AnimationSprites/Run N using Guid(b85104b114845994c900bf43faf6c279) Importer(2089858483,192608db42251d675da83286b1cce702) (ScriptedImporter) -> (artifact id: '96830a66524364be3c7fe50936a2a1f9') in 0.0120268 seconds
Number of updated asset objects reloaded before import = 0Number of asset objects unloaded after import = 1

========================================================================
Received Import Request.
  Time since last request: 0.000020 seconds.
  path: Assets/techdemo-Assets/Tilemap/Tiles/Animated Tile/Sprite Atlas/Animated Tiles.spriteatlas
  artifactKey: Guid(7015aac6848b4484eb19bc917e2f066e) Importer(2089858483,192608db42251d675da83286b1cce702)
Start importing Assets/techdemo-Assets/Tilemap/Tiles/Animated Tile/Sprite Atlas/Animated Tiles.spriteatlas using Guid(7015aac6848b4484eb19bc917e2f066e) Importer(2089858483,192608db42251d675da83286b1cce702) (ScriptedImporter) -> (artifact id: '679a46bd29508282db142c658eb2af38') in 0.0222233 seconds
Number of updated asset objects reloaded before import = 0Number of asset objects unloaded after import = 1

========================================================================
Received Import Request.
  Time since last request: 0.000021 seconds.
  path: Assets/Tileset/spritesheet_96.asset
  artifactKey: Guid(5c74d843b91a50740a1dcdd9e43f9990) Importer(2089858483,192608db42251d675da83286b1cce702)
Start importing Assets/Tileset/spritesheet_96.asset using Guid(5c74d843b91a50740a1dcdd9e43f9990) Importer(2089858483,192608db42251d675da83286b1cce702) (ScriptedImporter) -> (artifact id: '2120a6a59e3535ae8dbe660320c5ad35') in 0.014484 seconds
Number of updated asset objects reloaded before import = 0Number of asset objects unloaded after import = 2

========================================================================
Received Import Request.
  Time since last request: 0.000039 seconds.
  path: Assets/techdemo-Assets/Tilemap/Destructible/Scripts/Editor/DestructibleEditor.cs
  artifactKey: Guid(9b3df4a001f1f08418ecc1a1d294c8d2) Importer(2089858483,192608db42251d675da83286b1cce702)
Start importing Assets/techdemo-Assets/Tilemap/Destructible/Scripts/Editor/DestructibleEditor.cs using Guid(9b3df4a001f1f08418ecc1a1d294c8d2) Importer(2089858483,192608db42251d675da83286b1cce702) (ScriptedImporter) -> (artifact id: '81828c9e1a5f33658b13dd57aa8cab8c') in 0.0143334 seconds
Number of updated asset objects reloaded before import = 0Number of asset objects unloaded after import = 0

========================================================================
Received Import Request.
  Time since last request: 0.000021 seconds.
  path: Assets/Tileset/spritesheet_78.asset
  artifactKey: Guid(4d76635908598ac4e86c4096be589782) Importer(2089858483,192608db42251d675da83286b1cce702)
Start importing Assets/Tileset/spritesheet_78.asset using Guid(4d76635908598ac4e86c4096be589782) Importer(2089858483,192608db42251d675da83286b1cce702) (ScriptedImporter) -> (artifact id: '3af2df71b5d511ef900da9ed986ab845') in 0.01657 seconds
Number of updated asset objects reloaded before import = 0Number of asset objects unloaded after import = 2

========================================================================
Received Import Request.
  Time since last request: 0.000020 seconds.
  path: Assets/techdemo-Assets/Tilemap/IsometricZAsY/Characters/Witch/WitchController.controller
  artifactKey: Guid(96400a5b745e640bbbdd72763b2beb38) Importer(2089858483,192608db42251d675da83286b1cce702)
Start importing Assets/techdemo-Assets/Tilemap/IsometricZAsY/Characters/Witch/WitchController.controller using Guid(96400a5b745e640bbbdd72763b2beb38) Importer(2089858483,192608db42251d675da83286b1cce702) (ScriptedImporter) -> (artifact id: '2cd005bfe009c9810d911ad6ab3a76e9') in 0.166261 seconds
Number of updated asset objects reloaded before import = 0Number of asset objects unloaded after import = 34

========================================================================
Received Import Request.
  Time since last request: 0.000024 seconds.
  path: Assets/techdemo-Assets/Tilemap/Hexagonal/Tiles/Palette/phlosioneer_hex_coastline_39.asset
  artifactKey: Guid(9d7ebaa5bbd4158428750568934cfcf6) Importer(2089858483,192608db42251d675da83286b1cce702)
Start importing Assets/techdemo-Assets/Tilemap/Hexagonal/Tiles/Palette/phlosioneer_hex_coastline_39.asset using Guid(9d7ebaa5bbd4158428750568934cfcf6) Importer(2089858483,192608db42251d675da83286b1cce702) (ScriptedImporter) -> (artifact id: '453423c17d863d14ea7e1d64a157cfec') in 0.0239348 seconds
Number of updated asset objects reloaded before import = 0Number of asset objects unloaded after import = 2

========================================================================
Received Import Request.
  Time since last request: 0.000028 seconds.
  path: Assets/techdemo-Assets/Tilemap/Normal Mapping
  artifactKey: Guid(eb4005aa4503ddd40a710ecf02972d72) Importer(2089858483,192608db42251d675da83286b1cce702)
Start importing Assets/techdemo-Assets/Tilemap/Normal Mapping using Guid(eb4005aa4503ddd40a710ecf02972d72) Importer(2089858483,192608db42251d675da83286b1cce702) (ScriptedImporter) -> (artifact id: 'a89c81fe1a1483040b2f31afc7b18322') in 0.0151459 seconds
Number of updated asset objects reloaded before import = 0Number of asset objects unloaded after import = 1

========================================================================
Received Import Request.
  Time since last request: 0.000032 seconds.
  path: Assets/techdemo-Assets/Tilemap/IsometricZAsY/Tilemaps/Isometric/RuleTiles/NeighbourTiles/NeighbourTile_Desert_FlatSand.asset
  artifactKey: Guid(3152ed6d0cc59d54fa8ee0ea59412829) Importer(2089858483,192608db42251d675da83286b1cce702)
Start importing Assets/techdemo-Assets/Tilemap/IsometricZAsY/Tilemaps/Isometric/RuleTiles/NeighbourTiles/NeighbourTile_Desert_FlatSand.asset using Guid(3152ed6d0cc59d54fa8ee0ea59412829) Importer(2089858483,192608db42251d675da83286b1cce702) (ScriptedImporter) -> (artifact id: '4d96344c0198df1b2c19528d177c7d03') in 0.0237754 seconds
Number of updated asset objects reloaded before import = 0Number of asset objects unloaded after import = 14

========================================================================
Received Import Request.
  Time since last request: 0.000020 seconds.
  path: Assets/techdemo-Assets/Tilemap/IsometricZAsY/Characters/Witch/AnimationClips/Static SE.anim
  artifactKey: Guid(c96d9e4a6df7e40fe99b07650f6a4d43) Importer(2089858483,192608db42251d675da83286b1cce702)
Start importing Assets/techdemo-Assets/Tilemap/IsometricZAsY/Characters/Witch/AnimationClips/Static SE.anim using Guid(c96d9e4a6df7e40fe99b07650f6a4d43) Importer(2089858483,192608db42251d675da83286b1cce702) (ScriptedImporter) -> (artifact id: 'ce0d59c930e03eaf357d0045741bdc45') in 0.0186105 seconds
Number of updated asset objects reloaded before import = 0Number of asset objects unloaded after import = 1

========================================================================
Received Import Request.
  Time since last request: 0.000015 seconds.
  path: Assets/techdemo-Assets/Tilemap/Rule Tiles/Animated Ocean Tile/Atlas/Ocean.spriteatlas
  artifactKey: Guid(d282208e03c182143bd68d58caa469fc) Importer(2089858483,192608db42251d675da83286b1cce702)
Start importing Assets/techdemo-Assets/Tilemap/Rule Tiles/Animated Ocean Tile/Atlas/Ocean.spriteatlas using Guid(d282208e03c182143bd68d58caa469fc) Importer(2089858483,192608db42251d675da83286b1cce702) (ScriptedImporter) -> (artifact id: 'cf1a08cd8adc7de8547264420b3b69d6') in 0.0221118 seconds
Number of updated asset objects reloaded before import = 0Number of asset objects unloaded after import = 1

========================================================================
Received Import Request.
  Time since last request: 0.000024 seconds.
  path: Assets/techdemo-Assets/Tilemap/Rule Tiles/Custom Rule Tile/Sprites/topdowntanksredux.png
  artifactKey: Guid(f6d540c3d21ed2844a8c69f5c0d6d220) Importer(2089858483,192608db42251d675da83286b1cce702)
Start importing Assets/techdemo-Assets/Tilemap/Rule Tiles/Custom Rule Tile/Sprites/topdowntanksredux.png using Guid(f6d540c3d21ed2844a8c69f5c0d6d220) Importer(2089858483,192608db42251d675da83286b1cce702) (ScriptedImporter) -> (artifact id: '1ed24e65f903ea6b0fbb252725eb0f5e') in 0.0757779 seconds
Number of updated asset objects reloaded before import = 0Number of asset objects unloaded after import = 46

========================================================================
Received Import Request.
  Time since last request: 0.000034 seconds.
  path: Assets/techdemo-Assets/Tilemap/Rule Tiles/Ladder Tile/Sprites/ladder.png
  artifactKey: Guid(c880ac2f074d0e949bbd557566f06215) Importer(2089858483,192608db42251d675da83286b1cce702)
Start importing Assets/techdemo-Assets/Tilemap/Rule Tiles/Ladder Tile/Sprites/ladder.png using Guid(c880ac2f074d0e949bbd557566f06215) Importer(2089858483,192608db42251d675da83286b1cce702) (ScriptedImporter) -> (artifact id: '34940ee5ef97d931d389fc9d66f72d0e') in 0.0224689 seconds
Number of updated asset objects reloaded before import = 0Number of asset objects unloaded after import = 5

========================================================================
Received Import Request.
  Time since last request: 0.000020 seconds.
  path: Assets/techdemo-Assets/Tilemap/Rule Tiles/Custom Rule Tile/Sprites/dungeonblue.png
  artifactKey: Guid(1323b38fd2229a441a036c00a0c74fa7) Importer(2089858483,192608db42251d675da83286b1cce702)
Start importing Assets/techdemo-Assets/Tilemap/Rule Tiles/Custom Rule Tile/Sprites/dungeonblue.png using Guid(1323b38fd2229a441a036c00a0c74fa7) Importer(2089858483,192608db42251d675da83286b1cce702) (ScriptedImporter) -> (artifact id: '8c1c7a34114699b25961bdfdb95b5d04') in 0.0466432 seconds
Number of updated asset objects reloaded before import = 0Number of asset objects unloaded after import = 18

========================================================================
Received Import Request.
  Time since last request: 0.000015 seconds.
  path: Assets/techdemo-Assets/Tilemap/IsometricZAsY/Tilemaps/Isometric/Sprites/Desert/Decoration/desert-sliced_54.png
  artifactKey: Guid(d0af17dc956c6d84b9b80a1345f2e01e) Importer(2089858483,192608db42251d675da83286b1cce702)
Start importing Assets/techdemo-Assets/Tilemap/IsometricZAsY/Tilemaps/Isometric/Sprites/Desert/Decoration/desert-sliced_54.png using Guid(d0af17dc956c6d84b9b80a1345f2e01e) Importer(2089858483,192608db42251d675da83286b1cce702) (ScriptedImporter) -> (artifact id: '3203dcc405c6424ab7addc90c4755eb2') in 0.021455 seconds
Number of updated asset objects reloaded before import = 0Number of asset objects unloaded after import = 3

========================================================================
Received Import Request.
  Time since last request: 0.000021 seconds.
  path: Assets/techdemo-Assets/Tilemap/IsometricZAsY/Prefabs/Decorations/Desert/Bones_3.prefab
  artifactKey: Guid(ded228c73cadcf445b1ac399f54c2a97) Importer(2089858483,192608db42251d675da83286b1cce702)
Start importing Assets/techdemo-Assets/Tilemap/IsometricZAsY/Prefabs/Decorations/Desert/Bones_3.prefab using Guid(ded228c73cadcf445b1ac399f54c2a97) Importer(2089858483,192608db42251d675da83286b1cce702) (ScriptedImporter) -> (artifact id: 'bfefd33983d469ffb82afada239d0ad3') in 0.0504336 seconds
Number of updated asset objects reloaded before import = 0Number of asset objects unloaded after import = 23

========================================================================
Received Import Request.
  Time since last request: 0.000027 seconds.
  path: Assets/techdemo-Assets/Tilemap/Tiles/Animated Tile/Tile Palette
  artifactKey: Guid(8c3fd5737b8462a469b179a88dfffe97) Importer(2089858483,192608db42251d675da83286b1cce702)
Start importing Assets/techdemo-Assets/Tilemap/Tiles/Animated Tile/Tile Palette using Guid(8c3fd5737b8462a469b179a88dfffe97) Importer(2089858483,192608db42251d675da83286b1cce702) (ScriptedImporter) -> (artifact id: '4807d3f1d3f6cbfd42c14ac8041f5515') in 0.0122665 seconds
Number of updated asset objects reloaded before import = 0Number of asset objects unloaded after import = 1

========================================================================
Received Import Request.
  Time since last request: 0.000050 seconds.
  path: Assets/techdemo-Assets/Tilemap/IsometricZAsY/Characters/Witch/AnimationSprites/Static/witch static04.png
  artifactKey: Guid(4dda1d1e2860448f0802e2032c1e9835) Importer(2089858483,192608db42251d675da83286b1cce702)
Start importing Assets/techdemo-Assets/Tilemap/IsometricZAsY/Characters/Witch/AnimationSprites/Static/witch static04.png using Guid(4dda1d1e2860448f0802e2032c1e9835) Importer(2089858483,192608db42251d675da83286b1cce702) (ScriptedImporter) -> (artifact id: 'a6903f4e2d6b6fb260618bf0c129d8e7') in 0.020005 seconds
Number of updated asset objects reloaded before import = 0Number of asset objects unloaded after import = 3

========================================================================
Received Import Request.
  Time since last request: 0.000020 seconds.
  path: Assets/techdemo-Assets/Tilemap/Rule Tiles/Platform Tile 2/Tile Asset
  artifactKey: Guid(ce74d65879dfe1f45942d70c5a66aeb5) Importer(2089858483,192608db42251d675da83286b1cce702)
Start importing Assets/techdemo-Assets/Tilemap/Rule Tiles/Platform Tile 2/Tile Asset using Guid(ce74d65879dfe1f45942d70c5a66aeb5) Importer(2089858483,192608db42251d675da83286b1cce702) (ScriptedImporter) -> (artifact id: '3425bedeb540553bf8151872bd2da282') in 0.0114889 seconds
Number of updated asset objects reloaded before import = 0Number of asset objects unloaded after import = 1

========================================================================
Received Import Request.
  Time since last request: 0.000015 seconds.
  path: Assets/techdemo-Assets/Tilemap/Tiles/Pipeline Tile/TilePalettes/Pipeline Tiles.prefab
  artifactKey: Guid(9289df9a042e29c4cb67b851134ed8eb) Importer(2089858483,192608db42251d675da83286b1cce702)
Start importing Assets/techdemo-Assets/Tilemap/Tiles/Pipeline Tile/TilePalettes/Pipeline Tiles.prefab using Guid(9289df9a042e29c4cb67b851134ed8eb) Importer(2089858483,192608db42251d675da83286b1cce702) (ScriptedImporter) -> (artifact id: 'a5dbd6f9f10cece72bcf577ddf0084bf') in 0.0274296 seconds
Number of updated asset objects reloaded before import = 0Number of asset objects unloaded after import = 11

========================================================================
Received Import Request.
  Time since last request: 0.000028 seconds.
  path: Assets/techdemo-Assets/Tilemap/Tiles/Random Tile/Sprites/TempleStoneGrass.png
  artifactKey: Guid(2c72d87030fa3164e9d85450749d51da) Importer(2089858483,192608db42251d675da83286b1cce702)
Start importing Assets/techdemo-Assets/Tilemap/Tiles/Random Tile/Sprites/TempleStoneGrass.png using Guid(2c72d87030fa3164e9d85450749d51da) Importer(2089858483,192608db42251d675da83286b1cce702) (ScriptedImporter) -> (artifact id: 'c717644072742eee3d3ea77d43d1ae7e') in 0.0330773 seconds
Number of updated asset objects reloaded before import = 0Number of asset objects unloaded after import = 10

========================================================================
Received Import Request.
  Time since last request: 0.000027 seconds.
  path: Assets/techdemo-Assets/Tilemap/Tiles/Random Tile/Tile Assets/RandomTempleStoneTile.asset
  artifactKey: Guid(4ee8c87ccf3b73844863c59efa6d5c05) Importer(2089858483,192608db42251d675da83286b1cce702)
Start importing Assets/techdemo-Assets/Tilemap/Tiles/Random Tile/Tile Assets/RandomTempleStoneTile.asset using Guid(4ee8c87ccf3b73844863c59efa6d5c05) Importer(2089858483,192608db42251d675da83286b1cce702) (ScriptedImporter) -> (artifact id: '744f98f6b92cdb37e59eae400f43ebe4') in 0.0244183 seconds
Number of updated asset objects reloaded before import = 0Number of asset objects unloaded after import = 1

========================================================================
Received Import Request.
  Time since last request: 0.000037 seconds.
  path: Assets/Tileset/spritesheet_68.asset
  artifactKey: Guid(208b77d755a073f4aaa2ab6ad2124b9e) Importer(2089858483,192608db42251d675da83286b1cce702)
Start importing Assets/Tileset/spritesheet_68.asset using Guid(208b77d755a073f4aaa2ab6ad2124b9e) Importer(2089858483,192608db42251d675da83286b1cce702) (ScriptedImporter) -> (artifact id: '7fca84f206b6306d6bdcc52174ec6fd3') in 0.0151701 seconds
Number of updated asset objects reloaded before import = 0Number of asset objects unloaded after import = 2

========================================================================
Received Import Request.
  Time since last request: 0.000020 seconds.
  path: Assets/techdemo-Assets/Tilemap/IsometricZAsY/Tilemaps/Isometric/Sprites/Desert/Decoration
  artifactKey: Guid(cf5c809789ead8f49ae608531b7fd7d5) Importer(2089858483,192608db42251d675da83286b1cce702)
Start importing Assets/techdemo-Assets/Tilemap/IsometricZAsY/Tilemaps/Isometric/Sprites/Desert/Decoration using Guid(cf5c809789ead8f49ae608531b7fd7d5) Importer(2089858483,192608db42251d675da83286b1cce702) (ScriptedImporter) -> (artifact id: '28040d98ec1e3001c7d7b40356c59d89') in 0.0138026 seconds
Number of updated asset objects reloaded before import = 0Number of asset objects unloaded after import = 1

========================================================================
Received Import Request.
  Time since last request: 0.000021 seconds.
  path: Assets/techdemo-Assets/Tilemap/Brushes/Tint Brush
  artifactKey: Guid(91dd673b6b5d18845b756aedc65463ad) Importer(2089858483,192608db42251d675da83286b1cce702)
Start importing Assets/techdemo-Assets/Tilemap/Brushes/Tint Brush using Guid(91dd673b6b5d18845b756aedc65463ad) Importer(2089858483,192608db42251d675da83286b1cce702) (ScriptedImporter) -> (artifact id: '1ad32431e23486b01b1b25772350e1cb') in 0.0130151 seconds
Number of updated asset objects reloaded before import = 0Number of asset objects unloaded after import = 1

========================================================================
Received Import Request.
  Time since last request: 0.000020 seconds.
  path: Assets/techdemo-Assets/Tilemap/Brick/Scripts
  artifactKey: Guid(b3c1af2ff1ddbff4a96a50859312ce03) Importer(2089858483,192608db42251d675da83286b1cce702)
Start importing Assets/techdemo-Assets/Tilemap/Brick/Scripts using Guid(b3c1af2ff1ddbff4a96a50859312ce03) Importer(2089858483,192608db42251d675da83286b1cce702) (ScriptedImporter) -> (artifact id: '9339d755a6b9b7ce695fbe7f9ab9b88e') in 0.0141878 seconds
Number of updated asset objects reloaded before import = 0Number of asset objects unloaded after import = 1

========================================================================
Received Import Request.
  Time since last request: 0.000019 seconds.
  path: Assets/techdemo-Assets/Tilemap/IsometricZAsY/Tilemaps/Isometric/Sprites/Desert/Flat/desert-sliced_16.png
  artifactKey: Guid(fb021a0855ad898469c732016f6e3b9e) Importer(2089858483,192608db42251d675da83286b1cce702)
Start importing Assets/techdemo-Assets/Tilemap/IsometricZAsY/Tilemaps/Isometric/Sprites/Desert/Flat/desert-sliced_16.png using Guid(fb021a0855ad898469c732016f6e3b9e) Importer(2089858483,192608db42251d675da83286b1cce702) (ScriptedImporter) -> (artifact id: '02d7c73d93b4cbcf89362a9bf765bca7') in 0.0220706 seconds
Number of updated asset objects reloaded before import = 0Number of asset objects unloaded after import = 3

========================================================================
Received Import Request.
  Time since last request: 0.000021 seconds.
  path: Assets/techdemo-Assets/Tilemap/Rule Tiles/Dungeon Tile/Tile Asset
  artifactKey: Guid(db45e7ef29f4bec4595184f0752dfab5) Importer(2089858483,192608db42251d675da83286b1cce702)
Start importing Assets/techdemo-Assets/Tilemap/Rule Tiles/Dungeon Tile/Tile Asset using Guid(db45e7ef29f4bec4595184f0752dfab5) Importer(2089858483,192608db42251d675da83286b1cce702) (ScriptedImporter) -> (artifact id: '6aa52c5e0887442ab132774e237e77c5') in 0.0123131 seconds
Number of updated asset objects reloaded before import = 0Number of asset objects unloaded after import = 1

========================================================================
Received Import Request.
  Time since last request: 0.000030 seconds.
  path: Assets/techdemo-Assets/Tilemap/IsometricZAsY/Tilemaps/Isometric/Colliders/ColliderTiles/tile-border-right.asset
  artifactKey: Guid(2655b78189c934c049014795a63848c2) Importer(2089858483,192608db42251d675da83286b1cce702)
Start importing Assets/techdemo-Assets/Tilemap/IsometricZAsY/Tilemaps/Isometric/Colliders/ColliderTiles/tile-border-right.asset using Guid(2655b78189c934c049014795a63848c2) Importer(2089858483,192608db42251d675da83286b1cce702) (ScriptedImporter) -> (artifact id: 'd7b723f341c35358227914df76381106') in 0.0263113 seconds
Number of updated asset objects reloaded before import = 0Number of asset objects unloaded after import = 2

========================================================================
Received Import Request.
  Time since last request: 0.000019 seconds.
  path: Assets/techdemo-Assets/Tilemap/IsometricZAsY/Characters/Witch/AnimationClips/Run W.anim
  artifactKey: Guid(495813948220d46c9b3ac51fe6fa061b) Importer(2089858483,192608db42251d675da83286b1cce702)
Start importing Assets/techdemo-Assets/Tilemap/IsometricZAsY/Characters/Witch/AnimationClips/Run W.anim using Guid(495813948220d46c9b3ac51fe6fa061b) Importer(2089858483,192608db42251d675da83286b1cce702) (ScriptedImporter) -> (artifact id: '26712dbc6ed1ceb6397e0650aae56497') in 0.0149254 seconds
Number of updated asset objects reloaded before import = 0Number of asset objects unloaded after import = 1

========================================================================
Received Import Request.
  Time since last request: 0.000017 seconds.
  path: Assets/techdemo-Assets/Tilemap/IsometricZAsY/Characters/Witch/AnimationSprites/Run NE/witch run NE02.png
  artifactKey: Guid(2c68d0b7014e14826a6b75082f00b353) Importer(2089858483,192608db42251d675da83286b1cce702)
Start importing Assets/techdemo-Assets/Tilemap/IsometricZAsY/Characters/Witch/AnimationSprites/Run NE/witch run NE02.png using Guid(2c68d0b7014e14826a6b75082f00b353) Importer(2089858483,192608db42251d675da83286b1cce702) (ScriptedImporter) -> (artifact id: '589e2b5783db6b5446156a5ad009bf0b') in 0.0239528 seconds
Number of updated asset objects reloaded before import = 0Number of asset objects unloaded after import = 3

========================================================================
Received Import Request.
  Time since last request: 0.000015 seconds.
  path: Assets/techdemo-Assets/Tilemap/IsometricZAsY/Characters/Witch/AnimationSprites/Run E/witch run E03.png
  artifactKey: Guid(2e35d3710d38c424aa071ab80a02c383) Importer(2089858483,192608db42251d675da83286b1cce702)
Start importing Assets/techdemo-Assets/Tilemap/IsometricZAsY/Characters/Witch/AnimationSprites/Run E/witch run E03.png using Guid(2e35d3710d38c424aa071ab80a02c383) Importer(2089858483,192608db42251d675da83286b1cce702) (ScriptedImporter) -> (artifact id: '740229f97928ad04d2b7d11281e49859') in 0.0197623 seconds
Number of updated asset objects reloaded before import = 0Number of asset objects unloaded after import = 3

========================================================================
Received Import Request.
  Time since last request: 0.000027 seconds.
  path: Assets/techdemo-Assets/Tilemap/IsometricZAsY/Characters/Witch/AnimationSprites/Run S/witch run S01.png
  artifactKey: Guid(817f3932bf0d947868b7f3a300bc83bb) Importer(2089858483,192608db42251d675da83286b1cce702)
Start importing Assets/techdemo-Assets/Tilemap/IsometricZAsY/Characters/Witch/AnimationSprites/Run S/witch run S01.png using Guid(817f3932bf0d947868b7f3a300bc83bb) Importer(2089858483,192608db42251d675da83286b1cce702) (ScriptedImporter) -> (artifact id: 'dd9de2fe359f282625d1952f208d6018') in 0.0188708 seconds
Number of updated asset objects reloaded before import = 0Number of asset objects unloaded after import = 3

========================================================================
Received Import Request.
  Time since last request: 0.000029 seconds.
  path: Assets/techdemo-Assets/Tilemap/IsometricZAsY/Tilemaps/Isometric/Colliders/ColliderTiles/tile-border-left.asset
  artifactKey: Guid(7e12fb73967d34777ba76171e8be7b04) Importer(2089858483,192608db42251d675da83286b1cce702)
Start importing Assets/techdemo-Assets/Tilemap/IsometricZAsY/Tilemaps/Isometric/Colliders/ColliderTiles/tile-border-left.asset using Guid(7e12fb73967d34777ba76171e8be7b04) Importer(2089858483,192608db42251d675da83286b1cce702) (ScriptedImporter) -> (artifact id: '00d022ed5df8f3810a945a8cae88f985') in 0.0221416 seconds
Number of updated asset objects reloaded before import = 0Number of asset objects unloaded after import = 2

========================================================================
Received Import Request.
  Time since last request: 0.000021 seconds.
  path: Assets/techdemo-Assets/Tilemap/IsometricZAsY/Tilemaps/Isometric/Sprites/Desert
  artifactKey: Guid(a67479e902e804b48883ccad16b5bebd) Importer(2089858483,192608db42251d675da83286b1cce702)
Start importing Assets/techdemo-Assets/Tilemap/IsometricZAsY/Tilemaps/Isometric/Sprites/Desert using Guid(a67479e902e804b48883ccad16b5bebd) Importer(2089858483,192608db42251d675da83286b1cce702) (ScriptedImporter) -> (artifact id: '4a9d859acc4cfac0a78f2cd88e5a9c2e') in 0.0134416 seconds
Number of updated asset objects reloaded before import = 0Number of asset objects unloaded after import = 1

========================================================================
Received Import Request.
  Time since last request: 0.000057 seconds.
  path: Assets/techdemo-Assets/Tilemap/Rule Tiles/Custom Rule Tile/Scripts
  artifactKey: Guid(ca73de2554737864b8cdc94904806b7c) Importer(2089858483,192608db42251d675da83286b1cce702)
Start importing Assets/techdemo-Assets/Tilemap/Rule Tiles/Custom Rule Tile/Scripts using Guid(ca73de2554737864b8cdc94904806b7c) Importer(2089858483,192608db42251d675da83286b1cce702) (ScriptedImporter) -> (artifact id: '09154d16e574fb874fb122aa0aeca883') in 0.0111803 seconds
Number of updated asset objects reloaded before import = 0Number of asset objects unloaded after import = 1

========================================================================
Received Import Request.
  Time since last request: 0.000026 seconds.
  path: Assets/techdemo-Assets/Tilemap/Brushes/Random Brush
  artifactKey: Guid(8dee42ba30f712246852f41830cedbef) Importer(2089858483,192608db42251d675da83286b1cce702)
Start importing Assets/techdemo-Assets/Tilemap/Brushes/Random Brush using Guid(8dee42ba30f712246852f41830cedbef) Importer(2089858483,192608db42251d675da83286b1cce702) (ScriptedImporter) -> (artifact id: '6c30f5329edaa13df1fe34efcb43771a') in 0.0127974 seconds
Number of updated asset objects reloaded before import = 0Number of asset objects unloaded after import = 1

========================================================================
Received Import Request.
  Time since last request: 0.000016 seconds.
  path: Assets/Tileset/spritesheet_75.asset
  artifactKey: Guid(86b0f5093cbdd8145a281a25cf751326) Importer(2089858483,192608db42251d675da83286b1cce702)
Start importing Assets/Tileset/spritesheet_75.asset using Guid(86b0f5093cbdd8145a281a25cf751326) Importer(2089858483,192608db42251d675da83286b1cce702) (ScriptedImporter) -> (artifact id: '1b0a3e4f9e735b7308b5bd1c27abbdfe') in 0.0156063 seconds
Number of updated asset objects reloaded before import = 0Number of asset objects unloaded after import = 2

========================================================================
Received Import Request.
  Time since last request: 0.000022 seconds.
  path: Assets/Tileset/spritesheet_107.asset
  artifactKey: Guid(57b0ac29e7d6cb846babec3a87011007) Importer(2089858483,192608db42251d675da83286b1cce702)
Start importing Assets/Tileset/spritesheet_107.asset using Guid(57b0ac29e7d6cb846babec3a87011007) Importer(2089858483,192608db42251d675da83286b1cce702) (ScriptedImporter) -> (artifact id: '2929aace96a6e2e516edc0989aa62fc4') in 0.0122495 seconds
Number of updated asset objects reloaded before import = 0Number of asset objects unloaded after import = 2

========================================================================
Received Import Request.
  Time since last request: 0.000032 seconds.
  path: Assets/techdemo-Assets/Tilemap/IsometricZAsY/Tilemaps/Isometric/Sprites/Desert/Flat/desert-sliced_05.png
  artifactKey: Guid(ff182ddc523cdc949978ddbb764a0fa3) Importer(2089858483,192608db42251d675da83286b1cce702)
Start importing Assets/techdemo-Assets/Tilemap/IsometricZAsY/Tilemaps/Isometric/Sprites/Desert/Flat/desert-sliced_05.png using Guid(ff182ddc523cdc949978ddbb764a0fa3) Importer(2089858483,192608db42251d675da83286b1cce702) (ScriptedImporter) -> (artifact id: '54614224950e854e3102628f3a0c6aec') in 0.0222279 seconds
Number of updated asset objects reloaded before import = 0Number of asset objects unloaded after import = 3

========================================================================
Received Import Request.
  Time since last request: 0.000025 seconds.
  path: Assets/techdemo-Assets/Tilemap/IsometricZAsY/Tilemaps/Isometric/Sprites/Desert/Raised/desert-sliced_52.png
  artifactKey: Guid(21679eee47d160141b453fea1decf53a) Importer(2089858483,192608db42251d675da83286b1cce702)
Start importing Assets/techdemo-Assets/Tilemap/IsometricZAsY/Tilemaps/Isometric/Sprites/Desert/Raised/desert-sliced_52.png using Guid(21679eee47d160141b453fea1decf53a) Importer(2089858483,192608db42251d675da83286b1cce702) (ScriptedImporter) -> (artifact id: '74d900016655ed82f99c12bafd190f97') in 0.0220821 seconds
Number of updated asset objects reloaded before import = 0Number of asset objects unloaded after import = 3

========================================================================
Received Import Request.
  Time since last request: 0.000018 seconds.
  path: Assets/Tileset/spritesheet_56.asset
  artifactKey: Guid(faca9c730a0e28a49909fd4f75cd24a6) Importer(2089858483,192608db42251d675da83286b1cce702)
Start importing Assets/Tileset/spritesheet_56.asset using Guid(faca9c730a0e28a49909fd4f75cd24a6) Importer(2089858483,192608db42251d675da83286b1cce702) (ScriptedImporter) -> (artifact id: 'a2fa9f935d88919746120277f9a74063') in 0.0154864 seconds
Number of updated asset objects reloaded before import = 0Number of asset objects unloaded after import = 2

========================================================================
Received Import Request.
  Time since last request: 0.000027 seconds.
  path: Assets/Tileset/spritesheet_81.asset
  artifactKey: Guid(68c854af5254fb446b6f173e0d43060c) Importer(2089858483,192608db42251d675da83286b1cce702)
Start importing Assets/Tileset/spritesheet_81.asset using Guid(68c854af5254fb446b6f173e0d43060c) Importer(2089858483,192608db42251d675da83286b1cce702) (ScriptedImporter) -> (artifact id: '5116d77b47d30052778bb91d697cb605') in 0.0155509 seconds
Number of updated asset objects reloaded before import = 0Number of asset objects unloaded after import = 2

========================================================================
Received Import Request.
  Time since last request: 0.000023 seconds.
  path: Assets/techdemo-Assets/Tilemap/Tiles/Pipeline Tile
  artifactKey: Guid(af0bc89550613a14fa0feadd363358e6) Importer(2089858483,192608db42251d675da83286b1cce702)
Start importing Assets/techdemo-Assets/Tilemap/Tiles/Pipeline Tile using Guid(af0bc89550613a14fa0feadd363358e6) Importer(2089858483,192608db42251d675da83286b1cce702) (ScriptedImporter) -> (artifact id: 'ad45f5e71ead6692019b668d398dbad8') in 0.0131128 seconds
Number of updated asset objects reloaded before import = 0Number of asset objects unloaded after import = 1

========================================================================
Received Import Request.
  Time since last request: 0.000037 seconds.
  path: Assets/techdemo-Assets/Tilemap/Tiles/Animated Tile/Sprite Atlas
  artifactKey: Guid(97ae7dc776a3cac4a8cd8f1b8a0bfd0f) Importer(2089858483,192608db42251d675da83286b1cce702)
Start importing Assets/techdemo-Assets/Tilemap/Tiles/Animated Tile/Sprite Atlas using Guid(97ae7dc776a3cac4a8cd8f1b8a0bfd0f) Importer(2089858483,192608db42251d675da83286b1cce702) (ScriptedImporter) -> (artifact id: '7cfd2c492e3954bff1aa6c84b03ae8da') in 0.0168874 seconds
Number of updated asset objects reloaded before import = 0Number of asset objects unloaded after import = 1

========================================================================
Received Import Request.
  Time since last request: 0.000020 seconds.
  path: Assets/techdemo-Assets/Tilemap/Tiles/Pipeline Tile/TileAssets
  artifactKey: Guid(69b5ea6050f3964479106761755b3714) Importer(2089858483,192608db42251d675da83286b1cce702)
Start importing Assets/techdemo-Assets/Tilemap/Tiles/Pipeline Tile/TileAssets using Guid(69b5ea6050f3964479106761755b3714) Importer(2089858483,192608db42251d675da83286b1cce702) (ScriptedImporter) -> (artifact id: 'ce5219c0dba9a6719d34949ccb3275f6') in 0.0118948 seconds
Number of updated asset objects reloaded before import = 0Number of asset objects unloaded after import = 1

========================================================================
Received Import Request.
  Time since last request: 0.000017 seconds.
  path: Assets/techdemo-Assets/Tilemap/Normal Mapping/Material
  artifactKey: Guid(849591f3e6fbcac48a449107440e13ed) Importer(2089858483,192608db42251d675da83286b1cce702)
Start importing Assets/techdemo-Assets/Tilemap/Normal Mapping/Material using Guid(849591f3e6fbcac48a449107440e13ed) Importer(2089858483,192608db42251d675da83286b1cce702) (ScriptedImporter) -> (artifact id: 'd831f37fd2924ccd8294bbf67e1da351') in 0.0120349 seconds
Number of updated asset objects reloaded before import = 0Number of asset objects unloaded after import = 1

========================================================================
Received Import Request.
  Time since last request: 0.000020 seconds.
  path: Assets/techdemo-Assets/Tilemap/IsometricZAsY/Characters/Witch/AnimationClips
  artifactKey: Guid(6e76b714606f7b241b55bfb91cf157b1) Importer(2089858483,192608db42251d675da83286b1cce702)
Start importing Assets/techdemo-Assets/Tilemap/IsometricZAsY/Characters/Witch/AnimationClips using Guid(6e76b714606f7b241b55bfb91cf157b1) Importer(2089858483,192608db42251d675da83286b1cce702) (ScriptedImporter) -> (artifact id: '83f665773f36d16bef1d0164bd0c27d4') in 0.0130231 seconds
Number of updated asset objects reloaded before import = 0Number of asset objects unloaded after import = 1

========================================================================
Received Import Request.
  Time since last request: 0.000023 seconds.
  path: Assets/Tileset/spritesheet_106.asset
  artifactKey: Guid(b264a67ca884cfb4bbb04c3e591f3620) Importer(2089858483,192608db42251d675da83286b1cce702)
Start importing Assets/Tileset/spritesheet_106.asset using Guid(b264a67ca884cfb4bbb04c3e591f3620) Importer(2089858483,192608db42251d675da83286b1cce702) (ScriptedImporter) -> (artifact id: 'ba24f96354deee617e742a7ae1f5c830') in 0.0160145 seconds
Number of updated asset objects reloaded before import = 0Number of asset objects unloaded after import = 2

========================================================================
Received Import Request.
  Time since last request: 0.000026 seconds.
  path: Assets/Tileset/spritesheet_44.asset
  artifactKey: Guid(cf72446781ba27747803b0d170b240aa) Importer(2089858483,192608db42251d675da83286b1cce702)
Start importing Assets/Tileset/spritesheet_44.asset using Guid(cf72446781ba27747803b0d170b240aa) Importer(2089858483,192608db42251d675da83286b1cce702) (ScriptedImporter) -> (artifact id: '9db6a89733b8208c80e21a3f37d657c6') in 0.0151518 seconds
Number of updated asset objects reloaded before import = 0Number of asset objects unloaded after import = 2

========================================================================
Received Import Request.
  Time since last request: 0.000039 seconds.
  path: Assets/techdemo-Assets/Tilemap/Normal Mapping/Sprites/sprites.png
  artifactKey: Guid(99b20635c87f0124d93eb17f1bc31fd5) Importer(2089858483,192608db42251d675da83286b1cce702)
Start importing Assets/techdemo-Assets/Tilemap/Normal Mapping/Sprites/sprites.png using Guid(99b20635c87f0124d93eb17f1bc31fd5) Importer(2089858483,192608db42251d675da83286b1cce702) (ScriptedImporter) -> (artifact id: '8ceb3ceae21c6d42d51f09f32ac178a9') in 0.0247278 seconds
Number of updated asset objects reloaded before import = 0Number of asset objects unloaded after import = 6

========================================================================
Received Import Request.
  Time since last request: 0.000014 seconds.
  path: Assets/techdemo-Assets/Tilemap/Hexagonal/Tiles/Palette/phlosioneer_hex_coastline_25.asset
  artifactKey: Guid(adfaa88294ce73848bd0199f57401753) Importer(2089858483,192608db42251d675da83286b1cce702)
Start importing Assets/techdemo-Assets/Tilemap/Hexagonal/Tiles/Palette/phlosioneer_hex_coastline_25.asset using Guid(adfaa88294ce73848bd0199f57401753) Importer(2089858483,192608db42251d675da83286b1cce702) (ScriptedImporter) -> (artifact id: '85ae48ef60400a2e1f0252771c121ede') in 0.0244855 seconds
Number of updated asset objects reloaded before import = 0Number of asset objects unloaded after import = 2

========================================================================
Received Import Request.
  Time since last request: 0.000025 seconds.
  path: Assets/Tileset/spritesheet_87.asset
  artifactKey: Guid(cebc6715e635dca4dad660b642710393) Importer(2089858483,192608db42251d675da83286b1cce702)
Start importing Assets/Tileset/spritesheet_87.asset using Guid(cebc6715e635dca4dad660b642710393) Importer(2089858483,192608db42251d675da83286b1cce702) (ScriptedImporter) -> (artifact id: 'b8a58616b54246c056a0e85aa5cfd448') in 0.0155652 seconds
Number of updated asset objects reloaded before import = 0Number of asset objects unloaded after import = 2

========================================================================
Received Import Request.
  Time since last request: 0.000023 seconds.
  path: Assets/techdemo-Assets/Tilemap/IsometricZAsY/Prefabs
  artifactKey: Guid(702d0229e5103594d8f5648356954c90) Importer(2089858483,192608db42251d675da83286b1cce702)
Start importing Assets/techdemo-Assets/Tilemap/IsometricZAsY/Prefabs using Guid(702d0229e5103594d8f5648356954c90) Importer(2089858483,192608db42251d675da83286b1cce702) (ScriptedImporter) -> (artifact id: '3e367d88f78bffafafa3055b80ab1c2f') in 0.0130118 seconds
Number of updated asset objects reloaded before import = 0Number of asset objects unloaded after import = 1

========================================================================
Received Import Request.
  Time since last request: 0.000026 seconds.
  path: Assets/characterAnimations
  artifactKey: Guid(ed23cfe87d88f774096039054c42ab4e) Importer(2089858483,192608db42251d675da83286b1cce702)
Start importing Assets/characterAnimations using Guid(ed23cfe87d88f774096039054c42ab4e) Importer(2089858483,192608db42251d675da83286b1cce702) (ScriptedImporter) -> (artifact id: 'e6deeec6928416473839b2cc8c3d28a3') in 0.0131855 seconds
Number of updated asset objects reloaded before import = 0Number of asset objects unloaded after import = 1

========================================================================
Received Import Request.
  Time since last request: 0.000029 seconds.
  path: Assets/techdemo-Assets/Tilemap
  artifactKey: Guid(cf9ccd4324df2364db3ac79b01297df5) Importer(2089858483,192608db42251d675da83286b1cce702)
Start importing Assets/techdemo-Assets/Tilemap using Guid(cf9ccd4324df2364db3ac79b01297df5) Importer(2089858483,192608db42251d675da83286b1cce702) (ScriptedImporter) -> (artifact id: '4ac4b754b66b06558174d66748ac2219') in 0.0120885 seconds
Number of updated asset objects reloaded before import = 0Number of asset objects unloaded after import = 1

========================================================================
Received Import Request.
  Time since last request: 0.000020 seconds.
  path: Assets/Scripts
  artifactKey: Guid(1f7d3a2f745dc0b4ebf6732077862d7c) Importer(2089858483,192608db42251d675da83286b1cce702)
Start importing Assets/Scripts using Guid(1f7d3a2f745dc0b4ebf6732077862d7c) Importer(2089858483,192608db42251d675da83286b1cce702) (ScriptedImporter) -> (artifact id: '6f5c7545a030cddd149550eb8ccecfc2') in 0.014639 seconds
Number of updated asset objects reloaded before import = 0Number of asset objects unloaded after import = 1

========================================================================
Received Import Request.
  Time since last request: 0.000019 seconds.
  path: Assets/techdemo-Assets/Tilemap/Normal Mapping/Material/Normal Mapped Tile.mat
  artifactKey: Guid(c80f3e753fa821e45a554c2c1ebca2db) Importer(2089858483,192608db42251d675da83286b1cce702)
Start importing Assets/techdemo-Assets/Tilemap/Normal Mapping/Material/Normal Mapped Tile.mat using Guid(c80f3e753fa821e45a554c2c1ebca2db) Importer(2089858483,192608db42251d675da83286b1cce702) (ScriptedImporter) -> (artifact id: '2f4c0281ccc01a0550a22ec6edc3aa2a') in 0.0696872 seconds
Number of updated asset objects reloaded before import = 0Number of asset objects unloaded after import = 2

========================================================================
Received Import Request.
  Time since last request: 0.000022 seconds.
  path: Assets/techdemo-Assets/Tilemap/Hexagonal/Tiles/Palette/phlosioneer_hex_coastline_62.asset
  artifactKey: Guid(2e39300f2028e804d9d4417f8c024558) Importer(2089858483,192608db42251d675da83286b1cce702)
Start importing Assets/techdemo-Assets/Tilemap/Hexagonal/Tiles/Palette/phlosioneer_hex_coastline_62.asset using Guid(2e39300f2028e804d9d4417f8c024558) Importer(2089858483,192608db42251d675da83286b1cce702) (ScriptedImporter) -> (artifact id: 'e2acf374a95d2073535f27e015459334') in 0.0253379 seconds
Number of updated asset objects reloaded before import = 0Number of asset objects unloaded after import = 2

========================================================================
Received Import Request.
  Time since last request: 0.000023 seconds.
  path: Assets/techdemo-Assets/Tilemap/IsometricZAsY/Characters/Witch/AnimationSprites/Run E
  artifactKey: Guid(df2ef2c84b8484c4b86188ccb52896eb) Importer(2089858483,192608db42251d675da83286b1cce702)
Start importing Assets/techdemo-Assets/Tilemap/IsometricZAsY/Characters/Witch/AnimationSprites/Run E using Guid(df2ef2c84b8484c4b86188ccb52896eb) Importer(2089858483,192608db42251d675da83286b1cce702) (ScriptedImporter) -> (artifact id: 'df30b65744fb819bf0065369e631f99f') in 0.0115106 seconds
Number of updated asset objects reloaded before import = 0Number of asset objects unloaded after import = 1

========================================================================
Received Import Request.
  Time since last request: 0.000032 seconds.
  path: Assets/techdemo-Assets/Tilemap/Rule Tiles/Rule Override Tile/Sprites/Kenney.nl.txt
  artifactKey: Guid(33defc1953b72e348ade53350044520e) Importer(2089858483,192608db42251d675da83286b1cce702)
Start importing Assets/techdemo-Assets/Tilemap/Rule Tiles/Rule Override Tile/Sprites/Kenney.nl.txt using Guid(33defc1953b72e348ade53350044520e) Importer(2089858483,192608db42251d675da83286b1cce702) (ScriptedImporter) -> (artifact id: 'fb6872260baf7b18985a7c286c12d190') in 0.0212828 seconds
Number of updated asset objects reloaded before import = 0Number of asset objects unloaded after import = 1

========================================================================
Received Import Request.
  Time since last request: 0.000018 seconds.
  path: Assets/techdemo-Assets/Tilemap/Tiles/Animated Tile
  artifactKey: Guid(33e8a22612607064dbfaa9d21d1836e8) Importer(2089858483,192608db42251d675da83286b1cce702)
Start importing Assets/techdemo-Assets/Tilemap/Tiles/Animated Tile using Guid(33e8a22612607064dbfaa9d21d1836e8) Importer(2089858483,192608db42251d675da83286b1cce702) (ScriptedImporter) -> (artifact id: '1d3c97355e53b5caa4c38588725a46a2') in 0.013225 seconds
Number of updated asset objects reloaded before import = 0Number of asset objects unloaded after import = 1

========================================================================
Received Import Request.
  Time since last request: 0.000021 seconds.
  path: Assets/techdemo-Assets/Tilemap/Brushes/Random Brush/Brush Asset/Random Plant Brush.asset
  artifactKey: Guid(022cbbc8e3884e449af27a1cbdbb46a6) Importer(2089858483,192608db42251d675da83286b1cce702)
Start importing Assets/techdemo-Assets/Tilemap/Brushes/Random Brush/Brush Asset/Random Plant Brush.asset using Guid(022cbbc8e3884e449af27a1cbdbb46a6) Importer(2089858483,192608db42251d675da83286b1cce702) (ScriptedImporter) -> (artifact id: '1da24917daa0ddfa872274f676aee090') in 0.0312029 seconds
Number of updated asset objects reloaded before import = 0Number of asset objects unloaded after import = 22

Editor requested this worker to shutdown with reason: Scaling down because of idle timeout
AssetImportWorker is now disconnected from the server
Process exiting
Exiting without the bug reporter. Application will terminate with return code 0